0.708333333333333     34.52477394677945      31
0.8291666666666659     67.02829759498833      47
0.7083333333333329     67.02829759498833      31
0.6416666666666664     67.02829759498833      31
0.7333333333333328     18.29864807347971      36
0.8291666666666659     30.16620021353149      43
0.6124999999999998     18.648871144145197      30
0.6083333333333332     67.02829759498833      30
0.6666666666666664     67.02829759498833      28
0.6166666666666667     28.52987122025878      30
0.7333333333333328     16.920345244993765      38
0.7708333333333327     67.02829759498833      36
0.6166666666666666     67.02829759498833      31
0.645833333333333     67.02829759498833      31
0.8291666666666659     67.02829759498833      47
0.7999999999999993     24.465619829022245      41
0.7541666666666661     16.920345244993765      38
0.7208333333333328     18.648871144145197      40
0.7833333333333327     67.02829759498833      30
0.7124999999999996     18.648871144145197      38
0.6624999999999996     67.02829759498833      31
