0.8208333333333326     26.215630645021417      45
0.7333333333333328     30.16620021353149      38
0.7333333333333328     30.16620021353149      38
0.7333333333333328     30.16620021353149      38
0.7958333333333326     28.52987122025878      42
0.7624999999999994     20.39175167657723      46
0.7583333333333327     31.04791203387665      39
0.7041666666666663     34.52477394677945      37
0.7083333333333329     24.465619829022245      40
0.7624999999999995     31.04791203387665      38
0.766666666666666     20.37078512929095      41
0.766666666666666     20.37078512929095      41
0.766666666666666     20.37078512929095      41
0.766666666666666     20.37078512929095      41
0.766666666666666     20.37078512929095      41
0.766666666666666     20.37078512929095      41
0.766666666666666     20.37078512929095      41
0.766666666666666     20.37078512929095      41
0.766666666666666     20.37078512929095      41
0.766666666666666     20.37078512929095      41
0.766666666666666     20.37078512929095      41
0.766666666666666     20.37078512929095      41
0.766666666666666     20.37078512929095      41
0.766666666666666     20.37078512929095      41
0.766666666666666     20.37078512929095      41
0.766666666666666     20.37078512929095      41
0.766666666666666     20.37078512929095      41
0.766666666666666     20.37078512929095      41
0.7874999999999994     67.02829759498833      36
0.7583333333333327     18.29864807347971      44
0.7583333333333327     18.29864807347971      44
0.7583333333333327     18.29864807347971      44
0.7583333333333327     18.29864807347971      44
0.7583333333333327     18.29864807347971      44
0.7583333333333327     18.29864807347971      44
0.7583333333333327     18.29864807347971      44
0.7583333333333327     18.29864807347971      44
0.7583333333333327     18.29864807347971      44
0.7583333333333327     18.29864807347971      44
0.7583333333333327     18.29864807347971      44
0.7583333333333327     18.29864807347971      44
0.7583333333333327     18.29864807347971      44
0.7583333333333327     18.29864807347971      44
0.7583333333333327     18.29864807347971      44
0.7583333333333327     18.29864807347971      44
0.8291666666666659     26.215630645021417      45
0.7583333333333327     18.29864807347971      44
0.8291666666666659     26.215630645021417      45
0.7583333333333327     18.29864807347971      44
0.7583333333333327     18.29864807347971      44
0.8291666666666659     26.215630645021417      45
0.7583333333333327     18.29864807347971      44
0.8291666666666659     26.215630645021417      45
0.7583333333333327     18.29864807347971      44
0.7583333333333327     18.29864807347971      44
0.7583333333333327     18.29864807347971      44
0.8291666666666659     26.215630645021417      45
0.8291666666666659     26.215630645021417      45
0.7583333333333327     18.29864807347971      44
0.8291666666666659     26.215630645021417      45
0.7583333333333327     18.29864807347971      44
0.7583333333333327     18.29864807347971      44
0.7291666666666662     34.52477394677945      36
0.7291666666666662     34.52477394677945      36
0.7583333333333327     18.29864807347971      44
0.7583333333333327     18.29864807347971      44
0.7583333333333327     18.29864807347971      44
0.7041666666666662     67.02829759498833      35
0.7041666666666662     67.02829759498833      35
0.7041666666666662     67.02829759498833      35
0.7041666666666662     67.02829759498833      35
0.7041666666666662     67.02829759498833      35
0.7041666666666662     67.02829759498833      35
0.7041666666666662     67.02829759498833      35
0.7041666666666662     67.02829759498833      35
0.7041666666666662     67.02829759498833      35
0.7041666666666662     67.02829759498833      35
0.7041666666666662     67.02829759498833      35
0.7041666666666662     67.02829759498833      35
0.7041666666666662     67.02829759498833      35
0.7041666666666662     67.02829759498833      35
0.7041666666666662     67.02829759498833      35
0.7041666666666662     67.02829759498833      35
0.7041666666666662     67.02829759498833      35
0.7041666666666662     67.02829759498833      35
0.7041666666666662     67.02829759498833      35
0.7041666666666662     67.02829759498833      35
0.7041666666666662     67.02829759498833      35
0.7041666666666662     67.02829759498833      35
0.7041666666666662     67.02829759498833      35
0.7041666666666662     67.02829759498833      35
0.7041666666666662     67.02829759498833      35
0.7041666666666662     67.02829759498833      35
0.7041666666666662     67.02829759498833      35
0.7041666666666662     67.02829759498833      35
0.7041666666666662     67.02829759498833      35
0.7041666666666662     67.02829759498833      35
0.7041666666666662     67.02829759498833      35
0.7041666666666662     67.02829759498833      35
0.7041666666666662     67.02829759498833      35
0.7041666666666662     67.02829759498833      35
0.7041666666666662     67.02829759498833      35
0.7041666666666662     67.02829759498833      35
0.7041666666666662     67.02829759498833      35
0.7041666666666662     67.02829759498833      35
0.7041666666666662     67.02829759498833      35
0.7041666666666662     67.02829759498833      35
0.7041666666666662     67.02829759498833      35
0.7041666666666662     67.02829759498833      35
0.7041666666666662     67.02829759498833      35
0.7041666666666662     67.02829759498833      35
0.7041666666666662     67.02829759498833      35
0.7041666666666662     67.02829759498833      35
0.7041666666666662     67.02829759498833      35
0.7041666666666662     67.02829759498833      35
0.7041666666666662     67.02829759498833      35
0.7041666666666662     67.02829759498833      35
0.7958333333333327     67.02829759498833      37
0.7041666666666662     67.02829759498833      35
0.7041666666666662     67.02829759498833      35
0.7041666666666662     67.02829759498833      35
0.683333333333333     26.215630645021417      36
0.683333333333333     26.215630645021417      36
0.683333333333333     26.215630645021417      36
0.7041666666666662     67.02829759498833      35
0.683333333333333     26.215630645021417      36
0.683333333333333     26.215630645021417      36
0.683333333333333     26.215630645021417      36
0.683333333333333     26.215630645021417      36
0.683333333333333     26.215630645021417      36
0.683333333333333     26.215630645021417      36
0.683333333333333     26.215630645021417      36
0.683333333333333     26.215630645021417      36
0.683333333333333     26.215630645021417      36
0.7041666666666662     67.02829759498833      35
0.7041666666666662     67.02829759498833      35
0.7041666666666662     67.02829759498833      35
0.7041666666666662     67.02829759498833      35
0.7041666666666662     67.02829759498833      35
0.7041666666666662     67.02829759498833      35
0.7041666666666662     67.02829759498833      35
0.7041666666666662     67.02829759498833      35
0.7041666666666662     67.02829759498833      35
0.7041666666666662     67.02829759498833      35
0.8291666666666659     26.215630645021417      44
0.7041666666666662     67.02829759498833      35
0.7041666666666662     67.02829759498833      35
0.7041666666666662     67.02829759498833      35
0.7041666666666662     67.02829759498833      35
0.8291666666666659     26.215630645021417      44
0.7583333333333327     18.29864807347971      44
0.7583333333333327     18.29864807347971      44
0.708333333333333     67.02829759498833      35
0.708333333333333     67.02829759498833      35
0.708333333333333     67.02829759498833      35
0.708333333333333     67.02829759498833      35
0.708333333333333     67.02829759498833      35
0.708333333333333     67.02829759498833      35
0.708333333333333     67.02829759498833      35
0.7583333333333327     18.29864807347971      44
0.7583333333333327     18.29864807347971      44
0.7583333333333327     18.29864807347971      44
0.7583333333333327     18.29864807347971      44
0.7583333333333327     18.29864807347971      44
0.708333333333333     67.02829759498833      35
0.708333333333333     67.02829759498833      35
0.708333333333333     67.02829759498833      35
0.708333333333333     67.02829759498833      35
0.708333333333333     67.02829759498833      35
0.708333333333333     67.02829759498833      35
0.708333333333333     67.02829759498833      35
0.708333333333333     67.02829759498833      35
0.7583333333333327     18.29864807347971      44
0.7583333333333327     18.29864807347971      44
0.7583333333333327     18.29864807347971      44
0.7583333333333327     18.29864807347971      44
0.7583333333333327     18.29864807347971      44
0.7583333333333327     18.29864807347971      44
0.7583333333333327     18.29864807347971      44
0.708333333333333     67.02829759498833      35
0.708333333333333     67.02829759498833      35
0.708333333333333     67.02829759498833      35
0.708333333333333     67.02829759498833      35
0.708333333333333     67.02829759498833      35
0.708333333333333     67.02829759498833      35
0.708333333333333     67.02829759498833      35
0.708333333333333     67.02829759498833      35
0.708333333333333     67.02829759498833      35
0.708333333333333     67.02829759498833      35
0.8291666666666659     26.215630645021417      43
0.8291666666666659     26.215630645021417      43
0.8291666666666659     26.215630645021417      43
0.8291666666666659     26.215630645021417      43
0.8291666666666659     26.215630645021417      43
0.8291666666666659     26.215630645021417      43
0.8291666666666659     26.215630645021417      43
0.8291666666666659     26.215630645021417      43
0.8291666666666659     26.215630645021417      43
0.8291666666666659     26.215630645021417      43
0.8291666666666659     26.215630645021417      43
