0.779166666666666     31.04791203387665      43
0.7499999999999994     67.02829759498833      39
0.7958333333333326     28.52987122025878      42
0.791666666666666     26.215630645021417      41
0.8249999999999992     34.52477394677945      46
0.8249999999999992     34.52477394677945      46
0.8249999999999992     34.52477394677945      46
0.8249999999999992     34.52477394677945      46
0.8249999999999992     34.52477394677945      46
0.8249999999999992     34.52477394677945      46
0.7208333333333329     23.657062888359242      37
0.7208333333333329     23.657062888359242      37
0.6666666666666664     67.02829759498833      36
0.8249999999999993     67.02829759498833      44
0.7624999999999994     20.39175167657723      43
0.7624999999999994     20.39175167657723      43
0.6666666666666664     67.02829759498833      36
0.6666666666666664     67.02829759498833      36
0.6666666666666664     67.02829759498833      36
0.779166666666666     20.37078512929095      44
0.779166666666666     20.37078512929095      44
0.779166666666666     20.37078512929095      44
0.779166666666666     20.37078512929095      44
0.779166666666666     20.37078512929095      44
0.779166666666666     20.37078512929095      44
0.6666666666666664     67.02829759498833      36
0.6666666666666664     67.02829759498833      36
0.6666666666666664     67.02829759498833      36
0.6666666666666664     67.02829759498833      36
0.6666666666666664     67.02829759498833      36
0.7416666666666661     19.452447078982416      41
0.7416666666666661     19.452447078982416      41
0.7416666666666661     19.452447078982416      41
0.7416666666666661     19.452447078982416      41
0.7416666666666661     19.452447078982416      41
0.7416666666666661     19.452447078982416      41
0.7416666666666661     19.452447078982416      41
0.7416666666666661     19.452447078982416      41
0.7416666666666661     19.452447078982416      41
0.7416666666666661     19.452447078982416      41
0.7416666666666661     19.452447078982416      41
0.7416666666666661     19.452447078982416      41
0.7416666666666661     19.452447078982416      41
0.7416666666666661     19.452447078982416      41
0.7416666666666661     19.452447078982416      41
0.7416666666666661     19.452447078982416      41
0.7416666666666661     19.452447078982416      41
0.7416666666666661     19.452447078982416      41
0.7416666666666661     19.452447078982416      41
0.7416666666666661     19.452447078982416      41
0.7416666666666661     19.452447078982416      41
0.766666666666666     34.52477394677945      36
0.7416666666666661     19.452447078982416      41
0.766666666666666     34.52477394677945      36
0.766666666666666     34.52477394677945      36
0.7458333333333328     19.452447078982416      39
0.7458333333333328     19.452447078982416      39
0.7458333333333328     19.452447078982416      39
0.7458333333333328     19.452447078982416      39
0.766666666666666     34.52477394677945      36
0.7458333333333328     19.452447078982416      39
0.7458333333333328     19.452447078982416      39
0.7458333333333328     19.452447078982416      39
0.7458333333333328     19.452447078982416      39
0.7458333333333328     19.452447078982416      39
0.766666666666666     34.52477394677945      36
0.7458333333333328     19.452447078982416      39
0.766666666666666     34.52477394677945      36
0.766666666666666     34.52477394677945      36
0.766666666666666     34.52477394677945      36
0.7458333333333328     19.452447078982416      39
0.7458333333333328     19.452447078982416      39
0.7458333333333328     19.452447078982416      39
0.7458333333333328     19.452447078982416      39
0.7458333333333328     19.452447078982416      39
0.7458333333333328     19.452447078982416      39
0.766666666666666     34.52477394677945      36
0.7458333333333328     19.452447078982416      39
0.7458333333333328     19.452447078982416      39
0.7458333333333328     19.452447078982416      39
0.766666666666666     34.52477394677945      36
0.7458333333333328     19.452447078982416      39
0.7458333333333328     19.452447078982416      39
0.7458333333333328     19.452447078982416      39
0.766666666666666     34.52477394677945      36
0.7458333333333328     19.452447078982416      39
0.7458333333333328     19.452447078982416      39
0.7458333333333328     19.452447078982416      39
0.7458333333333328     19.452447078982416      39
0.7458333333333328     19.452447078982416      39
0.7458333333333328     19.452447078982416      39
0.7458333333333328     19.452447078982416      39
0.7458333333333328     19.452447078982416      39
0.7458333333333328     19.452447078982416      39
0.766666666666666     34.52477394677945      36
0.766666666666666     34.52477394677945      36
0.766666666666666     34.52477394677945      36
0.7458333333333328     19.452447078982416      39
0.766666666666666     34.52477394677945      36
0.766666666666666     34.52477394677945      36
0.7458333333333328     19.452447078982416      39
0.7458333333333328     19.452447078982416      39
0.7458333333333328     19.452447078982416      39
0.7458333333333328     19.452447078982416      39
0.7458333333333328     19.452447078982416      39
0.7458333333333328     19.452447078982416      39
0.7458333333333328     19.452447078982416      39
0.7458333333333328     19.452447078982416      39
0.7458333333333328     19.452447078982416      39
0.7458333333333328     19.452447078982416      39
0.7458333333333328     19.452447078982416      39
0.7458333333333328     19.452447078982416      39
0.7458333333333328     19.452447078982416      39
0.7458333333333328     19.452447078982416      39
0.7458333333333328     19.452447078982416      39
0.766666666666666     34.52477394677945      36
0.7458333333333328     19.452447078982416      39
0.7458333333333328     19.452447078982416      39
0.7458333333333328     19.452447078982416      39
0.7458333333333328     19.452447078982416      39
0.7458333333333328     19.452447078982416      39
0.7583333333333327     34.52477394677945      33
0.7458333333333328     19.452447078982416      39
0.7583333333333327     34.52477394677945      33
0.7583333333333327     34.52477394677945      33
0.7458333333333328     19.452447078982416      39
0.7458333333333328     19.452447078982416      39
0.7583333333333327     34.52477394677945      33
0.7583333333333327     34.52477394677945      33
0.7458333333333328     19.452447078982416      39
0.7458333333333328     19.452447078982416      39
0.7208333333333329     20.37078512929095      37
0.8208333333333326     19.070072839672633      39
0.7583333333333327     34.52477394677945      33
0.7583333333333327     34.52477394677945      33
0.7583333333333327     34.52477394677945      33
0.7583333333333327     34.52477394677945      33
0.8208333333333326     19.070072839672633      39
0.7583333333333327     34.52477394677945      33
0.7583333333333327     34.52477394677945      33
0.8208333333333326     19.070072839672633      39
0.7583333333333327     34.52477394677945      33
0.7583333333333327     34.52477394677945      33
0.7583333333333327     34.52477394677945      33
0.8208333333333326     19.070072839672633      39
0.7583333333333327     34.52477394677945      33
0.7583333333333327     34.52477394677945      33
0.7583333333333327     34.52477394677945      33
0.7583333333333327     34.52477394677945      33
0.7583333333333327     34.52477394677945      33
0.8208333333333326     19.070072839672633      39
0.7583333333333327     34.52477394677945      33
0.8208333333333326     19.070072839672633      39
0.7583333333333327     34.52477394677945      33
0.7583333333333327     34.52477394677945      33
0.7583333333333327     34.52477394677945      33
0.8208333333333326     19.070072839672633      39
0.8208333333333326     19.070072839672633      39
0.7583333333333327     34.52477394677945      33
0.7583333333333327     34.52477394677945      33
0.7583333333333327     34.52477394677945      33
0.7583333333333327     34.52477394677945      33
0.7583333333333327     34.52477394677945      33
0.7583333333333327     34.52477394677945      33
0.7583333333333327     34.52477394677945      33
0.7583333333333327     34.52477394677945      33
0.7583333333333327     34.52477394677945      33
0.8208333333333326     19.070072839672633      39
0.7583333333333327     34.52477394677945      33
0.7583333333333327     34.52477394677945      33
0.8208333333333326     19.070072839672633      39
0.7583333333333327     34.52477394677945      33
0.7583333333333327     34.52477394677945      33
0.7583333333333327     34.52477394677945      33
0.7583333333333327     34.52477394677945      33
0.7583333333333327     34.52477394677945      33
0.7583333333333327     34.52477394677945      33
0.7583333333333327     34.52477394677945      33
0.7583333333333327     34.52477394677945      33
0.8208333333333326     19.070072839672633      39
0.7583333333333327     34.52477394677945      33
0.7583333333333327     34.52477394677945      33
0.8208333333333326     19.070072839672633      39
0.7583333333333327     34.52477394677945      33
0.7583333333333327     34.52477394677945      33
0.8208333333333326     19.070072839672633      39
0.7583333333333327     34.52477394677945      33
0.7583333333333327     34.52477394677945      33
0.7583333333333327     34.52477394677945      33
0.7583333333333327     34.52477394677945      33
0.7583333333333327     34.52477394677945      33
0.7583333333333327     34.52477394677945      33
0.8208333333333326     19.070072839672633      39
0.7583333333333327     34.52477394677945      33
0.7583333333333327     34.52477394677945      33
0.8208333333333326     19.070072839672633      39
0.7583333333333327     34.52477394677945      33
0.7583333333333327     34.52477394677945      33
0.8208333333333326     19.070072839672633      39
0.7583333333333327     34.52477394677945      33
