0.8208333333333326     26.215630645021417      45
0.8249999999999992     26.215630645021417      45
0.7999999999999994     34.52477394677945      40
0.7749999999999994     20.37078512929095      41
0.7749999999999994     20.37078512929095      41
0.8291666666666659     34.52477394677945      46
0.7208333333333329     19.452447078982416      42
0.7208333333333329     19.452447078982416      42
0.7208333333333329     19.452447078982416      42
0.7208333333333329     19.452447078982416      42
0.695833333333333     31.04791203387665      37
0.7208333333333329     19.452447078982416      42
0.7208333333333329     19.452447078982416      42
0.7208333333333329     19.452447078982416      42
0.7208333333333329     19.452447078982416      42
0.695833333333333     31.04791203387665      37
0.7124999999999996     19.070072839672633      43
0.7124999999999996     19.070072839672633      43
0.695833333333333     31.04791203387665      37
0.7124999999999995     18.648871144145197      40
0.7124999999999995     18.648871144145197      40
0.7124999999999995     18.648871144145197      40
0.695833333333333     31.04791203387665      37
0.7124999999999995     18.648871144145197      40
0.7124999999999995     18.648871144145197      40
0.7124999999999995     18.648871144145197      40
0.7124999999999995     18.648871144145197      40
0.7124999999999995     18.648871144145197      40
0.7124999999999995     18.648871144145197      40
0.7124999999999995     18.648871144145197      40
0.7124999999999995     18.648871144145197      40
0.7124999999999995     18.648871144145197      40
0.7124999999999995     18.648871144145197      40
0.7124999999999995     18.648871144145197      40
0.7124999999999995     18.648871144145197      40
0.7124999999999995     18.648871144145197      40
0.7124999999999995     18.648871144145197      40
0.7124999999999995     18.648871144145197      40
0.7124999999999995     18.648871144145197      40
0.7124999999999995     18.648871144145197      40
0.7124999999999995     18.648871144145197      40
0.7124999999999995     18.648871144145197      40
0.7124999999999995     18.648871144145197      40
0.7124999999999995     18.648871144145197      40
0.7124999999999995     18.648871144145197      40
0.7124999999999995     18.648871144145197      40
0.7124999999999995     18.648871144145197      40
0.7124999999999995     18.648871144145197      40
0.7124999999999995     18.648871144145197      40
0.7124999999999995     18.648871144145197      40
0.7124999999999995     18.648871144145197      40
0.7124999999999995     18.648871144145197      40
0.7124999999999995     18.648871144145197      40
0.7124999999999995     18.648871144145197      40
0.7124999999999995     18.648871144145197      40
0.7124999999999995     18.648871144145197      40
0.7124999999999995     18.648871144145197      40
0.7124999999999995     18.648871144145197      40
0.7124999999999995     18.648871144145197      40
0.7124999999999995     18.648871144145197      40
0.7124999999999995     18.648871144145197      40
0.7124999999999995     18.648871144145197      40
0.7124999999999995     18.648871144145197      40
0.7124999999999995     18.648871144145197      40
0.7124999999999995     18.648871144145197      40
0.7124999999999995     18.648871144145197      40
0.7124999999999995     18.648871144145197      40
0.7124999999999995     18.648871144145197      40
0.7124999999999995     18.648871144145197      40
0.7416666666666661     34.52477394677945      35
0.7541666666666661     16.920345244993765      41
0.7541666666666661     16.920345244993765      41
0.7541666666666661     16.920345244993765      41
0.7541666666666661     16.920345244993765      41
0.7541666666666661     16.920345244993765      41
0.7541666666666661     16.920345244993765      41
0.7541666666666661     16.920345244993765      41
0.7541666666666661     16.920345244993765      41
0.7541666666666661     16.920345244993765      41
0.7541666666666661     16.920345244993765      41
0.7541666666666661     16.920345244993765      41
0.7541666666666661     16.920345244993765      41
0.7416666666666661     34.52477394677945      35
0.7416666666666661     34.52477394677945      35
0.7416666666666661     34.52477394677945      35
0.7416666666666661     34.52477394677945      35
0.7416666666666661     34.52477394677945      35
0.7541666666666661     16.920345244993765      41
0.7416666666666661     34.52477394677945      35
0.7541666666666661     16.920345244993765      41
0.7541666666666661     16.920345244993765      41
0.7541666666666661     16.920345244993765      41
0.7541666666666661     16.920345244993765      41
0.7416666666666661     34.52477394677945      35
0.7541666666666661     16.920345244993765      41
0.7541666666666661     16.920345244993765      41
0.7416666666666661     34.52477394677945      35
0.7541666666666661     16.920345244993765      41
0.7541666666666661     16.920345244993765      41
0.7541666666666661     16.920345244993765      41
0.7541666666666661     16.920345244993765      41
0.7541666666666661     16.920345244993765      41
0.7416666666666661     34.52477394677945      35
0.7416666666666661     34.52477394677945      35
0.7541666666666661     16.920345244993765      41
0.7416666666666661     34.52477394677945      35
0.7416666666666661     34.52477394677945      35
0.7541666666666661     16.920345244993765      41
0.7416666666666661     34.52477394677945      35
0.7416666666666661     34.52477394677945      35
0.7541666666666661     16.920345244993765      41
0.7541666666666661     16.920345244993765      41
0.7541666666666661     16.920345244993765      41
0.7541666666666661     16.920345244993765      41
0.7416666666666661     34.52477394677945      35
0.7541666666666661     16.920345244993765      41
0.7416666666666661     34.52477394677945      35
0.7541666666666661     16.920345244993765      41
0.7416666666666661     34.52477394677945      35
0.7541666666666661     16.920345244993765      41
0.7541666666666661     16.920345244993765      41
0.7416666666666661     34.52477394677945      35
0.7541666666666661     16.920345244993765      41
0.7416666666666661     34.52477394677945      35
0.7416666666666661     34.52477394677945      35
0.7541666666666661     16.920345244993765      41
0.7541666666666661     16.920345244993765      41
0.7541666666666661     16.920345244993765      41
0.7541666666666661     16.920345244993765      41
0.7541666666666661     16.920345244993765      41
0.7541666666666661     16.920345244993765      41
0.7541666666666661     16.920345244993765      41
0.7416666666666661     34.52477394677945      35
0.7541666666666661     16.920345244993765      41
0.7541666666666661     16.920345244993765      41
0.7541666666666661     16.920345244993765      41
0.7541666666666661     16.920345244993765      41
0.7541666666666661     16.920345244993765      41
0.7541666666666661     16.920345244993765      41
0.7541666666666661     16.920345244993765      41
0.7541666666666661     16.920345244993765      41
0.7541666666666661     16.920345244993765      41
0.7541666666666661     16.920345244993765      41
0.7541666666666661     16.920345244993765      41
0.7541666666666661     16.920345244993765      41
0.7541666666666661     16.920345244993765      41
0.7541666666666661     16.920345244993765      41
0.7541666666666661     16.920345244993765      41
0.7416666666666661     34.52477394677945      35
0.7541666666666661     16.920345244993765      41
0.7541666666666661     16.920345244993765      41
0.7541666666666661     16.920345244993765      41
0.7541666666666661     16.920345244993765      41
0.7541666666666661     16.920345244993765      41
0.7541666666666661     16.920345244993765      41
0.7541666666666661     16.920345244993765      41
0.7541666666666661     16.920345244993765      41
0.7541666666666661     16.920345244993765      41
0.7541666666666661     16.920345244993765      41
0.7541666666666661     16.920345244993765      41
0.7541666666666661     16.920345244993765      41
0.7541666666666661     16.920345244993765      41
0.7541666666666661     16.920345244993765      41
0.7541666666666661     16.920345244993765      41
0.7541666666666661     16.920345244993765      41
0.7416666666666661     34.52477394677945      35
0.7416666666666661     34.52477394677945      35
0.7541666666666661     16.920345244993765      41
0.7541666666666661     16.920345244993765      41
0.7541666666666661     16.920345244993765      41
0.7541666666666661     16.920345244993765      41
0.7541666666666661     16.920345244993765      41
0.7416666666666661     34.52477394677945      35
0.7541666666666661     16.920345244993765      41
0.7416666666666661     34.52477394677945      35
0.7541666666666661     16.920345244993765      41
0.7541666666666661     16.920345244993765      41
0.7416666666666661     34.52477394677945      35
0.7541666666666661     16.920345244993765      41
0.7541666666666661     16.920345244993765      41
0.7541666666666661     16.920345244993765      41
0.7416666666666661     34.52477394677945      35
0.7541666666666661     16.920345244993765      41
0.7416666666666661     34.52477394677945      35
0.7541666666666661     16.920345244993765      41
0.7541666666666661     16.920345244993765      41
0.7541666666666661     16.920345244993765      41
0.7541666666666661     16.920345244993765      41
0.7541666666666661     16.920345244993765      41
0.7541666666666661     16.920345244993765      41
0.7541666666666661     16.920345244993765      41
0.7541666666666661     16.920345244993765      41
0.7416666666666661     34.52477394677945      35
0.7541666666666661     16.920345244993765      41
0.7416666666666661     34.52477394677945      35
0.7416666666666661     34.52477394677945      35
0.7541666666666661     16.920345244993765      41
0.7541666666666661     16.920345244993765      41
0.7541666666666661     16.920345244993765      41
0.7541666666666661     16.920345244993765      41
