0.8208333333333326     26.215630645021417      45
0.8249999999999993     67.02829759498833      46
0.8249999999999993     67.02829759498833      46
0.6999999999999996     20.39175167657723      41
0.6999999999999996     20.39175167657723      41
0.6999999999999996     20.39175167657723      41
0.6999999999999996     20.39175167657723      41
0.6999999999999996     20.39175167657723      41
0.7208333333333329     67.02829759498833      35
0.7208333333333329     67.02829759498833      35
0.7208333333333329     67.02829759498833      35
0.6999999999999996     20.39175167657723      41
0.7208333333333329     67.02829759498833      35
0.7208333333333329     67.02829759498833      35
0.7208333333333329     67.02829759498833      35
0.7208333333333329     67.02829759498833      35
0.7624999999999994     28.52987122025878      38
0.7208333333333329     67.02829759498833      35
0.7666666666666662     19.452447078982416      43
0.8124999999999992     23.657062888359242      41
0.6999999999999996     20.39175167657723      41
0.6999999999999996     20.39175167657723      41
0.7333333333333328     67.02829759498833      35
0.7333333333333328     67.02829759498833      35
0.7666666666666662     19.452447078982416      43
0.7333333333333328     67.02829759498833      35
0.7333333333333328     67.02829759498833      35
0.7333333333333328     67.02829759498833      35
0.7333333333333328     67.02829759498833      35
0.7333333333333328     67.02829759498833      35
0.7333333333333328     67.02829759498833      35
0.7333333333333328     67.02829759498833      35
0.7666666666666662     19.452447078982416      43
0.7333333333333328     67.02829759498833      35
0.6791666666666664     24.465619829022245      37
0.6791666666666664     24.465619829022245      37
0.6791666666666664     24.465619829022245      37
0.6791666666666664     24.465619829022245      37
0.6791666666666664     24.465619829022245      37
0.6791666666666664     24.465619829022245      37
0.7666666666666662     19.452447078982416      43
0.6791666666666664     24.465619829022245      37
0.6791666666666664     24.465619829022245      37
0.7666666666666662     19.452447078982416      43
0.6791666666666664     24.465619829022245      37
0.6791666666666664     24.465619829022245      37
0.7666666666666662     19.452447078982416      43
0.6791666666666664     24.465619829022245      37
0.6791666666666664     24.465619829022245      37
0.6791666666666664     24.465619829022245      37
0.6791666666666664     24.465619829022245      37
0.6791666666666664     24.465619829022245      37
0.6791666666666664     24.465619829022245      37
0.6791666666666664     24.465619829022245      37
0.7666666666666662     19.452447078982416      43
0.7874999999999994     30.16620021353149      39
0.7041666666666663     30.16620021353149      34
0.7041666666666663     30.16620021353149      34
0.7666666666666662     19.452447078982416      43
0.7041666666666663     30.16620021353149      34
0.7041666666666663     30.16620021353149      34
0.7291666666666662     16.920345244993765      41
0.7291666666666662     16.920345244993765      41
0.7291666666666662     16.920345244993765      41
0.7291666666666662     16.920345244993765      41
0.7291666666666662     16.920345244993765      41
0.6791666666666664     24.465619829022245      37
0.7041666666666663     30.16620021353149      34
0.7041666666666663     30.16620021353149      34
0.7291666666666662     16.920345244993765      41
0.7041666666666663     30.16620021353149      34
0.7041666666666663     30.16620021353149      34
0.7291666666666662     16.920345244993765      41
0.7041666666666663     30.16620021353149      34
0.7041666666666663     30.16620021353149      34
0.7041666666666663     30.16620021353149      34
0.7291666666666662     16.920345244993765      41
0.7291666666666662     16.920345244993765      41
0.7041666666666663     30.16620021353149      34
0.7291666666666662     16.920345244993765      41
0.7291666666666662     16.920345244993765      41
0.7291666666666662     16.920345244993765      41
0.7291666666666662     16.920345244993765      41
0.7041666666666663     30.16620021353149      34
0.7291666666666662     16.920345244993765      41
0.7291666666666662     16.920345244993765      41
0.7291666666666662     16.920345244993765      41
0.7041666666666663     30.16620021353149      34
0.7291666666666662     16.920345244993765      41
0.7041666666666663     30.16620021353149      34
0.7041666666666663     30.16620021353149      34
0.7041666666666663     30.16620021353149      34
0.7041666666666663     30.16620021353149      34
0.7291666666666662     16.920345244993765      41
0.7291666666666662     16.920345244993765      41
0.7041666666666663     30.16620021353149      34
0.7041666666666663     30.16620021353149      34
0.7041666666666663     30.16620021353149      34
0.7041666666666663     30.16620021353149      34
0.7041666666666663     30.16620021353149      34
0.7041666666666663     30.16620021353149      34
0.7291666666666662     16.920345244993765      41
0.7041666666666663     30.16620021353149      34
0.7041666666666663     30.16620021353149      34
0.7291666666666662     16.920345244993765      41
0.7291666666666662     16.920345244993765      41
0.7291666666666662     16.920345244993765      41
0.7291666666666662     16.920345244993765      41
0.7041666666666663     30.16620021353149      34
0.7041666666666663     30.16620021353149      34
0.7041666666666663     30.16620021353149      34
0.7041666666666663     30.16620021353149      34
0.7041666666666663     30.16620021353149      34
0.7041666666666663     30.16620021353149      34
0.7291666666666662     16.920345244993765      41
0.7041666666666663     30.16620021353149      34
0.7041666666666663     30.16620021353149      34
0.7291666666666662     16.920345244993765      41
0.7291666666666662     16.920345244993765      41
0.7041666666666663     30.16620021353149      34
0.7041666666666663     30.16620021353149      34
0.7291666666666662     16.920345244993765      41
0.6916666666666663     24.465619829022245      37
0.7291666666666662     16.920345244993765      41
0.7291666666666662     16.920345244993765      41
0.7291666666666662     16.920345244993765      41
0.7291666666666662     16.920345244993765      41
0.7291666666666662     16.920345244993765      41
0.7291666666666662     16.920345244993765      41
0.7291666666666662     16.920345244993765      41
0.7041666666666663     30.16620021353149      34
0.7291666666666662     16.920345244993765      41
0.7291666666666662     16.920345244993765      41
0.7291666666666662     16.920345244993765      41
0.7041666666666663     30.16620021353149      34
0.7041666666666663     30.16620021353149      34
0.7041666666666663     30.16620021353149      34
0.7291666666666662     16.920345244993765      41
0.7041666666666663     30.16620021353149      34
0.7041666666666663     30.16620021353149      34
0.7041666666666663     30.16620021353149      34
0.7041666666666663     30.16620021353149      34
0.7041666666666663     30.16620021353149      34
0.7041666666666663     30.16620021353149      34
0.7291666666666662     16.920345244993765      41
0.7291666666666662     16.920345244993765      41
0.7291666666666662     16.920345244993765      41
0.7291666666666662     16.920345244993765      41
0.7291666666666662     16.920345244993765      41
0.7291666666666662     16.920345244993765      41
0.7291666666666662     16.920345244993765      41
0.7291666666666662     16.920345244993765      41
0.7291666666666662     16.920345244993765      41
0.7291666666666662     16.920345244993765      41
0.7291666666666662     16.920345244993765      41
0.7041666666666663     30.16620021353149      34
0.7041666666666663     30.16620021353149      34
0.7291666666666662     16.920345244993765      41
0.7041666666666663     30.16620021353149      34
0.7041666666666663     30.16620021353149      34
0.7291666666666662     16.920345244993765      41
0.7291666666666662     16.920345244993765      41
0.7041666666666663     30.16620021353149      34
0.7291666666666662     16.920345244993765      41
0.7041666666666663     30.16620021353149      34
0.7291666666666662     16.920345244993765      41
0.7041666666666663     30.16620021353149      34
0.7291666666666662     16.920345244993765      41
0.7291666666666662     16.920345244993765      41
0.7291666666666662     16.920345244993765      41
0.7291666666666662     16.920345244993765      41
0.7291666666666662     16.920345244993765      41
0.7291666666666662     16.920345244993765      41
0.7291666666666662     16.920345244993765      41
0.7041666666666663     30.16620021353149      34
0.7291666666666662     16.920345244993765      41
0.7291666666666662     16.920345244993765      41
0.7041666666666663     30.16620021353149      34
0.7291666666666662     16.920345244993765      41
0.7291666666666662     16.920345244993765      41
0.7041666666666663     30.16620021353149      34
0.7291666666666662     16.920345244993765      41
0.7291666666666662     16.920345244993765      41
0.7291666666666662     16.920345244993765      41
0.7041666666666663     30.16620021353149      34
0.8291666666666659     26.215630645021417      42
0.7041666666666663     30.16620021353149      34
0.7041666666666663     30.16620021353149      34
0.7291666666666662     16.920345244993765      41
0.7291666666666662     16.920345244993765      41
0.7291666666666662     16.920345244993765      41
0.7291666666666662     16.920345244993765      41
0.7291666666666662     16.920345244993765      41
0.7291666666666662     16.920345244993765      41
0.7291666666666662     16.920345244993765      41
0.7041666666666663     30.16620021353149      34
0.7291666666666662     16.920345244993765      41
0.7291666666666662     16.920345244993765      41
0.7041666666666663     30.16620021353149      34
0.7291666666666662     16.920345244993765      41
