0.8208333333333326     26.215630645021417      45
0.8208333333333326     26.215630645021417      43
0.8124999999999992     23.657062888359242      39
0.8124999999999992     23.657062888359242      39
0.7083333333333328     26.215630645021417      34
0.7083333333333328     26.215630645021417      34
0.7083333333333328     26.215630645021417      34
0.7083333333333328     26.215630645021417      34
0.7083333333333328     26.215630645021417      34
0.7083333333333328     26.215630645021417      34
0.7083333333333328     26.215630645021417      34
0.7083333333333328     26.215630645021417      34
0.8291666666666659     67.02829759498833      47
0.7458333333333328     67.02829759498833      38
0.7083333333333328     26.215630645021417      34
0.7374999999999995     19.452447078982416      41
0.7083333333333328     26.215630645021417      34
0.7374999999999995     19.452447078982416      41
0.7374999999999995     19.452447078982416      41
0.7374999999999995     19.452447078982416      41
0.7374999999999995     19.452447078982416      41
0.7374999999999995     19.452447078982416      41
0.7374999999999995     19.452447078982416      41
0.7374999999999995     19.452447078982416      41
0.7374999999999995     19.452447078982416      41
0.7374999999999995     19.452447078982416      41
0.7083333333333328     26.215630645021417      34
0.7083333333333328     26.215630645021417      34
0.7083333333333328     26.215630645021417      34
0.7083333333333328     26.215630645021417      34
0.7374999999999995     19.452447078982416      41
0.7083333333333328     26.215630645021417      34
0.7083333333333328     26.215630645021417      34
0.7083333333333328     26.215630645021417      34
0.7374999999999995     19.452447078982416      41
0.7374999999999995     19.452447078982416      41
0.7083333333333328     26.215630645021417      34
0.7083333333333328     26.215630645021417      34
0.7083333333333328     26.215630645021417      34
0.7083333333333328     26.215630645021417      34
0.7083333333333328     26.215630645021417      34
0.7083333333333328     26.215630645021417      34
0.7083333333333328     26.215630645021417      34
0.7083333333333328     26.215630645021417      34
0.7083333333333328     26.215630645021417      34
0.7083333333333328     26.215630645021417      34
0.7374999999999995     19.452447078982416      41
0.7083333333333328     26.215630645021417      34
0.7374999999999995     19.452447078982416      41
0.7083333333333328     26.215630645021417      34
0.7083333333333328     26.215630645021417      34
0.7083333333333328     26.215630645021417      34
0.7083333333333328     26.215630645021417      34
0.7083333333333328     26.215630645021417      34
0.7083333333333328     26.215630645021417      34
0.7374999999999995     19.452447078982416      41
0.7374999999999995     19.452447078982416      41
0.7374999999999995     19.452447078982416      41
0.7374999999999995     19.452447078982416      41
0.7374999999999995     19.452447078982416      41
0.7083333333333328     26.215630645021417      34
0.7374999999999995     19.452447078982416      41
0.7374999999999995     19.452447078982416      41
0.7374999999999995     19.452447078982416      41
0.7083333333333328     26.215630645021417      34
0.7374999999999995     19.452447078982416      41
0.7374999999999995     19.452447078982416      41
0.7374999999999995     19.452447078982416      41
0.7083333333333328     26.215630645021417      34
0.7374999999999995     19.452447078982416      41
0.7083333333333328     26.215630645021417      34
0.7083333333333328     26.215630645021417      34
0.7374999999999995     19.452447078982416      41
0.7083333333333328     26.215630645021417      34
0.7083333333333328     26.215630645021417      34
0.7083333333333328     26.215630645021417      34
0.7083333333333328     26.215630645021417      34
0.7083333333333328     26.215630645021417      34
0.7083333333333328     26.215630645021417      34
0.7083333333333328     26.215630645021417      34
0.7708333333333328     19.452447078982416      41
0.7708333333333328     19.452447078982416      41
0.7083333333333328     26.215630645021417      34
0.7083333333333328     26.215630645021417      34
0.7083333333333328     26.215630645021417      34
0.7083333333333328     26.215630645021417      34
0.7083333333333328     26.215630645021417      34
0.7083333333333328     26.215630645021417      34
0.7708333333333328     19.452447078982416      41
0.7708333333333328     19.452447078982416      41
0.7249999999999995     34.52477394677945      33
0.7249999999999995     34.52477394677945      33
0.7249999999999995     34.52477394677945      33
0.7249999999999995     34.52477394677945      33
0.7249999999999995     34.52477394677945      33
0.7708333333333328     19.452447078982416      41
0.7249999999999995     34.52477394677945      33
0.7249999999999995     34.52477394677945      33
0.7249999999999995     34.52477394677945      33
0.7458333333333327     19.070072839672633      40
0.7458333333333327     19.070072839672633      40
0.7458333333333327     19.070072839672633      40
0.7458333333333327     19.070072839672633      40
0.7458333333333327     19.070072839672633      40
0.7458333333333327     19.070072839672633      40
0.7458333333333327     19.070072839672633      40
0.7458333333333327     19.070072839672633      40
0.7458333333333327     19.070072839672633      40
0.7458333333333327     19.070072839672633      40
0.7458333333333327     19.070072839672633      40
0.7458333333333327     19.070072839672633      40
0.7458333333333327     19.070072839672633      40
0.7458333333333327     19.070072839672633      40
0.7458333333333327     19.070072839672633      40
0.7249999999999995     34.52477394677945      33
0.7249999999999995     34.52477394677945      33
0.7249999999999995     34.52477394677945      33
0.7458333333333327     19.070072839672633      40
0.7249999999999995     34.52477394677945      33
0.7458333333333327     19.070072839672633      40
0.7249999999999995     34.52477394677945      33
0.7249999999999995     34.52477394677945      33
0.7458333333333327     19.070072839672633      40
0.7458333333333327     19.070072839672633      40
0.7249999999999995     34.52477394677945      33
0.7458333333333327     19.070072839672633      40
0.7249999999999995     34.52477394677945      33
0.7249999999999995     34.52477394677945      33
0.7249999999999995     34.52477394677945      33
0.7249999999999995     34.52477394677945      33
0.7458333333333327     19.070072839672633      40
0.7458333333333327     19.070072839672633      40
0.7249999999999995     34.52477394677945      33
0.7249999999999995     34.52477394677945      33
0.7249999999999995     34.52477394677945      33
0.7249999999999995     34.52477394677945      33
0.7249999999999995     34.52477394677945      33
0.7458333333333327     19.070072839672633      40
0.7458333333333327     19.070072839672633      40
0.7249999999999995     34.52477394677945      33
0.7458333333333327     19.070072839672633      40
0.7458333333333327     19.070072839672633      40
0.7249999999999995     34.52477394677945      33
0.7458333333333327     19.070072839672633      40
0.7458333333333327     19.070072839672633      40
0.7458333333333327     19.070072839672633      40
0.7458333333333327     19.070072839672633      40
0.7458333333333327     19.070072839672633      40
0.7458333333333327     19.070072839672633      40
0.7458333333333327     19.070072839672633      40
0.7458333333333327     19.070072839672633      40
0.7458333333333327     19.070072839672633      40
0.7458333333333327     19.070072839672633      40
0.7458333333333327     19.070072839672633      40
0.7249999999999995     34.52477394677945      33
0.7249999999999995     34.52477394677945      33
0.7458333333333327     19.070072839672633      40
0.7458333333333327     19.070072839672633      40
0.7458333333333327     19.070072839672633      40
0.7458333333333327     19.070072839672633      40
0.7458333333333327     19.070072839672633      40
0.7458333333333327     19.070072839672633      40
0.7458333333333327     19.070072839672633      40
0.7458333333333327     19.070072839672633      40
0.7458333333333327     19.070072839672633      40
0.7458333333333327     19.070072839672633      40
0.7249999999999995     34.52477394677945      33
0.7458333333333327     19.070072839672633      40
0.7458333333333327     19.070072839672633      40
0.7458333333333327     19.070072839672633      40
0.7458333333333327     19.070072839672633      40
0.7458333333333327     19.070072839672633      40
0.7458333333333327     19.070072839672633      40
0.7249999999999995     34.52477394677945      33
0.7458333333333327     19.070072839672633      40
0.7458333333333327     19.070072839672633      40
0.7458333333333327     19.070072839672633      40
0.7249999999999995     34.52477394677945      33
0.7458333333333327     19.070072839672633      40
0.7458333333333327     19.070072839672633      40
0.7458333333333327     19.070072839672633      40
0.7458333333333327     19.070072839672633      40
0.7249999999999995     34.52477394677945      33
0.7458333333333327     19.070072839672633      40
0.7458333333333327     19.070072839672633      40
0.7249999999999995     34.52477394677945      33
0.7458333333333327     19.070072839672633      40
0.7458333333333327     19.070072839672633      40
0.7458333333333327     19.070072839672633      40
0.7458333333333327     19.070072839672633      40
0.7458333333333327     19.070072839672633      40
0.7249999999999995     34.52477394677945      33
0.7458333333333327     19.070072839672633      40
0.7458333333333327     19.070072839672633      40
0.7458333333333327     19.070072839672633      40
0.7458333333333327     19.070072839672633      40
0.7249999999999995     34.52477394677945      33
0.7249999999999995     34.52477394677945      33
0.7458333333333327     19.070072839672633      40
0.7249999999999995     34.52477394677945      33
