0.8208333333333326     26.215630645021417      45
0.8249999999999993     34.52477394677945      46
0.7166666666666662     23.657062888359242      38
0.7249999999999995     19.452447078982416      43
0.7249999999999995     19.452447078982416      43
0.7249999999999995     19.452447078982416      43
0.7249999999999995     19.452447078982416      43
0.7249999999999995     19.452447078982416      43
0.7249999999999995     19.452447078982416      43
0.7249999999999995     19.452447078982416      43
0.7249999999999995     19.452447078982416      43
0.7291666666666661     30.16620021353149      36
0.8041666666666659     67.02829759498833      38
0.7291666666666661     30.16620021353149      36
0.7041666666666663     26.215630645021417      35
0.7041666666666663     26.215630645021417      35
0.7249999999999995     19.452447078982416      43
0.7041666666666663     26.215630645021417      35
0.7041666666666663     26.215630645021417      35
0.7249999999999995     19.452447078982416      43
0.7041666666666663     26.215630645021417      35
0.7249999999999995     19.452447078982416      43
0.7249999999999995     19.452447078982416      43
0.7249999999999995     19.452447078982416      43
0.7249999999999995     19.452447078982416      43
0.7249999999999995     19.452447078982416      43
0.7249999999999995     19.452447078982416      43
0.7041666666666663     26.215630645021417      35
0.7041666666666663     26.215630645021417      35
0.7041666666666663     26.215630645021417      35
0.7249999999999995     19.452447078982416      43
0.7249999999999995     19.452447078982416      43
0.7249999999999995     19.452447078982416      43
0.7249999999999995     19.452447078982416      43
0.7041666666666663     26.215630645021417      35
0.7249999999999995     19.452447078982416      43
0.7249999999999995     19.452447078982416      43
0.7249999999999995     19.452447078982416      43
0.7249999999999995     19.452447078982416      43
0.7249999999999995     19.452447078982416      43
0.7041666666666663     26.215630645021417      35
0.7249999999999995     19.452447078982416      43
0.7249999999999995     19.452447078982416      43
0.6833333333333329     67.02829759498833      33
0.6833333333333329     67.02829759498833      33
0.6833333333333329     67.02829759498833      33
0.6833333333333329     67.02829759498833      33
0.6833333333333329     67.02829759498833      33
0.7249999999999995     19.452447078982416      43
0.7249999999999995     19.452447078982416      43
0.7249999999999995     19.452447078982416      43
0.7249999999999995     19.452447078982416      43
0.7249999999999995     19.452447078982416      43
0.7249999999999995     19.452447078982416      43
0.7249999999999995     19.452447078982416      43
0.8291666666666659     26.215630645021417      46
0.8291666666666659     26.215630645021417      46
0.6833333333333329     67.02829759498833      33
0.7666666666666662     18.29864807347971      40
0.6833333333333329     67.02829759498833      33
0.7666666666666662     18.29864807347971      40
0.6833333333333329     67.02829759498833      33
0.7666666666666662     18.29864807347971      40
0.7666666666666662     18.29864807347971      40
0.7666666666666662     18.29864807347971      40
0.7666666666666662     18.29864807347971      40
0.6833333333333329     67.02829759498833      33
0.6833333333333329     67.02829759498833      33
0.6833333333333329     67.02829759498833      33
0.6833333333333329     67.02829759498833      33
0.7666666666666662     18.29864807347971      40
0.6833333333333329     67.02829759498833      33
0.6833333333333329     67.02829759498833      33
0.6833333333333329     67.02829759498833      33
0.6833333333333329     67.02829759498833      33
0.6833333333333329     67.02829759498833      33
0.6833333333333329     67.02829759498833      33
0.6833333333333329     67.02829759498833      33
0.6833333333333329     67.02829759498833      33
0.6833333333333329     67.02829759498833      33
0.6833333333333329     67.02829759498833      33
0.6833333333333329     67.02829759498833      33
0.6833333333333329     67.02829759498833      33
0.6833333333333329     67.02829759498833      33
0.6833333333333329     67.02829759498833      33
0.6833333333333329     67.02829759498833      33
0.6833333333333329     67.02829759498833      33
0.6833333333333329     67.02829759498833      33
0.6833333333333329     67.02829759498833      33
0.6833333333333329     67.02829759498833      33
0.6833333333333329     67.02829759498833      33
0.6833333333333329     67.02829759498833      33
0.6833333333333329     67.02829759498833      33
0.8291666666666659     26.215630645021417      42
0.8291666666666659     26.215630645021417      42
0.6833333333333329     67.02829759498833      33
0.6833333333333329     67.02829759498833      33
0.8291666666666659     26.215630645021417      42
0.6833333333333329     67.02829759498833      33
0.6833333333333329     67.02829759498833      33
0.6833333333333329     67.02829759498833      33
0.6833333333333329     67.02829759498833      33
0.8291666666666659     26.215630645021417      42
0.8291666666666659     26.215630645021417      42
0.8291666666666659     26.215630645021417      42
0.8291666666666659     26.215630645021417      42
0.8291666666666659     26.215630645021417      42
0.8291666666666659     26.215630645021417      42
0.8291666666666659     26.215630645021417      42
0.8291666666666659     26.215630645021417      42
0.8291666666666659     26.215630645021417      42
0.8291666666666659     26.215630645021417      42
0.8291666666666659     26.215630645021417      42
0.8291666666666659     26.215630645021417      42
0.8291666666666659     26.215630645021417      42
0.7666666666666662     18.29864807347971      40
0.7666666666666662     18.29864807347971      40
0.7666666666666662     18.29864807347971      40
0.7666666666666662     18.29864807347971      40
0.7666666666666662     18.29864807347971      40
0.8291666666666659     26.215630645021417      42
0.7666666666666662     18.29864807347971      40
0.8291666666666659     26.215630645021417      42
0.8291666666666659     26.215630645021417      42
0.8291666666666659     26.215630645021417      42
0.8291666666666659     26.215630645021417      42
0.8291666666666659     26.215630645021417      42
0.8291666666666659     26.215630645021417      42
0.8291666666666659     26.215630645021417      42
0.8291666666666659     26.215630645021417      42
0.8291666666666659     26.215630645021417      42
0.8291666666666659     26.215630645021417      42
0.7666666666666662     18.29864807347971      40
0.8291666666666659     26.215630645021417      42
0.8291666666666659     26.215630645021417      42
0.7666666666666662     18.29864807347971      40
0.8291666666666659     26.215630645021417      42
0.8291666666666659     26.215630645021417      42
0.7666666666666662     18.29864807347971      40
0.8291666666666659     26.215630645021417      42
0.7666666666666662     18.29864807347971      40
0.8291666666666659     26.215630645021417      42
0.8291666666666659     26.215630645021417      42
0.7666666666666662     18.29864807347971      40
0.8291666666666659     26.215630645021417      42
0.8291666666666659     26.215630645021417      42
0.8291666666666659     26.215630645021417      42
0.6833333333333329     67.02829759498833      33
0.8291666666666659     26.215630645021417      42
0.8291666666666659     26.215630645021417      42
0.8291666666666659     26.215630645021417      42
0.8291666666666659     26.215630645021417      42
0.8291666666666659     26.215630645021417      42
0.8291666666666659     26.215630645021417      42
0.8291666666666659     26.215630645021417      42
0.6833333333333329     67.02829759498833      33
0.8291666666666659     26.215630645021417      42
0.8291666666666659     26.215630645021417      42
0.8291666666666659     26.215630645021417      42
0.8291666666666659     26.215630645021417      42
0.8291666666666659     26.215630645021417      42
0.8291666666666659     26.215630645021417      42
0.8291666666666659     26.215630645021417      42
0.7666666666666662     18.29864807347971      40
0.6833333333333329     67.02829759498833      33
0.8291666666666659     26.215630645021417      42
0.7666666666666662     18.29864807347971      40
0.8291666666666659     26.215630645021417      42
0.8291666666666659     26.215630645021417      42
0.8291666666666659     26.215630645021417      42
0.6833333333333329     67.02829759498833      33
0.8291666666666659     26.215630645021417      42
0.7666666666666662     18.29864807347971      40
0.6833333333333329     67.02829759498833      33
0.8291666666666659     26.215630645021417      42
0.8291666666666659     26.215630645021417      42
0.6833333333333329     67.02829759498833      33
0.7666666666666662     18.29864807347971      40
0.8291666666666659     26.215630645021417      42
0.6833333333333329     67.02829759498833      33
0.6833333333333329     67.02829759498833      33
0.6833333333333329     67.02829759498833      33
0.7666666666666662     18.29864807347971      40
0.6833333333333329     67.02829759498833      33
0.6833333333333329     67.02829759498833      33
0.6833333333333329     67.02829759498833      33
0.6833333333333329     67.02829759498833      33
0.6833333333333329     67.02829759498833      33
0.6833333333333329     67.02829759498833      33
0.6833333333333329     67.02829759498833      33
0.8291666666666659     26.215630645021417      42
0.6833333333333329     67.02829759498833      33
0.6833333333333329     67.02829759498833      33
0.6833333333333329     67.02829759498833      33
0.6833333333333329     67.02829759498833      33
0.7666666666666662     18.29864807347971      40
0.6833333333333329     67.02829759498833      33
0.6833333333333329     67.02829759498833      33
0.6833333333333329     67.02829759498833      33
0.6833333333333329     67.02829759498833      33
