0.8208333333333326     26.215630645021417      45
0.7958333333333326     26.215630645021417      40
0.779166666666666     67.02829759498833      37
0.7333333333333328     19.452447078982416      41
0.7333333333333328     19.452447078982416      41
0.7333333333333328     19.452447078982416      41
0.7333333333333328     19.452447078982416      41
0.7333333333333328     19.452447078982416      41
0.7333333333333328     19.452447078982416      41
0.8291666666666659     34.52477394677945      42
0.7333333333333328     19.452447078982416      41
0.8291666666666659     34.52477394677945      42
0.8291666666666659     34.52477394677945      42
0.8291666666666659     34.52477394677945      42
0.8291666666666659     34.52477394677945      42
0.8291666666666659     34.52477394677945      42
0.8291666666666659     34.52477394677945      42
0.8291666666666659     34.52477394677945      42
0.8291666666666659     34.52477394677945      42
0.7041666666666663     28.52987122025878      35
0.7041666666666663     28.52987122025878      35
0.7041666666666663     28.52987122025878      35
0.7333333333333328     19.452447078982416      41
0.7333333333333328     19.452447078982416      41
0.7041666666666663     28.52987122025878      35
0.7041666666666663     28.52987122025878      35
0.7041666666666663     28.52987122025878      35
0.7041666666666663     28.52987122025878      35
0.7333333333333328     19.452447078982416      41
0.7041666666666663     28.52987122025878      35
0.7333333333333328     19.452447078982416      41
0.7041666666666663     28.52987122025878      35
0.7041666666666663     28.52987122025878      35
0.7333333333333328     19.452447078982416      41
0.7041666666666663     28.52987122025878      35
0.7041666666666663     28.52987122025878      35
0.7041666666666663     28.52987122025878      35
0.7041666666666663     28.52987122025878      35
0.7041666666666663     28.52987122025878      35
0.7041666666666663     28.52987122025878      35
0.7333333333333328     19.452447078982416      41
0.7041666666666663     28.52987122025878      35
0.7333333333333328     19.452447078982416      41
0.7333333333333328     19.452447078982416      41
0.7333333333333328     19.452447078982416      41
0.7041666666666663     28.52987122025878      35
0.7041666666666663     28.52987122025878      35
0.7333333333333328     19.452447078982416      41
0.7333333333333328     19.452447078982416      41
0.7333333333333328     19.452447078982416      41
0.8291666666666659     34.52477394677945      42
0.7333333333333328     19.452447078982416      41
0.7333333333333328     19.452447078982416      41
0.7333333333333328     19.452447078982416      41
0.8291666666666659     34.52477394677945      42
0.7333333333333328     19.452447078982416      41
0.8291666666666659     34.52477394677945      42
0.7333333333333328     19.452447078982416      41
0.8291666666666659     34.52477394677945      42
0.7041666666666663     28.52987122025878      35
0.8291666666666659     34.52477394677945      42
0.7041666666666663     28.52987122025878      35
0.7041666666666663     28.52987122025878      35
0.8291666666666659     34.52477394677945      42
0.7041666666666663     28.52987122025878      35
0.8291666666666659     34.52477394677945      42
0.7041666666666663     28.52987122025878      35
0.7333333333333328     19.452447078982416      41
0.7041666666666663     28.52987122025878      35
0.8291666666666659     34.52477394677945      42
0.8208333333333326     30.16620021353149      43
0.7041666666666663     28.52987122025878      35
0.7041666666666663     28.52987122025878      35
0.7374999999999995     19.070072839672633      41
0.8291666666666659     34.52477394677945      42
0.7374999999999995     19.070072839672633      41
0.7374999999999995     19.070072839672633      41
0.7374999999999995     19.070072839672633      41
0.7374999999999995     19.070072839672633      41
0.7041666666666663     28.52987122025878      35
0.7374999999999995     19.070072839672633      41
0.7041666666666663     28.52987122025878      35
0.7041666666666663     28.52987122025878      35
0.7374999999999995     19.070072839672633      41
0.7041666666666663     28.52987122025878      35
0.7374999999999995     19.070072839672633      41
0.7374999999999995     19.070072839672633      41
0.7374999999999995     19.070072839672633      41
0.7374999999999995     19.070072839672633      41
0.7041666666666663     28.52987122025878      35
0.7374999999999995     19.070072839672633      41
0.7374999999999995     19.070072839672633      41
0.7374999999999995     19.070072839672633      41
0.7374999999999995     19.070072839672633      41
0.7374999999999995     19.070072839672633      41
0.7374999999999995     19.070072839672633      41
0.7374999999999995     19.070072839672633      41
0.7041666666666663     28.52987122025878      35
0.8291666666666659     34.52477394677945      42
0.7041666666666663     28.52987122025878      35
0.7041666666666663     28.52987122025878      35
0.7041666666666663     28.52987122025878      35
0.7041666666666663     28.52987122025878      35
0.7041666666666663     28.52987122025878      35
0.7041666666666663     28.52987122025878      35
0.7041666666666663     28.52987122025878      35
0.7041666666666663     28.52987122025878      35
0.7041666666666663     28.52987122025878      35
0.7041666666666663     28.52987122025878      35
0.7041666666666663     28.52987122025878      35
0.7041666666666663     28.52987122025878      35
0.7041666666666663     28.52987122025878      35
0.7041666666666663     28.52987122025878      35
0.7041666666666663     28.52987122025878      35
0.7041666666666663     28.52987122025878      35
0.7041666666666663     28.52987122025878      35
0.7041666666666663     28.52987122025878      35
0.8291666666666659     34.52477394677945      42
0.7041666666666663     28.52987122025878      35
0.7041666666666663     28.52987122025878      35
0.7041666666666663     28.52987122025878      35
0.7041666666666663     28.52987122025878      35
0.7833333333333328     19.070072839672633      41
0.7041666666666663     28.52987122025878      35
0.7041666666666663     28.52987122025878      35
0.7041666666666663     28.52987122025878      35
0.7041666666666663     28.52987122025878      35
0.7041666666666663     28.52987122025878      35
0.7833333333333328     19.070072839672633      41
0.7041666666666663     28.52987122025878      35
0.7041666666666663     28.52987122025878      35
0.7041666666666663     28.52987122025878      35
0.7833333333333328     19.070072839672633      41
0.7041666666666663     28.52987122025878      35
0.7041666666666663     28.52987122025878      35
0.7041666666666663     28.52987122025878      35
0.7041666666666663     28.52987122025878      35
0.7041666666666663     28.52987122025878      35
0.7041666666666663     28.52987122025878      35
0.8291666666666659     34.52477394677945      42
0.7833333333333328     19.070072839672633      41
0.7833333333333328     19.070072839672633      41
0.7041666666666663     28.52987122025878      35
0.7041666666666663     28.52987122025878      35
0.7041666666666663     28.52987122025878      35
0.7041666666666663     28.52987122025878      35
0.7041666666666663     28.52987122025878      35
0.7041666666666663     28.52987122025878      35
0.7041666666666663     28.52987122025878      35
0.8291666666666659     34.52477394677945      42
0.7041666666666663     28.52987122025878      35
0.8291666666666659     34.52477394677945      42
0.7041666666666663     28.52987122025878      35
0.8291666666666659     34.52477394677945      42
0.7041666666666663     28.52987122025878      35
0.7041666666666663     28.52987122025878      35
0.7041666666666663     28.52987122025878      35
0.7041666666666663     28.52987122025878      35
0.7041666666666663     28.52987122025878      35
0.7041666666666663     28.52987122025878      35
0.7041666666666663     28.52987122025878      35
0.7041666666666663     28.52987122025878      35
0.7041666666666663     28.52987122025878      35
0.7041666666666663     28.52987122025878      35
0.7041666666666663     28.52987122025878      35
0.7041666666666663     28.52987122025878      35
0.7041666666666663     28.52987122025878      35
0.7041666666666663     28.52987122025878      35
0.7041666666666663     28.52987122025878      35
0.7041666666666663     28.52987122025878      35
0.7041666666666663     28.52987122025878      35
0.8291666666666659     34.52477394677945      42
0.7041666666666663     28.52987122025878      35
0.7041666666666663     28.52987122025878      35
0.7041666666666663     28.52987122025878      35
0.7041666666666663     28.52987122025878      35
0.8291666666666659     34.52477394677945      42
0.7041666666666663     28.52987122025878      35
0.7041666666666663     28.52987122025878      35
0.7041666666666663     28.52987122025878      35
0.8291666666666659     34.52477394677945      42
0.7041666666666663     28.52987122025878      35
0.8291666666666659     34.52477394677945      42
0.7041666666666663     28.52987122025878      35
0.7041666666666663     28.52987122025878      35
0.7041666666666663     28.52987122025878      35
0.7041666666666663     28.52987122025878      35
0.7041666666666663     28.52987122025878      35
0.7041666666666663     28.52987122025878      35
0.7041666666666663     28.52987122025878      35
0.8291666666666659     34.52477394677945      42
0.7041666666666663     28.52987122025878      35
0.7041666666666663     28.52987122025878      35
0.7041666666666663     28.52987122025878      35
0.7041666666666663     28.52987122025878      35
0.7041666666666663     28.52987122025878      35
0.7041666666666663     28.52987122025878      35
0.7041666666666663     28.52987122025878      35
0.7041666666666663     28.52987122025878      35
0.7041666666666663     28.52987122025878      35
