0.8208333333333326     26.215630645021417      45
0.8208333333333326     26.215630645021417      45
0.7499999999999994     26.215630645021417      38
0.7499999999999994     26.215630645021417      38
0.8208333333333326     26.215630645021417      44
0.7999999999999994     67.02829759498833      40
0.7499999999999994     26.215630645021417      38
0.670833333333333     34.52477394677945      36
0.670833333333333     34.52477394677945      36
0.7416666666666661     67.02829759498833      33
0.7708333333333327     20.37078512929095      40
0.7708333333333327     20.37078512929095      40
0.7666666666666662     67.02829759498833      38
0.7708333333333327     20.37078512929095      40
0.7708333333333327     20.37078512929095      40
0.7708333333333327     20.37078512929095      40
0.7708333333333327     20.37078512929095      40
0.7708333333333327     20.37078512929095      40
0.7708333333333327     20.37078512929095      40
0.7708333333333327     20.37078512929095      40
0.7708333333333327     20.37078512929095      40
0.7708333333333327     20.37078512929095      40
0.7708333333333327     20.37078512929095      40
0.7708333333333327     20.37078512929095      40
0.7708333333333327     20.37078512929095      40
0.7708333333333327     20.37078512929095      40
0.7708333333333327     20.37078512929095      40
0.7708333333333327     20.37078512929095      40
0.7708333333333327     20.37078512929095      40
0.7708333333333327     20.37078512929095      40
0.7708333333333327     20.37078512929095      40
0.7708333333333327     20.37078512929095      40
0.7708333333333327     20.37078512929095      40
0.7708333333333327     20.37078512929095      40
0.7708333333333327     20.37078512929095      40
0.7708333333333327     20.37078512929095      40
0.7708333333333327     20.37078512929095      40
0.7708333333333327     20.37078512929095      40
0.7708333333333327     20.37078512929095      40
0.7708333333333327     20.37078512929095      40
0.7708333333333327     20.37078512929095      40
0.7708333333333327     20.37078512929095      40
0.7708333333333327     20.37078512929095      40
0.7708333333333327     20.37078512929095      40
0.7708333333333327     20.37078512929095      40
0.7708333333333327     20.37078512929095      40
0.7708333333333327     20.37078512929095      40
0.7708333333333327     20.37078512929095      40
0.7708333333333327     20.37078512929095      40
0.7708333333333327     20.37078512929095      40
0.7416666666666661     67.02829759498833      33
0.7083333333333329     19.452447078982416      37
0.7083333333333329     19.452447078982416      37
0.7083333333333329     19.452447078982416      37
0.7083333333333329     19.452447078982416      37
0.7083333333333329     19.452447078982416      37
0.7083333333333329     19.452447078982416      37
0.7083333333333329     19.452447078982416      37
0.7083333333333329     19.452447078982416      37
0.7083333333333329     19.452447078982416      37
0.7083333333333329     19.452447078982416      37
0.7083333333333329     19.452447078982416      37
0.7083333333333329     19.452447078982416      37
0.7083333333333329     19.452447078982416      37
0.7083333333333329     19.452447078982416      37
0.7083333333333329     19.452447078982416      37
0.7083333333333329     19.452447078982416      37
0.7083333333333329     19.452447078982416      37
0.7083333333333329     19.452447078982416      37
0.7083333333333329     19.452447078982416      37
0.7083333333333329     19.452447078982416      37
0.7083333333333329     19.452447078982416      37
0.7083333333333329     19.452447078982416      37
0.7083333333333329     19.452447078982416      37
0.7083333333333329     19.452447078982416      37
0.7083333333333329     19.452447078982416      37
0.7083333333333329     19.452447078982416      37
0.7083333333333329     19.452447078982416      37
0.7083333333333329     19.452447078982416      37
0.7083333333333329     19.452447078982416      37
0.7083333333333329     19.452447078982416      37
0.7083333333333329     19.452447078982416      37
0.7083333333333329     19.452447078982416      37
0.7083333333333329     19.452447078982416      37
0.7083333333333329     19.452447078982416      37
0.7083333333333329     19.452447078982416      37
0.7083333333333329     19.452447078982416      37
0.7416666666666661     67.02829759498833      33
0.7083333333333329     19.452447078982416      37
0.7083333333333329     19.452447078982416      37
0.7083333333333329     19.452447078982416      37
0.7083333333333329     19.452447078982416      37
0.7083333333333329     19.452447078982416      37
0.7083333333333329     19.452447078982416      37
0.7083333333333329     19.452447078982416      37
0.7083333333333329     19.452447078982416      37
0.7083333333333329     19.452447078982416      37
0.7083333333333329     19.452447078982416      37
0.7083333333333329     19.452447078982416      37
0.7083333333333329     19.452447078982416      37
0.7083333333333329     19.452447078982416      37
0.7416666666666661     67.02829759498833      33
0.7416666666666661     67.02829759498833      33
0.7999999999999993     18.648871144145197      40
0.7999999999999993     18.648871144145197      40
0.7999999999999993     18.648871144145197      40
0.7416666666666661     67.02829759498833      33
0.7999999999999993     18.648871144145197      40
0.7999999999999993     18.648871144145197      40
0.7999999999999993     18.648871144145197      40
0.7999999999999993     18.648871144145197      40
0.7999999999999993     18.648871144145197      40
0.7999999999999993     18.648871144145197      40
0.7999999999999993     18.648871144145197      40
0.7999999999999993     18.648871144145197      40
0.7999999999999993     18.648871144145197      40
0.7999999999999993     18.648871144145197      40
0.7999999999999993     18.648871144145197      40
0.7999999999999993     18.648871144145197      40
0.7999999999999993     18.648871144145197      40
0.7999999999999993     18.648871144145197      40
0.8291666666666659     34.52477394677945      43
0.7999999999999993     18.648871144145197      40
0.7999999999999993     18.648871144145197      40
0.7999999999999993     18.648871144145197      40
0.7999999999999993     18.648871144145197      40
0.7999999999999993     18.648871144145197      40
0.7999999999999993     18.648871144145197      40
0.7999999999999993     18.648871144145197      40
0.8291666666666659     34.52477394677945      43
0.7999999999999993     18.648871144145197      40
0.7999999999999993     18.648871144145197      40
0.7999999999999993     18.648871144145197      40
0.7999999999999993     18.648871144145197      40
0.7999999999999993     18.648871144145197      40
0.7999999999999993     18.648871144145197      40
0.7999999999999993     18.648871144145197      40
0.7999999999999993     18.648871144145197      40
0.7999999999999993     18.648871144145197      40
0.7999999999999993     18.648871144145197      40
0.8291666666666659     34.52477394677945      43
0.7999999999999993     18.648871144145197      40
0.7999999999999993     18.648871144145197      40
0.7999999999999993     18.648871144145197      40
0.8291666666666659     34.52477394677945      43
0.7999999999999993     18.648871144145197      40
0.7999999999999993     18.648871144145197      40
0.7999999999999993     18.648871144145197      40
0.7999999999999993     18.648871144145197      40
0.7999999999999993     18.648871144145197      40
0.7999999999999993     18.648871144145197      40
0.7999999999999993     18.648871144145197      40
0.7999999999999993     18.648871144145197      40
0.7999999999999993     18.648871144145197      40
0.7999999999999993     18.648871144145197      40
0.7999999999999993     18.648871144145197      40
0.7999999999999993     18.648871144145197      40
0.7999999999999993     18.648871144145197      40
0.7999999999999993     18.648871144145197      40
0.7999999999999993     18.648871144145197      40
0.7999999999999993     18.648871144145197      40
0.7999999999999993     18.648871144145197      40
0.7999999999999993     18.648871144145197      40
0.7999999999999993     18.648871144145197      40
0.7999999999999993     18.648871144145197      40
0.7999999999999993     18.648871144145197      40
0.7999999999999993     18.648871144145197      40
0.7999999999999993     18.648871144145197      40
0.7999999999999993     18.648871144145197      40
0.7999999999999993     18.648871144145197      40
0.7999999999999993     18.648871144145197      40
0.7999999999999993     18.648871144145197      40
0.7999999999999993     18.648871144145197      40
0.7999999999999993     18.648871144145197      40
0.7999999999999993     18.648871144145197      40
0.7999999999999993     18.648871144145197      40
0.7999999999999993     18.648871144145197      40
0.7999999999999993     18.648871144145197      40
0.7999999999999993     18.648871144145197      40
0.7999999999999993     18.648871144145197      40
0.7999999999999993     18.648871144145197      40
0.7999999999999993     18.648871144145197      40
0.7999999999999993     18.648871144145197      40
0.7999999999999993     18.648871144145197      40
0.7999999999999993     18.648871144145197      40
0.7999999999999993     18.648871144145197      40
0.7999999999999993     18.648871144145197      40
0.7999999999999993     18.648871144145197      40
0.7999999999999993     18.648871144145197      40
0.7999999999999993     18.648871144145197      40
0.7999999999999993     18.648871144145197      40
0.7999999999999993     18.648871144145197      40
0.7999999999999993     18.648871144145197      40
0.7999999999999993     18.648871144145197      40
0.7999999999999993     18.648871144145197      40
0.7999999999999993     18.648871144145197      40
0.7999999999999993     18.648871144145197      40
0.7999999999999993     18.648871144145197      40
0.7999999999999993     18.648871144145197      40
0.7999999999999993     18.648871144145197      40
