0.8208333333333326     26.215630645021417      45
0.7749999999999995     26.215630645021417      39
0.7249999999999995     34.52477394677945      38
0.8249999999999993     26.215630645021417      44
0.7708333333333327     20.39175167657723      43
0.7749999999999995     26.215630645021417      39
0.7374999999999996     67.02829759498833      36
0.7833333333333328     20.37078512929095      40
0.6416666666666665     31.04791203387665      38
0.6416666666666665     31.04791203387665      38
0.6416666666666665     31.04791203387665      38
0.6416666666666665     31.04791203387665      38
0.6416666666666665     31.04791203387665      38
0.6416666666666665     31.04791203387665      38
0.7874999999999993     34.52477394677945      39
0.6791666666666663     34.52477394677945      35
0.6791666666666663     34.52477394677945      35
0.7833333333333328     20.37078512929095      40
0.6791666666666663     34.52477394677945      35
0.7833333333333328     20.37078512929095      40
0.6791666666666663     34.52477394677945      35
0.7833333333333328     20.37078512929095      40
0.8291666666666659     26.215630645021417      45
0.8249999999999993     26.215630645021417      44
0.6791666666666663     34.52477394677945      35
0.7458333333333328     19.452447078982416      43
0.7499999999999994     31.04791203387665      35
0.7499999999999994     31.04791203387665      35
0.7458333333333328     19.452447078982416      43
0.7291666666666662     20.37078512929095      38
0.7499999999999994     31.04791203387665      35
0.7458333333333328     19.452447078982416      43
0.7458333333333328     19.452447078982416      43
0.7458333333333328     19.452447078982416      43
0.7458333333333328     19.452447078982416      43
0.7458333333333328     19.452447078982416      43
0.7458333333333328     19.452447078982416      43
0.7458333333333328     19.452447078982416      43
0.7458333333333328     19.452447078982416      43
0.7458333333333328     19.452447078982416      43
0.7458333333333328     19.452447078982416      43
0.7499999999999994     31.04791203387665      35
0.7499999999999994     31.04791203387665      35
0.7458333333333328     19.452447078982416      43
0.7458333333333328     19.452447078982416      43
0.6458333333333331     67.02829759498833      33
0.6458333333333331     67.02829759498833      33
0.7666666666666662     19.452447078982416      38
0.7666666666666662     19.452447078982416      38
0.7666666666666662     19.452447078982416      38
0.7666666666666662     19.452447078982416      38
0.7666666666666662     19.452447078982416      38
0.7666666666666662     19.452447078982416      38
0.7666666666666662     19.452447078982416      38
0.7666666666666662     19.452447078982416      38
0.7666666666666662     19.452447078982416      38
0.7666666666666662     19.452447078982416      38
0.7666666666666662     19.452447078982416      38
0.7666666666666662     19.452447078982416      38
0.7666666666666662     19.452447078982416      38
0.7666666666666662     19.452447078982416      38
0.7666666666666662     19.452447078982416      38
0.7666666666666662     19.452447078982416      38
0.6624999999999996     67.02829759498833      33
0.6624999999999996     67.02829759498833      33
0.6624999999999996     67.02829759498833      33
0.6624999999999996     67.02829759498833      33
0.6624999999999996     67.02829759498833      33
0.6624999999999996     67.02829759498833      33
0.6624999999999996     67.02829759498833      33
0.6624999999999996     67.02829759498833      33
0.7666666666666662     19.452447078982416      38
0.6624999999999996     67.02829759498833      33
0.6624999999999996     67.02829759498833      33
0.6624999999999996     67.02829759498833      33
0.6624999999999996     67.02829759498833      33
0.6624999999999996     67.02829759498833      33
0.6624999999999996     67.02829759498833      33
0.6624999999999996     67.02829759498833      33
0.6624999999999996     67.02829759498833      33
0.6624999999999996     67.02829759498833      33
0.6624999999999996     67.02829759498833      33
0.6624999999999996     67.02829759498833      33
0.6624999999999996     67.02829759498833      33
0.6624999999999996     67.02829759498833      33
0.6624999999999996     67.02829759498833      33
0.6624999999999996     67.02829759498833      33
0.6624999999999996     67.02829759498833      33
0.6624999999999996     67.02829759498833      33
0.6624999999999996     67.02829759498833      33
0.6624999999999996     67.02829759498833      33
0.6624999999999996     67.02829759498833      33
0.6624999999999996     67.02829759498833      33
0.6624999999999996     67.02829759498833      33
0.6624999999999996     67.02829759498833      33
0.6624999999999996     67.02829759498833      33
0.6624999999999996     67.02829759498833      33
0.6624999999999996     67.02829759498833      33
0.6624999999999996     67.02829759498833      33
0.6624999999999996     67.02829759498833      33
0.6624999999999996     67.02829759498833      33
0.6624999999999996     67.02829759498833      33
0.6624999999999996     67.02829759498833      33
0.6624999999999996     67.02829759498833      33
0.6624999999999996     67.02829759498833      33
0.6624999999999996     67.02829759498833      33
0.6624999999999996     67.02829759498833      33
0.7666666666666662     19.452447078982416      38
0.6624999999999996     67.02829759498833      33
0.6624999999999996     67.02829759498833      33
0.6624999999999996     67.02829759498833      33
0.6624999999999996     67.02829759498833      33
0.6624999999999996     67.02829759498833      33
0.6624999999999996     67.02829759498833      33
0.6624999999999996     67.02829759498833      33
0.6624999999999996     67.02829759498833      33
0.6624999999999996     67.02829759498833      33
0.6624999999999996     67.02829759498833      33
0.6624999999999996     67.02829759498833      33
0.6624999999999996     67.02829759498833      33
0.6624999999999996     67.02829759498833      33
0.6624999999999996     67.02829759498833      33
0.6624999999999996     67.02829759498833      33
0.6624999999999996     67.02829759498833      33
0.6624999999999996     67.02829759498833      33
0.6624999999999996     67.02829759498833      33
0.6624999999999996     67.02829759498833      33
0.6624999999999996     67.02829759498833      33
0.6624999999999996     67.02829759498833      33
0.7666666666666662     19.452447078982416      38
0.6624999999999996     67.02829759498833      33
0.6624999999999996     67.02829759498833      33
0.6624999999999996     67.02829759498833      33
0.6624999999999996     67.02829759498833      33
0.6624999999999996     67.02829759498833      33
0.6624999999999996     67.02829759498833      33
0.6624999999999996     67.02829759498833      33
0.6624999999999996     67.02829759498833      33
0.6624999999999996     67.02829759498833      33
0.6624999999999996     67.02829759498833      33
0.6624999999999996     67.02829759498833      33
0.6624999999999996     67.02829759498833      33
0.6624999999999996     67.02829759498833      33
0.6624999999999996     67.02829759498833      33
0.6624999999999996     67.02829759498833      33
0.6624999999999996     67.02829759498833      33
0.6624999999999996     67.02829759498833      33
0.6624999999999996     67.02829759498833      33
0.6624999999999996     67.02829759498833      33
0.6624999999999996     67.02829759498833      33
0.7666666666666662     19.452447078982416      38
0.7666666666666662     19.452447078982416      38
0.7666666666666662     19.452447078982416      38
0.7666666666666662     19.452447078982416      38
0.7666666666666662     19.452447078982416      38
0.7666666666666662     19.452447078982416      38
0.7666666666666662     19.452447078982416      38
0.7666666666666662     19.452447078982416      38
0.7666666666666662     19.452447078982416      38
0.7666666666666662     19.452447078982416      38
0.7666666666666662     19.452447078982416      38
0.6624999999999996     67.02829759498833      33
0.7666666666666662     19.452447078982416      38
0.7666666666666662     19.452447078982416      38
0.7666666666666662     19.452447078982416      38
0.7666666666666662     19.452447078982416      38
0.7666666666666662     19.452447078982416      38
0.7666666666666662     19.452447078982416      38
0.7666666666666662     19.452447078982416      38
0.7666666666666662     19.452447078982416      38
0.7666666666666662     19.452447078982416      38
0.7666666666666662     19.452447078982416      38
0.7666666666666662     19.452447078982416      38
0.7666666666666662     19.452447078982416      38
0.7666666666666662     19.452447078982416      38
0.7666666666666662     19.452447078982416      38
0.6624999999999996     67.02829759498833      33
0.7666666666666662     19.452447078982416      38
0.7666666666666662     19.452447078982416      38
0.7666666666666662     19.452447078982416      38
0.7666666666666662     19.452447078982416      38
0.7666666666666662     19.452447078982416      38
0.7666666666666662     19.452447078982416      38
0.7666666666666662     19.452447078982416      38
0.6624999999999996     67.02829759498833      33
0.7666666666666662     19.452447078982416      38
0.7666666666666662     19.452447078982416      38
0.7666666666666662     19.452447078982416      38
0.7666666666666662     19.452447078982416      38
0.6624999999999996     67.02829759498833      33
0.6624999999999996     67.02829759498833      33
0.7666666666666662     19.452447078982416      38
0.7666666666666662     19.452447078982416      38
0.7666666666666662     19.452447078982416      38
0.7666666666666662     19.452447078982416      38
0.7666666666666662     19.452447078982416      38
0.7666666666666662     19.452447078982416      38
0.6624999999999996     67.02829759498833      33
0.6624999999999996     67.02829759498833      33
0.7666666666666662     19.452447078982416      38
