0.8208333333333326     26.215630645021417      45
0.804166666666666     67.02829759498833      41
0.8208333333333326     26.215630645021417      45
0.7958333333333326     28.52987122025878      44
0.7041666666666663     23.657062888359242      40
0.8208333333333326     26.215630645021417      45
0.7541666666666661     67.02829759498833      36
0.7708333333333327     31.04791203387665      40
0.8291666666666659     31.04791203387665      44
0.7541666666666661     67.02829759498833      36
0.8291666666666659     24.465619829022245      46
0.804166666666666     67.02829759498833      40
0.7416666666666663     19.070072839672633      42
0.7416666666666663     19.070072839672633      42
0.7416666666666663     19.070072839672633      42
0.7416666666666663     19.070072839672633      42
0.7416666666666663     19.070072839672633      42
0.7416666666666663     19.070072839672633      42
0.7416666666666663     19.070072839672633      42
0.7416666666666663     19.070072839672633      42
0.7416666666666663     19.070072839672633      42
0.7416666666666663     19.070072839672633      42
0.7416666666666663     19.070072839672633      42
0.7416666666666663     19.070072839672633      42
0.7416666666666663     19.070072839672633      42
0.7416666666666663     19.070072839672633      42
0.7416666666666663     19.070072839672633      42
0.7416666666666663     19.070072839672633      42
0.7416666666666663     19.070072839672633      42
0.7416666666666663     19.070072839672633      42
0.7416666666666663     19.070072839672633      42
0.7416666666666663     19.070072839672633      42
0.7416666666666663     19.070072839672633      42
0.7416666666666663     19.070072839672633      42
0.7416666666666663     19.070072839672633      42
0.7416666666666663     19.070072839672633      42
0.7416666666666663     19.070072839672633      42
0.7416666666666663     19.070072839672633      42
0.7416666666666663     19.070072839672633      42
0.7416666666666663     19.070072839672633      42
0.7416666666666663     19.070072839672633      42
0.7416666666666663     19.070072839672633      42
0.7416666666666663     19.070072839672633      42
0.7416666666666663     19.070072839672633      42
0.7416666666666663     19.070072839672633      42
0.7333333333333328     31.04791203387665      33
0.7333333333333328     31.04791203387665      33
0.7416666666666663     19.070072839672633      42
0.7416666666666663     19.070072839672633      42
0.7416666666666663     19.070072839672633      42
0.7416666666666663     19.070072839672633      42
0.7333333333333328     31.04791203387665      33
0.7416666666666663     19.070072839672633      42
0.7416666666666663     19.070072839672633      42
0.7416666666666663     19.070072839672633      42
0.7416666666666663     19.070072839672633      42
0.7416666666666663     19.070072839672633      42
0.7416666666666663     19.070072839672633      42
0.7416666666666663     19.070072839672633      42
0.7416666666666663     19.070072839672633      42
0.7416666666666663     19.070072839672633      42
0.7416666666666663     19.070072839672633      42
0.7416666666666663     19.070072839672633      42
0.7416666666666663     19.070072839672633      42
0.7416666666666663     19.070072839672633      42
0.7416666666666663     19.070072839672633      42
0.7416666666666663     19.070072839672633      42
0.7416666666666663     19.070072839672633      42
0.7416666666666663     19.070072839672633      42
0.7416666666666663     19.070072839672633      42
0.7416666666666663     19.070072839672633      42
0.7333333333333328     31.04791203387665      33
0.7416666666666663     19.070072839672633      42
0.7416666666666663     19.070072839672633      42
0.7416666666666663     19.070072839672633      42
0.7416666666666663     19.070072839672633      42
0.7416666666666663     19.070072839672633      42
0.7416666666666663     19.070072839672633      42
0.7416666666666663     19.070072839672633      42
0.7416666666666663     19.070072839672633      42
0.7333333333333328     31.04791203387665      33
0.7416666666666663     19.070072839672633      42
0.7333333333333328     31.04791203387665      33
0.7416666666666663     19.070072839672633      42
0.7416666666666663     19.070072839672633      42
0.7416666666666663     19.070072839672633      42
0.7416666666666663     19.070072839672633      42
0.7416666666666663     19.070072839672633      42
0.7416666666666663     19.070072839672633      42
0.7416666666666663     19.070072839672633      42
0.7333333333333328     31.04791203387665      33
0.7416666666666663     19.070072839672633      42
0.7416666666666663     19.070072839672633      42
0.7333333333333328     31.04791203387665      33
0.7416666666666663     19.070072839672633      42
0.7333333333333328     31.04791203387665      33
0.7416666666666663     19.070072839672633      42
0.7416666666666663     19.070072839672633      42
0.7416666666666663     19.070072839672633      42
0.7416666666666663     19.070072839672633      42
0.7416666666666663     19.070072839672633      42
0.7416666666666663     19.070072839672633      42
0.7416666666666663     19.070072839672633      42
0.7416666666666663     19.070072839672633      42
0.7416666666666663     19.070072839672633      42
0.7416666666666663     19.070072839672633      42
0.7416666666666663     19.070072839672633      42
0.7416666666666663     19.070072839672633      42
0.7416666666666663     19.070072839672633      42
0.7416666666666663     19.070072839672633      42
0.7416666666666663     19.070072839672633      42
0.7416666666666663     19.070072839672633      42
0.7416666666666663     19.070072839672633      42
0.7416666666666663     19.070072839672633      42
0.7416666666666663     19.070072839672633      42
0.7416666666666663     19.070072839672633      42
0.7333333333333328     31.04791203387665      33
0.7416666666666663     19.070072839672633      42
0.7416666666666663     19.070072839672633      42
0.7333333333333328     31.04791203387665      33
0.7416666666666663     19.070072839672633      42
0.7416666666666663     19.070072839672633      42
0.7416666666666663     19.070072839672633      42
0.7333333333333328     31.04791203387665      33
0.7416666666666663     19.070072839672633      42
0.7416666666666663     19.070072839672633      42
0.7416666666666663     19.070072839672633      42
0.7416666666666663     19.070072839672633      42
0.7416666666666663     19.070072839672633      42
0.7416666666666663     19.070072839672633      42
0.7416666666666663     19.070072839672633      42
0.7416666666666663     19.070072839672633      42
0.7416666666666663     19.070072839672633      42
0.7416666666666663     19.070072839672633      42
0.7416666666666663     19.070072839672633      42
0.7416666666666663     19.070072839672633      42
0.7416666666666663     19.070072839672633      42
0.7416666666666663     19.070072839672633      42
0.7416666666666663     19.070072839672633      42
0.7416666666666663     19.070072839672633      42
0.7416666666666663     19.070072839672633      42
0.7416666666666663     19.070072839672633      42
0.7416666666666663     19.070072839672633      42
0.7416666666666663     19.070072839672633      42
0.7416666666666663     19.070072839672633      42
0.7333333333333328     31.04791203387665      33
0.7333333333333328     31.04791203387665      33
0.7124999999999996     16.920345244993765      40
0.7124999999999996     16.920345244993765      40
0.7124999999999996     16.920345244993765      40
0.7124999999999996     16.920345244993765      40
0.7124999999999996     16.920345244993765      40
0.7124999999999996     16.920345244993765      40
0.7124999999999996     16.920345244993765      40
0.7124999999999996     16.920345244993765      40
0.7124999999999996     16.920345244993765      40
0.7124999999999996     16.920345244993765      40
0.7124999999999996     16.920345244993765      40
0.7124999999999996     16.920345244993765      40
0.7333333333333328     31.04791203387665      33
0.7333333333333328     31.04791203387665      33
0.7833333333333327     16.920345244993765      40
0.7833333333333327     16.920345244993765      40
0.7833333333333327     16.920345244993765      40
0.7833333333333327     16.920345244993765      40
0.7833333333333327     16.920345244993765      40
0.7833333333333327     16.920345244993765      40
0.7833333333333327     16.920345244993765      40
0.7833333333333327     16.920345244993765      40
0.7833333333333327     16.920345244993765      40
0.7833333333333327     16.920345244993765      40
0.7833333333333327     16.920345244993765      40
0.7833333333333327     16.920345244993765      40
0.7833333333333327     16.920345244993765      40
0.7833333333333327     16.920345244993765      40
0.7833333333333327     16.920345244993765      40
0.7833333333333327     16.920345244993765      40
0.7833333333333327     16.920345244993765      40
0.7833333333333327     16.920345244993765      40
0.7833333333333327     16.920345244993765      40
0.7833333333333327     16.920345244993765      40
0.7833333333333327     16.920345244993765      40
0.7833333333333327     16.920345244993765      40
0.7833333333333327     16.920345244993765      40
0.7833333333333327     16.920345244993765      40
0.7833333333333327     16.920345244993765      40
0.7833333333333327     16.920345244993765      40
0.7833333333333327     16.920345244993765      40
0.7833333333333327     16.920345244993765      40
0.7833333333333327     16.920345244993765      40
0.7833333333333327     16.920345244993765      40
0.7833333333333327     16.920345244993765      40
0.7833333333333327     16.920345244993765      40
0.7833333333333327     16.920345244993765      40
0.7833333333333327     16.920345244993765      40
0.7833333333333327     16.920345244993765      40
0.7833333333333327     16.920345244993765      40
0.7833333333333327     16.920345244993765      40
0.7833333333333327     16.920345244993765      40
0.7833333333333327     16.920345244993765      40
