0.7583333333333329     34.52477394677945      41
0.7458333333333329     67.02829759498833      38
0.7541666666666661     24.465619829022245      39
0.7416666666666661     34.52477394677945      37
0.7583333333333327     20.37078512929095      41
0.7583333333333327     20.37078512929095      41
0.7583333333333327     20.37078512929095      41
0.7583333333333327     20.37078512929095      41
0.7583333333333327     20.37078512929095      41
0.7583333333333327     20.37078512929095      41
0.7583333333333327     20.37078512929095      41
0.7583333333333327     20.37078512929095      41
0.7083333333333329     67.02829759498833      36
0.8291666666666659     34.52477394677945      44
0.708333333333333     19.452447078982416      39
0.708333333333333     19.452447078982416      39
0.708333333333333     19.452447078982416      39
0.708333333333333     19.452447078982416      39
0.708333333333333     19.452447078982416      39
0.708333333333333     19.452447078982416      39
0.708333333333333     19.452447078982416      39
0.708333333333333     19.452447078982416      39
0.708333333333333     19.452447078982416      39
0.708333333333333     19.452447078982416      39
0.708333333333333     19.452447078982416      39
0.708333333333333     19.452447078982416      39
0.708333333333333     19.452447078982416      39
0.708333333333333     19.452447078982416      39
0.708333333333333     19.452447078982416      39
0.708333333333333     19.452447078982416      39
0.708333333333333     19.452447078982416      39
0.708333333333333     19.452447078982416      39
0.708333333333333     19.452447078982416      39
0.708333333333333     19.452447078982416      39
0.708333333333333     19.452447078982416      39
0.708333333333333     19.452447078982416      39
0.708333333333333     19.452447078982416      39
0.708333333333333     19.452447078982416      39
0.708333333333333     19.452447078982416      39
0.708333333333333     19.452447078982416      39
0.708333333333333     19.452447078982416      39
0.708333333333333     19.452447078982416      39
0.6874999999999996     67.02829759498833      35
0.708333333333333     19.452447078982416      39
0.708333333333333     19.452447078982416      39
0.708333333333333     19.452447078982416      39
0.708333333333333     19.452447078982416      39
0.708333333333333     19.452447078982416      39
0.708333333333333     19.452447078982416      39
0.708333333333333     19.452447078982416      39
0.708333333333333     19.452447078982416      39
0.6874999999999996     67.02829759498833      35
0.6874999999999996     67.02829759498833      35
0.6874999999999996     67.02829759498833      35
0.708333333333333     19.452447078982416      39
0.708333333333333     19.452447078982416      39
0.6874999999999996     67.02829759498833      35
0.6874999999999996     67.02829759498833      35
0.6874999999999996     67.02829759498833      35
0.708333333333333     19.452447078982416      39
0.708333333333333     19.452447078982416      39
0.7958333333333327     20.37078512929095      40
0.6874999999999996     67.02829759498833      35
0.6874999999999996     67.02829759498833      35
0.6874999999999996     67.02829759498833      35
0.6874999999999996     67.02829759498833      35
0.6874999999999996     67.02829759498833      35
0.7958333333333327     20.37078512929095      40
0.7708333333333328     18.648871144145197      38
0.6874999999999997     23.657062888359242      34
0.6874999999999997     23.657062888359242      34
0.6874999999999997     23.657062888359242      34
0.6874999999999997     23.657062888359242      34
0.6874999999999997     23.657062888359242      34
0.6874999999999997     23.657062888359242      34
0.6874999999999997     23.657062888359242      34
0.6874999999999997     23.657062888359242      34
0.6874999999999997     23.657062888359242      34
0.6874999999999997     23.657062888359242      34
0.6874999999999997     23.657062888359242      34
0.6874999999999997     23.657062888359242      34
0.6874999999999997     23.657062888359242      34
0.6874999999999997     23.657062888359242      34
0.6874999999999997     23.657062888359242      34
0.7708333333333328     18.648871144145197      38
0.6874999999999997     23.657062888359242      34
0.6874999999999997     23.657062888359242      34
0.6874999999999997     23.657062888359242      34
0.6874999999999997     23.657062888359242      34
0.6874999999999997     23.657062888359242      34
0.6874999999999997     23.657062888359242      34
0.7708333333333328     18.648871144145197      38
0.6874999999999997     23.657062888359242      34
0.6874999999999997     23.657062888359242      34
0.6874999999999997     23.657062888359242      34
0.6874999999999997     23.657062888359242      34
0.6874999999999997     23.657062888359242      34
0.6874999999999997     23.657062888359242      34
0.6874999999999997     23.657062888359242      34
0.6874999999999997     23.657062888359242      34
0.6874999999999997     23.657062888359242      34
0.6874999999999997     23.657062888359242      34
0.6874999999999997     23.657062888359242      34
0.6874999999999997     23.657062888359242      34
0.6874999999999997     23.657062888359242      34
0.6874999999999997     23.657062888359242      34
0.6874999999999997     23.657062888359242      34
0.6874999999999997     23.657062888359242      34
0.6874999999999997     23.657062888359242      34
0.6874999999999997     23.657062888359242      34
0.6874999999999997     23.657062888359242      34
0.6874999999999997     23.657062888359242      34
0.6874999999999997     23.657062888359242      34
0.6874999999999997     23.657062888359242      34
0.6874999999999997     23.657062888359242      34
0.6874999999999997     23.657062888359242      34
0.6874999999999997     23.657062888359242      34
0.6874999999999997     23.657062888359242      34
0.6874999999999997     23.657062888359242      34
0.6874999999999997     23.657062888359242      34
0.6874999999999997     23.657062888359242      34
0.6874999999999997     23.657062888359242      34
0.6874999999999997     23.657062888359242      34
0.6874999999999997     23.657062888359242      34
0.6874999999999997     23.657062888359242      34
0.6874999999999997     23.657062888359242      34
0.7708333333333328     18.648871144145197      38
0.6874999999999997     23.657062888359242      34
0.6874999999999997     23.657062888359242      34
0.6874999999999997     23.657062888359242      34
0.6874999999999997     23.657062888359242      34
0.6874999999999997     23.657062888359242      34
0.6874999999999997     23.657062888359242      34
0.6874999999999997     23.657062888359242      34
0.6874999999999997     23.657062888359242      34
0.6874999999999997     23.657062888359242      34
0.6874999999999997     23.657062888359242      34
0.6874999999999997     23.657062888359242      34
0.6874999999999997     23.657062888359242      34
0.6874999999999997     23.657062888359242      34
0.6874999999999997     23.657062888359242      34
0.6874999999999997     23.657062888359242      34
0.6874999999999997     23.657062888359242      34
0.6874999999999997     23.657062888359242      34
0.6874999999999997     23.657062888359242      34
0.6874999999999997     23.657062888359242      34
0.6874999999999997     23.657062888359242      34
0.6874999999999997     23.657062888359242      34
0.6874999999999997     23.657062888359242      34
0.6874999999999997     23.657062888359242      34
0.6874999999999997     23.657062888359242      34
0.6874999999999997     23.657062888359242      34
0.6874999999999997     23.657062888359242      34
0.6874999999999997     23.657062888359242      34
0.6874999999999997     23.657062888359242      34
0.6874999999999997     23.657062888359242      34
0.6874999999999997     23.657062888359242      34
0.6874999999999997     23.657062888359242      34
0.6874999999999997     23.657062888359242      34
0.6874999999999997     23.657062888359242      34
0.6874999999999997     23.657062888359242      34
0.6874999999999997     23.657062888359242      34
0.6874999999999997     23.657062888359242      34
0.7416666666666661     18.29864807347971      39
0.7416666666666661     18.29864807347971      39
0.6874999999999997     23.657062888359242      34
0.6874999999999997     23.657062888359242      34
0.6874999999999997     23.657062888359242      34
0.6874999999999997     23.657062888359242      34
0.6874999999999997     23.657062888359242      34
0.6874999999999997     23.657062888359242      34
0.6874999999999997     23.657062888359242      34
0.6874999999999997     23.657062888359242      34
0.6874999999999997     23.657062888359242      34
0.6874999999999997     23.657062888359242      34
0.6874999999999997     23.657062888359242      34
0.6874999999999997     23.657062888359242      34
0.6874999999999997     23.657062888359242      34
0.6874999999999997     23.657062888359242      34
0.6874999999999997     23.657062888359242      34
0.6874999999999997     23.657062888359242      34
0.6874999999999997     23.657062888359242      34
0.6874999999999997     23.657062888359242      34
0.7416666666666661     18.29864807347971      39
0.6874999999999997     23.657062888359242      34
0.6874999999999997     23.657062888359242      34
0.6874999999999997     23.657062888359242      34
0.6874999999999997     23.657062888359242      34
0.6874999999999997     23.657062888359242      34
0.6874999999999997     23.657062888359242      34
0.6874999999999997     23.657062888359242      34
0.6874999999999997     23.657062888359242      34
0.6874999999999997     23.657062888359242      34
0.6874999999999997     23.657062888359242      34
0.6874999999999997     23.657062888359242      34
0.7416666666666661     18.29864807347971      39
0.6874999999999997     23.657062888359242      34
0.6874999999999997     23.657062888359242      34
0.6874999999999997     23.657062888359242      34
0.6874999999999997     23.657062888359242      34
