0.7999999999999994     67.02829759498833      42
0.8208333333333326     26.215630645021417      45
0.7958333333333326     28.52987122025878      44
0.8249999999999993     34.52477394677945      48
0.8041666666666659     30.16620021353149      41
0.6749999999999997     19.452447078982416      39
0.6749999999999997     19.452447078982416      39
0.6749999999999997     19.452447078982416      39
0.6749999999999997     19.452447078982416      39
0.6749999999999997     19.452447078982416      39
0.6749999999999997     19.452447078982416      39
0.6749999999999997     19.452447078982416      39
0.6749999999999997     19.452447078982416      39
0.6749999999999997     19.452447078982416      39
0.6749999999999997     19.452447078982416      39
0.6749999999999997     19.452447078982416      39
0.6749999999999997     19.452447078982416      39
0.7833333333333327     28.52987122025878      37
0.7833333333333327     28.52987122025878      37
0.6416666666666665     18.648871144145197      41
0.6416666666666665     18.648871144145197      41
0.6416666666666665     18.648871144145197      41
0.6416666666666665     18.648871144145197      41
0.6416666666666665     18.648871144145197      41
0.6416666666666665     18.648871144145197      41
0.6416666666666665     18.648871144145197      41
0.6416666666666665     18.648871144145197      41
0.6416666666666665     18.648871144145197      41
0.6416666666666665     18.648871144145197      41
0.6416666666666665     18.648871144145197      41
0.6416666666666665     18.648871144145197      41
0.6416666666666665     18.648871144145197      41
0.7166666666666662     67.02829759498833      36
0.7166666666666662     67.02829759498833      36
0.6416666666666665     18.648871144145197      41
0.6416666666666665     18.648871144145197      41
0.6416666666666665     18.648871144145197      41
0.6416666666666665     18.648871144145197      41
0.6416666666666665     18.648871144145197      41
0.6416666666666665     18.648871144145197      41
0.6416666666666665     18.648871144145197      41
0.6416666666666665     18.648871144145197      41
0.6416666666666665     18.648871144145197      41
0.6416666666666665     18.648871144145197      41
0.6416666666666665     18.648871144145197      41
0.6416666666666665     18.648871144145197      41
0.6416666666666665     18.648871144145197      41
0.6416666666666665     18.648871144145197      41
0.6416666666666665     18.648871144145197      41
0.6416666666666665     18.648871144145197      41
0.6416666666666665     18.648871144145197      41
0.6416666666666665     18.648871144145197      41
0.6416666666666665     18.648871144145197      41
0.6416666666666665     18.648871144145197      41
0.6416666666666665     18.648871144145197      41
0.6416666666666665     18.648871144145197      41
0.6416666666666665     18.648871144145197      41
0.7749999999999994     34.52477394677945      36
0.6416666666666665     18.648871144145197      41
0.7749999999999994     34.52477394677945      36
0.6416666666666665     18.648871144145197      41
0.6416666666666665     18.648871144145197      41
0.6416666666666665     18.648871144145197      41
0.6416666666666665     18.648871144145197      41
0.6416666666666665     18.648871144145197      41
0.6416666666666665     18.648871144145197      41
0.6416666666666665     18.648871144145197      41
0.6416666666666665     18.648871144145197      41
0.6416666666666665     18.648871144145197      41
0.6416666666666665     18.648871144145197      41
0.6416666666666665     18.648871144145197      41
0.6416666666666665     18.648871144145197      41
0.6416666666666665     18.648871144145197      41
0.6416666666666665     18.648871144145197      41
0.6416666666666665     18.648871144145197      41
0.6416666666666665     18.648871144145197      41
0.6416666666666665     18.648871144145197      41
0.6416666666666665     18.648871144145197      41
0.6416666666666665     18.648871144145197      41
0.6416666666666665     18.648871144145197      41
0.6416666666666665     18.648871144145197      41
0.6416666666666665     18.648871144145197      41
0.6416666666666665     18.648871144145197      41
0.6416666666666665     18.648871144145197      41
0.6416666666666665     18.648871144145197      41
0.6416666666666665     18.648871144145197      41
0.6416666666666665     18.648871144145197      41
0.6416666666666665     18.648871144145197      41
0.6416666666666665     18.648871144145197      41
0.6416666666666665     18.648871144145197      41
0.6416666666666665     18.648871144145197      41
0.6416666666666665     18.648871144145197      41
0.6416666666666665     18.648871144145197      41
0.6416666666666665     18.648871144145197      41
0.6416666666666665     18.648871144145197      41
0.6416666666666665     18.648871144145197      41
0.6416666666666665     18.648871144145197      41
0.6416666666666665     18.648871144145197      41
0.6416666666666665     18.648871144145197      41
0.6416666666666665     18.648871144145197      41
0.6416666666666665     18.648871144145197      41
0.6416666666666665     18.648871144145197      41
0.6416666666666665     18.648871144145197      41
0.6416666666666665     18.648871144145197      41
0.6416666666666665     18.648871144145197      41
0.6416666666666665     18.648871144145197      41
0.6416666666666665     18.648871144145197      41
0.6416666666666665     18.648871144145197      41
0.6416666666666665     18.648871144145197      41
0.6416666666666665     18.648871144145197      41
0.6416666666666665     18.648871144145197      41
0.6416666666666665     18.648871144145197      41
0.6416666666666665     18.648871144145197      41
0.6416666666666665     18.648871144145197      41
0.6416666666666665     18.648871144145197      41
0.6416666666666665     18.648871144145197      41
0.6416666666666665     18.648871144145197      41
0.6416666666666665     18.648871144145197      41
0.6416666666666665     18.648871144145197      41
0.6416666666666665     18.648871144145197      41
0.6416666666666665     18.648871144145197      41
0.6416666666666665     18.648871144145197      41
0.6416666666666665     18.648871144145197      41
0.6416666666666665     18.648871144145197      41
0.6416666666666665     18.648871144145197      41
0.6416666666666665     18.648871144145197      41
0.6416666666666665     18.648871144145197      41
0.6416666666666665     18.648871144145197      41
0.6416666666666665     18.648871144145197      41
0.6416666666666665     18.648871144145197      41
0.6416666666666665     18.648871144145197      41
0.6416666666666665     18.648871144145197      41
0.6416666666666665     18.648871144145197      41
0.6416666666666665     18.648871144145197      41
0.6416666666666665     18.648871144145197      41
0.6416666666666665     18.648871144145197      41
0.6416666666666665     18.648871144145197      41
0.6416666666666665     18.648871144145197      41
0.6416666666666665     18.648871144145197      41
0.6416666666666665     18.648871144145197      41
0.6416666666666665     18.648871144145197      41
0.6416666666666665     18.648871144145197      41
0.6416666666666665     18.648871144145197      41
0.6416666666666665     18.648871144145197      41
0.6416666666666665     18.648871144145197      41
0.6416666666666665     18.648871144145197      41
0.6416666666666665     18.648871144145197      41
0.6416666666666665     18.648871144145197      41
0.6416666666666665     18.648871144145197      41
0.6416666666666665     18.648871144145197      41
0.6416666666666665     18.648871144145197      41
0.6416666666666665     18.648871144145197      41
0.6416666666666665     18.648871144145197      41
0.6416666666666665     18.648871144145197      41
0.6416666666666665     18.648871144145197      41
0.6416666666666665     18.648871144145197      41
0.6416666666666665     18.648871144145197      41
0.6416666666666665     18.648871144145197      41
0.6416666666666665     18.648871144145197      41
0.6416666666666665     18.648871144145197      41
0.6416666666666665     18.648871144145197      41
0.6416666666666665     18.648871144145197      41
0.6416666666666665     18.648871144145197      41
0.6416666666666665     18.648871144145197      41
0.6416666666666665     18.648871144145197      41
0.6416666666666665     18.648871144145197      41
0.6416666666666665     18.648871144145197      41
0.6416666666666665     18.648871144145197      41
0.6416666666666665     18.648871144145197      41
0.6416666666666665     18.648871144145197      41
0.6416666666666665     18.648871144145197      41
0.6416666666666665     18.648871144145197      41
0.6416666666666665     18.648871144145197      41
0.6416666666666665     18.648871144145197      41
0.6416666666666665     18.648871144145197      41
0.6416666666666665     18.648871144145197      41
0.6416666666666665     18.648871144145197      41
0.6416666666666665     18.648871144145197      41
0.6416666666666665     18.648871144145197      41
0.6416666666666665     18.648871144145197      41
0.6416666666666665     18.648871144145197      41
0.6416666666666665     18.648871144145197      41
0.6416666666666665     18.648871144145197      41
0.6416666666666665     18.648871144145197      41
0.6416666666666665     18.648871144145197      41
0.6416666666666665     18.648871144145197      41
0.6416666666666665     18.648871144145197      41
0.6416666666666665     18.648871144145197      41
0.6416666666666665     18.648871144145197      41
0.6416666666666665     18.648871144145197      41
0.6416666666666665     18.648871144145197      41
0.6416666666666665     18.648871144145197      41
0.6416666666666665     18.648871144145197      41
0.6416666666666665     18.648871144145197      41
0.6416666666666665     18.648871144145197      41
0.6416666666666665     18.648871144145197      41
0.6416666666666665     18.648871144145197      41
0.6416666666666665     18.648871144145197      41
0.6416666666666665     18.648871144145197      41
0.6416666666666665     18.648871144145197      41
