0.8208333333333326     26.215630645021417      45
0.8208333333333326     26.215630645021417      45
0.7499999999999994     30.16620021353149      40
0.816666666666666     26.215630645021417      43
0.816666666666666     26.215630645021417      43
0.816666666666666     26.215630645021417      43
0.8291666666666659     26.215630645021417      44
0.766666666666666     23.657062888359242      41
0.7083333333333329     34.52477394677945      36
0.7083333333333329     34.52477394677945      36
0.7083333333333329     34.52477394677945      36
0.7083333333333329     34.52477394677945      36
0.7083333333333329     34.52477394677945      36
0.7083333333333329     34.52477394677945      36
0.7083333333333329     34.52477394677945      36
0.7083333333333329     34.52477394677945      36
0.766666666666666     20.39175167657723      42
0.7083333333333329     34.52477394677945      36
0.7833333333333328     67.02829759498833      37
0.7083333333333329     34.52477394677945      36
0.7083333333333329     34.52477394677945      36
0.7083333333333329     34.52477394677945      36
0.7833333333333328     20.37078512929095      42
0.7833333333333328     20.37078512929095      42
0.7833333333333328     20.37078512929095      42
0.7833333333333328     20.37078512929095      42
0.7833333333333328     20.37078512929095      42
0.7833333333333328     20.37078512929095      42
0.7833333333333328     20.37078512929095      42
0.7833333333333328     20.37078512929095      42
0.7833333333333328     20.37078512929095      42
0.7833333333333328     20.37078512929095      42
0.7833333333333328     20.37078512929095      42
0.7833333333333328     20.37078512929095      42
0.7833333333333328     20.37078512929095      42
0.7833333333333328     20.37078512929095      42
0.6458333333333331     24.465619829022245      35
0.7583333333333327     16.81840263868218      38
0.7583333333333327     16.81840263868218      38
0.7583333333333327     16.81840263868218      38
0.7583333333333327     16.81840263868218      38
0.7583333333333327     16.81840263868218      38
0.7583333333333327     16.81840263868218      38
0.7583333333333327     16.81840263868218      38
0.7583333333333327     16.81840263868218      38
0.7583333333333327     16.81840263868218      38
0.7583333333333327     16.81840263868218      38
0.7583333333333327     16.81840263868218      38
0.7583333333333327     16.81840263868218      38
0.7583333333333327     16.81840263868218      38
0.7583333333333327     16.81840263868218      38
0.7583333333333327     16.81840263868218      38
0.7583333333333327     16.81840263868218      38
0.695833333333333     20.37078512929095      35
0.695833333333333     20.37078512929095      35
0.695833333333333     20.37078512929095      35
0.7583333333333327     16.81840263868218      38
0.7583333333333327     16.81840263868218      38
0.695833333333333     20.37078512929095      35
0.695833333333333     20.37078512929095      35
0.695833333333333     20.37078512929095      35
0.695833333333333     20.37078512929095      35
0.695833333333333     20.37078512929095      35
0.695833333333333     20.37078512929095      35
0.695833333333333     20.37078512929095      35
0.695833333333333     20.37078512929095      35
0.695833333333333     20.37078512929095      35
0.695833333333333     20.37078512929095      35
0.695833333333333     20.37078512929095      35
0.695833333333333     20.37078512929095      35
0.7583333333333327     16.81840263868218      38
0.7583333333333327     16.81840263868218      38
0.7583333333333327     16.81840263868218      38
0.695833333333333     20.37078512929095      35
0.7583333333333327     16.81840263868218      38
0.7583333333333327     16.81840263868218      38
0.7583333333333327     16.81840263868218      38
0.695833333333333     20.37078512929095      35
0.695833333333333     20.37078512929095      35
0.695833333333333     20.37078512929095      35
0.695833333333333     20.37078512929095      35
0.7583333333333327     16.81840263868218      38
0.7583333333333327     16.81840263868218      38
0.7583333333333327     16.81840263868218      38
0.7583333333333327     16.81840263868218      38
0.695833333333333     20.37078512929095      35
0.7583333333333327     16.81840263868218      38
0.695833333333333     20.37078512929095      35
0.7583333333333327     16.81840263868218      38
0.695833333333333     20.37078512929095      35
0.7583333333333327     16.81840263868218      38
0.695833333333333     20.37078512929095      35
0.695833333333333     20.37078512929095      35
0.695833333333333     20.37078512929095      35
0.7583333333333327     16.81840263868218      38
0.695833333333333     20.37078512929095      35
0.695833333333333     20.37078512929095      35
0.7583333333333327     16.81840263868218      38
0.7583333333333327     16.81840263868218      38
0.7583333333333327     16.81840263868218      38
0.7583333333333327     16.81840263868218      38
0.7583333333333327     16.81840263868218      38
0.7583333333333327     16.81840263868218      38
0.7583333333333327     16.81840263868218      38
0.7583333333333327     16.81840263868218      38
0.7583333333333327     16.81840263868218      38
0.7583333333333327     16.81840263868218      38
0.7583333333333327     16.81840263868218      38
0.7583333333333327     16.81840263868218      38
0.7583333333333327     16.81840263868218      38
0.7583333333333327     16.81840263868218      38
0.7583333333333327     16.81840263868218      38
0.7583333333333327     16.81840263868218      38
0.7583333333333327     16.81840263868218      38
0.7583333333333327     16.81840263868218      38
0.7583333333333327     16.81840263868218      38
0.7583333333333327     16.81840263868218      38
0.7583333333333327     16.81840263868218      38
0.7583333333333327     16.81840263868218      38
0.7583333333333327     16.81840263868218      38
0.7583333333333327     16.81840263868218      38
0.7583333333333327     16.81840263868218      38
0.7583333333333327     16.81840263868218      38
0.7583333333333327     16.81840263868218      38
0.7583333333333327     16.81840263868218      38
0.7583333333333327     16.81840263868218      38
0.7583333333333327     16.81840263868218      38
0.7583333333333327     16.81840263868218      38
0.7583333333333327     16.81840263868218      38
0.7583333333333327     16.81840263868218      38
0.7583333333333327     16.81840263868218      38
0.7583333333333327     16.81840263868218      38
0.7583333333333327     16.81840263868218      38
0.7583333333333327     16.81840263868218      38
0.7583333333333327     16.81840263868218      38
0.7583333333333327     16.81840263868218      38
0.7583333333333327     16.81840263868218      38
0.7583333333333327     16.81840263868218      38
0.7583333333333327     16.81840263868218      38
0.7583333333333327     16.81840263868218      38
0.7583333333333327     16.81840263868218      38
0.7583333333333327     16.81840263868218      38
0.6958333333333329     34.52477394677945      34
0.6958333333333329     34.52477394677945      34
0.6958333333333329     34.52477394677945      34
0.6958333333333329     34.52477394677945      34
0.6958333333333329     34.52477394677945      34
0.6958333333333329     34.52477394677945      34
0.6958333333333329     34.52477394677945      34
0.6958333333333329     34.52477394677945      34
0.6958333333333329     34.52477394677945      34
0.6958333333333329     34.52477394677945      34
0.6958333333333329     34.52477394677945      34
0.6958333333333329     34.52477394677945      34
0.6958333333333329     34.52477394677945      34
0.6958333333333329     34.52477394677945      34
0.6958333333333329     34.52477394677945      34
0.6958333333333329     34.52477394677945      34
0.6958333333333329     34.52477394677945      34
0.6958333333333329     34.52477394677945      34
0.6958333333333329     34.52477394677945      34
0.6958333333333329     34.52477394677945      34
0.6958333333333329     34.52477394677945      34
0.6958333333333329     34.52477394677945      34
0.6958333333333329     34.52477394677945      34
0.6958333333333329     34.52477394677945      34
0.6958333333333329     34.52477394677945      34
0.7583333333333327     16.81840263868218      38
0.7583333333333327     16.81840263868218      38
0.7583333333333327     16.81840263868218      38
0.7583333333333327     16.81840263868218      38
0.7583333333333327     16.81840263868218      38
0.7583333333333327     16.81840263868218      38
0.7583333333333327     16.81840263868218      38
0.7583333333333327     16.81840263868218      38
0.7583333333333327     16.81840263868218      38
0.7583333333333327     16.81840263868218      38
0.6958333333333329     34.52477394677945      34
0.6958333333333329     34.52477394677945      34
0.7583333333333327     16.81840263868218      38
0.6958333333333329     34.52477394677945      34
0.7583333333333327     16.81840263868218      38
0.7583333333333327     16.81840263868218      38
0.7583333333333327     16.81840263868218      38
0.7583333333333327     16.81840263868218      38
0.7583333333333327     16.81840263868218      38
0.7583333333333327     16.81840263868218      38
0.7583333333333327     16.81840263868218      38
0.7583333333333327     16.81840263868218      38
0.7583333333333327     16.81840263868218      38
0.7583333333333327     16.81840263868218      38
0.7583333333333327     16.81840263868218      38
0.7583333333333327     16.81840263868218      38
0.7583333333333327     16.81840263868218      38
0.7583333333333327     16.81840263868218      38
0.6958333333333329     34.52477394677945      34
0.6958333333333329     34.52477394677945      34
0.6958333333333329     34.52477394677945      34
0.6958333333333329     34.52477394677945      34
0.6958333333333329     34.52477394677945      34
