0.8208333333333326     26.215630645021417      45
0.8208333333333326     26.215630645021417      45
0.7541666666666661     34.52477394677945      37
0.766666666666666     20.39175167657723      42
0.7416666666666661     20.39175167657723      41
0.7541666666666661     34.52477394677945      37
0.7541666666666661     34.52477394677945      37
0.7541666666666661     34.52477394677945      37
0.7541666666666661     34.52477394677945      37
0.7541666666666661     34.52477394677945      37
0.7541666666666661     34.52477394677945      37
0.8083333333333327     20.37078512929095      45
0.7708333333333327     67.02829759498833      36
0.7041666666666662     26.215630645021417      38
0.7708333333333327     67.02829759498833      36
0.816666666666666     26.215630645021417      43
0.7708333333333327     67.02829759498833      36
0.7708333333333327     67.02829759498833      36
0.7708333333333327     67.02829759498833      36
0.7541666666666661     34.52477394677945      37
0.7041666666666662     26.215630645021417      38
0.7708333333333327     67.02829759498833      36
0.7041666666666662     26.215630645021417      38
0.7708333333333327     67.02829759498833      36
0.7708333333333327     67.02829759498833      36
0.7708333333333327     67.02829759498833      36
0.7708333333333327     67.02829759498833      36
0.8291666666666659     26.215630645021417      45
0.7708333333333327     67.02829759498833      36
0.7041666666666662     26.215630645021417      38
0.7041666666666662     26.215630645021417      38
0.7041666666666662     26.215630645021417      38
0.7708333333333327     67.02829759498833      36
0.7041666666666662     26.215630645021417      38
0.7708333333333327     67.02829759498833      36
0.8291666666666659     26.215630645021417      45
0.7708333333333327     67.02829759498833      36
0.7708333333333327     67.02829759498833      36
0.7708333333333327     67.02829759498833      36
0.7708333333333327     67.02829759498833      36
0.8291666666666659     26.215630645021417      45
0.7708333333333327     67.02829759498833      36
0.7708333333333327     67.02829759498833      36
0.7708333333333327     67.02829759498833      36
0.7708333333333327     67.02829759498833      36
0.7708333333333327     67.02829759498833      36
0.7708333333333327     67.02829759498833      36
0.7708333333333327     67.02829759498833      36
0.7708333333333327     67.02829759498833      36
0.7708333333333327     67.02829759498833      36
0.7708333333333327     67.02829759498833      36
0.7708333333333327     67.02829759498833      36
0.7249999999999995     19.452447078982416      41
0.7249999999999995     19.452447078982416      41
0.7249999999999995     19.452447078982416      41
0.7708333333333327     67.02829759498833      36
0.8291666666666659     26.215630645021417      45
0.7333333333333328     19.452447078982416      40
0.7333333333333328     19.452447078982416      40
0.7333333333333328     19.452447078982416      40
0.7333333333333328     19.452447078982416      40
0.7333333333333328     19.452447078982416      40
0.7333333333333328     19.452447078982416      40
0.7333333333333328     19.452447078982416      40
0.7333333333333328     19.452447078982416      40
0.7333333333333328     19.452447078982416      40
0.7333333333333328     19.452447078982416      40
0.7333333333333328     19.452447078982416      40
0.7333333333333328     19.452447078982416      40
0.7333333333333328     19.452447078982416      40
0.7333333333333328     19.452447078982416      40
0.7333333333333328     19.452447078982416      40
0.7333333333333328     19.452447078982416      40
0.7333333333333328     19.452447078982416      40
0.7333333333333328     19.452447078982416      40
0.7333333333333328     19.452447078982416      40
0.7333333333333328     19.452447078982416      40
0.7333333333333328     19.452447078982416      40
0.7333333333333328     19.452447078982416      40
0.7333333333333328     19.452447078982416      40
0.7333333333333328     19.452447078982416      40
0.7333333333333328     19.452447078982416      40
0.7333333333333328     19.452447078982416      40
0.7333333333333328     19.452447078982416      40
0.7333333333333328     19.452447078982416      40
0.7333333333333328     19.452447078982416      40
0.7333333333333328     19.452447078982416      40
0.7333333333333328     19.452447078982416      40
0.7333333333333328     19.452447078982416      40
0.7333333333333328     19.452447078982416      40
0.7333333333333328     19.452447078982416      40
0.7333333333333328     19.452447078982416      40
0.7333333333333328     19.452447078982416      40
0.7333333333333328     19.452447078982416      40
0.7333333333333328     19.452447078982416      40
0.7333333333333328     19.452447078982416      40
0.7333333333333328     19.452447078982416      40
0.7333333333333328     19.452447078982416      40
0.7333333333333328     19.452447078982416      40
0.7333333333333328     19.452447078982416      40
0.7333333333333328     19.452447078982416      40
0.7333333333333328     19.452447078982416      40
0.7333333333333328     19.452447078982416      40
0.7333333333333328     19.452447078982416      40
0.7333333333333328     19.452447078982416      40
0.7333333333333328     19.452447078982416      40
0.7333333333333328     19.452447078982416      40
0.7333333333333328     19.452447078982416      40
0.7333333333333328     19.452447078982416      40
0.7333333333333328     19.452447078982416      40
0.7333333333333328     19.452447078982416      40
0.7333333333333328     19.452447078982416      40
0.7333333333333328     19.452447078982416      40
0.7333333333333328     19.452447078982416      40
0.7333333333333328     19.452447078982416      40
0.7333333333333328     19.452447078982416      40
0.7333333333333328     19.452447078982416      40
0.7333333333333328     19.452447078982416      40
0.7333333333333328     19.452447078982416      40
0.7333333333333328     19.452447078982416      40
0.7333333333333328     19.452447078982416      40
0.7333333333333328     19.452447078982416      40
0.7333333333333328     19.452447078982416      40
0.7333333333333328     19.452447078982416      40
0.7333333333333328     19.452447078982416      40
0.7333333333333328     19.452447078982416      40
0.7333333333333328     19.452447078982416      40
0.7333333333333328     19.452447078982416      40
0.7333333333333328     19.452447078982416      40
0.7333333333333328     19.452447078982416      40
0.7333333333333328     19.452447078982416      40
0.7333333333333328     19.452447078982416      40
0.7333333333333328     19.452447078982416      40
0.7333333333333328     19.452447078982416      40
0.7333333333333328     19.452447078982416      40
0.7333333333333328     19.452447078982416      40
0.7333333333333328     19.452447078982416      40
0.7333333333333328     19.452447078982416      40
0.7333333333333328     19.452447078982416      40
0.7333333333333328     19.452447078982416      40
0.7333333333333328     19.452447078982416      40
0.7333333333333328     19.452447078982416      40
0.7333333333333328     19.452447078982416      40
0.7333333333333328     19.452447078982416      40
0.7333333333333328     19.452447078982416      40
0.7333333333333328     19.452447078982416      40
0.7333333333333328     19.452447078982416      40
0.7333333333333328     19.452447078982416      40
0.7333333333333328     19.452447078982416      40
0.7333333333333328     19.452447078982416      40
0.7333333333333328     19.452447078982416      40
0.7333333333333328     19.452447078982416      40
0.7333333333333328     19.452447078982416      40
0.7333333333333328     19.452447078982416      40
0.7333333333333328     19.452447078982416      40
0.7333333333333328     19.452447078982416      40
0.8291666666666659     24.465619829022245      43
0.7333333333333328     19.452447078982416      40
0.7333333333333328     19.452447078982416      40
0.7333333333333328     19.452447078982416      40
0.7333333333333328     19.452447078982416      40
0.7333333333333328     19.452447078982416      40
0.7333333333333328     19.452447078982416      40
0.7333333333333328     19.452447078982416      40
0.7333333333333328     19.452447078982416      40
0.7333333333333328     19.452447078982416      40
0.7333333333333328     19.452447078982416      40
0.7333333333333328     19.452447078982416      40
0.7333333333333328     19.452447078982416      40
0.7333333333333328     19.452447078982416      40
0.7333333333333328     19.452447078982416      40
0.7333333333333328     19.452447078982416      40
0.7624999999999995     30.16620021353149      35
0.8291666666666659     24.465619829022245      43
0.779166666666666     18.648871144145197      42
0.779166666666666     18.648871144145197      42
0.779166666666666     18.648871144145197      42
0.779166666666666     18.648871144145197      42
0.779166666666666     18.648871144145197      42
0.779166666666666     18.648871144145197      42
0.779166666666666     18.648871144145197      42
0.695833333333333     28.52987122025878      35
0.695833333333333     28.52987122025878      35
0.779166666666666     18.648871144145197      42
0.695833333333333     28.52987122025878      35
0.695833333333333     28.52987122025878      35
0.779166666666666     18.648871144145197      42
0.695833333333333     28.52987122025878      35
0.8291666666666659     24.465619829022245      43
0.779166666666666     18.648871144145197      42
0.779166666666666     18.648871144145197      42
0.779166666666666     18.648871144145197      42
0.695833333333333     28.52987122025878      35
0.695833333333333     28.52987122025878      35
0.8291666666666659     24.465619829022245      43
0.695833333333333     28.52987122025878      35
0.695833333333333     28.52987122025878      35
0.7166666666666662     16.920345244993765      41
0.695833333333333     28.52987122025878      35
0.695833333333333     28.52987122025878      35
