0.8208333333333326     26.215630645021417      45
0.7999999999999994     34.52477394677945      42
0.8291666666666659     26.215630645021417      43
0.7958333333333326     67.02829759498833      38
0.7166666666666662     28.52987122025878      37
0.7166666666666662     28.52987122025878      37
0.766666666666666     20.37078512929095      41
0.8291666666666659     26.215630645021417      43
0.8291666666666659     26.215630645021417      43
0.7166666666666662     28.52987122025878      37
0.8291666666666659     26.215630645021417      43
0.6749999999999996     26.215630645021417      39
0.7166666666666662     28.52987122025878      37
0.8291666666666659     26.215630645021417      43
0.8291666666666659     26.215630645021417      43
0.8291666666666659     26.215630645021417      43
0.7166666666666662     28.52987122025878      37
0.779166666666666     19.452447078982416      43
0.7166666666666662     28.52987122025878      37
0.779166666666666     19.452447078982416      43
0.779166666666666     19.452447078982416      43
0.779166666666666     19.452447078982416      43
0.695833333333333     19.452447078982416      39
0.695833333333333     19.452447078982416      39
0.695833333333333     19.452447078982416      39
0.766666666666666     67.02829759498833      36
0.7249999999999995     19.452447078982416      39
0.7249999999999995     19.452447078982416      39
0.7249999999999995     19.452447078982416      39
0.7249999999999995     19.452447078982416      39
0.7249999999999995     19.452447078982416      39
0.7249999999999995     19.452447078982416      39
0.7249999999999995     19.452447078982416      39
0.7249999999999995     19.452447078982416      39
0.7249999999999995     19.452447078982416      39
0.7249999999999995     19.452447078982416      39
0.7249999999999995     19.452447078982416      39
0.7249999999999995     19.452447078982416      39
0.7249999999999995     19.452447078982416      39
0.7249999999999995     19.452447078982416      39
0.7249999999999995     19.452447078982416      39
0.7249999999999995     19.452447078982416      39
0.7249999999999995     19.452447078982416      39
0.7249999999999995     19.452447078982416      39
0.7249999999999995     19.452447078982416      39
0.7249999999999995     19.452447078982416      39
0.7249999999999995     19.452447078982416      39
0.7249999999999995     19.452447078982416      39
0.7249999999999995     19.452447078982416      39
0.7249999999999995     19.452447078982416      39
0.7249999999999995     19.452447078982416      39
0.7249999999999995     19.452447078982416      39
0.7249999999999995     19.452447078982416      39
0.7249999999999995     19.452447078982416      39
0.7249999999999995     19.452447078982416      39
0.7249999999999995     19.452447078982416      39
0.7249999999999995     19.452447078982416      39
0.7249999999999995     19.452447078982416      39
0.7249999999999995     19.452447078982416      39
0.7249999999999995     19.452447078982416      39
0.7249999999999995     19.452447078982416      39
0.7249999999999995     19.452447078982416      39
0.7249999999999995     19.452447078982416      39
0.7249999999999995     19.452447078982416      39
0.7249999999999995     19.452447078982416      39
0.7249999999999995     19.452447078982416      39
0.7249999999999995     19.452447078982416      39
0.7249999999999995     19.452447078982416      39
0.7249999999999995     19.452447078982416      39
0.6624999999999998     34.52477394677945      35
0.7249999999999995     19.452447078982416      39
0.7249999999999995     19.452447078982416      39
0.7249999999999995     19.452447078982416      39
0.7249999999999995     19.452447078982416      39
0.7249999999999995     19.452447078982416      39
0.7249999999999995     19.452447078982416      39
0.7249999999999995     19.452447078982416      39
0.7249999999999995     19.452447078982416      39
0.7249999999999995     19.452447078982416      39
0.7249999999999995     19.452447078982416      39
0.7249999999999995     19.452447078982416      39
0.7249999999999995     19.452447078982416      39
0.7249999999999995     19.452447078982416      39
0.7249999999999995     19.452447078982416      39
0.7249999999999995     19.452447078982416      39
0.7249999999999995     19.452447078982416      39
0.7249999999999995     19.452447078982416      39
0.7249999999999995     19.452447078982416      39
0.7249999999999995     19.452447078982416      39
0.7249999999999995     19.452447078982416      39
0.7249999999999995     19.452447078982416      39
0.7249999999999995     19.452447078982416      39
0.7249999999999995     19.452447078982416      39
0.7249999999999995     19.452447078982416      39
0.7249999999999995     19.452447078982416      39
0.7249999999999995     19.452447078982416      39
0.7249999999999995     19.452447078982416      39
0.7249999999999995     19.452447078982416      39
0.7249999999999995     19.452447078982416      39
0.7249999999999995     19.452447078982416      39
0.7249999999999995     19.452447078982416      39
0.7249999999999995     19.452447078982416      39
0.7249999999999995     19.452447078982416      39
0.7249999999999995     19.452447078982416      39
0.7249999999999995     19.452447078982416      39
0.7249999999999995     19.452447078982416      39
0.7249999999999995     19.452447078982416      39
0.7249999999999995     19.452447078982416      39
0.7249999999999995     19.452447078982416      39
0.7249999999999995     19.452447078982416      39
0.7249999999999995     19.452447078982416      39
0.7249999999999995     19.452447078982416      39
0.7249999999999995     19.452447078982416      39
0.7249999999999995     19.452447078982416      39
0.7249999999999995     19.452447078982416      39
0.7249999999999995     19.452447078982416      39
0.7249999999999995     19.452447078982416      39
0.7249999999999995     19.452447078982416      39
0.7249999999999995     19.452447078982416      39
0.7249999999999995     19.452447078982416      39
0.7249999999999995     19.452447078982416      39
0.7249999999999995     19.452447078982416      39
0.7249999999999995     19.452447078982416      39
0.7249999999999995     19.452447078982416      39
0.7249999999999995     19.452447078982416      39
0.7249999999999995     19.452447078982416      39
0.7249999999999995     19.452447078982416      39
0.7249999999999995     19.452447078982416      39
0.7249999999999995     19.452447078982416      39
0.7249999999999995     19.452447078982416      39
0.7249999999999995     19.452447078982416      39
0.7249999999999995     19.452447078982416      39
0.7249999999999995     19.452447078982416      39
0.7249999999999995     19.452447078982416      39
0.7249999999999995     19.452447078982416      39
0.7249999999999995     19.452447078982416      39
0.7249999999999995     19.452447078982416      39
0.7249999999999995     19.452447078982416      39
0.7249999999999995     19.452447078982416      39
0.7249999999999995     19.452447078982416      39
0.7249999999999995     19.452447078982416      39
0.7249999999999995     19.452447078982416      39
0.7249999999999995     19.452447078982416      39
0.7249999999999995     19.452447078982416      39
0.7249999999999995     19.452447078982416      39
0.7249999999999995     19.452447078982416      39
0.7249999999999995     19.452447078982416      39
0.7249999999999995     19.452447078982416      39
0.7249999999999995     19.452447078982416      39
0.7249999999999995     19.452447078982416      39
0.7249999999999995     19.452447078982416      39
0.7249999999999995     19.452447078982416      39
0.7249999999999995     19.452447078982416      39
0.7249999999999995     19.452447078982416      39
0.7249999999999995     19.452447078982416      39
0.7249999999999995     19.452447078982416      39
0.7249999999999995     19.452447078982416      39
0.7249999999999995     19.452447078982416      39
0.7249999999999995     19.452447078982416      39
0.7249999999999995     19.452447078982416      39
0.7249999999999995     19.452447078982416      39
0.7249999999999995     19.452447078982416      39
0.7249999999999995     19.452447078982416      39
0.7249999999999995     19.452447078982416      39
0.7249999999999995     19.452447078982416      39
0.7249999999999995     19.452447078982416      39
0.7249999999999995     19.452447078982416      39
0.7249999999999995     19.452447078982416      39
0.7249999999999995     19.452447078982416      39
0.7249999999999995     19.452447078982416      39
0.7249999999999995     19.452447078982416      39
0.7249999999999995     19.452447078982416      39
0.7249999999999995     19.452447078982416      39
0.7249999999999995     19.452447078982416      39
0.7249999999999995     19.452447078982416      39
0.7249999999999995     19.452447078982416      39
0.7249999999999995     19.452447078982416      39
0.7249999999999995     19.452447078982416      39
0.7249999999999995     19.452447078982416      39
0.7249999999999995     19.452447078982416      39
0.7249999999999995     19.452447078982416      39
0.7249999999999995     19.452447078982416      39
0.7249999999999995     19.452447078982416      39
0.7249999999999995     19.452447078982416      39
0.7249999999999995     19.452447078982416      39
0.7249999999999995     19.452447078982416      39
0.7249999999999995     19.452447078982416      39
0.7249999999999995     19.452447078982416      39
0.7249999999999995     19.452447078982416      39
0.7249999999999995     19.452447078982416      39
0.7249999999999995     19.452447078982416      39
0.7249999999999995     19.452447078982416      39
0.7249999999999995     19.452447078982416      39
0.7249999999999995     19.452447078982416      39
0.7249999999999995     19.452447078982416      39
0.7249999999999995     19.452447078982416      39
0.7249999999999995     19.452447078982416      39
0.7249999999999995     19.452447078982416      39
0.7249999999999995     19.452447078982416      39
0.7249999999999995     19.452447078982416      39
