0.8208333333333326     26.215630645021417      45
0.8249999999999993     67.02829759498833      51
0.8083333333333326     67.02829759498833      42
0.7666666666666662     30.16620021353149      40
0.7458333333333329     28.52987122025878      37
0.8249999999999993     26.215630645021417      46
0.7499999999999997     67.02829759498833      35
0.7499999999999997     67.02829759498833      35
0.7499999999999997     67.02829759498833      35
0.7499999999999997     67.02829759498833      35
0.7541666666666661     20.39175167657723      43
0.7499999999999997     67.02829759498833      35
0.7499999999999997     67.02829759498833      35
0.7416666666666661     20.39175167657723      37
0.7416666666666661     20.39175167657723      37
0.7416666666666661     20.39175167657723      37
0.7499999999999997     67.02829759498833      35
0.7958333333333327     23.657062888359242      49
0.7416666666666661     19.452447078982416      42
0.7416666666666661     19.452447078982416      42
0.7416666666666661     19.452447078982416      42
0.7416666666666661     19.452447078982416      42
0.7416666666666661     19.452447078982416      42
0.7416666666666661     19.452447078982416      42
0.7416666666666661     19.452447078982416      42
0.7416666666666661     19.452447078982416      42
0.7416666666666661     19.452447078982416      42
0.7416666666666661     19.452447078982416      42
0.7416666666666661     19.452447078982416      42
0.7416666666666661     19.452447078982416      42
0.7416666666666661     19.452447078982416      42
0.7416666666666661     19.452447078982416      42
0.7416666666666661     19.452447078982416      42
0.7416666666666661     19.452447078982416      42
0.7416666666666661     19.452447078982416      42
0.7416666666666661     19.452447078982416      42
0.7416666666666661     19.452447078982416      42
0.7416666666666661     19.452447078982416      42
0.7416666666666661     19.452447078982416      42
0.7416666666666661     19.452447078982416      42
0.7416666666666661     19.452447078982416      42
0.7416666666666661     19.452447078982416      42
0.7416666666666661     19.452447078982416      42
0.7416666666666661     19.452447078982416      42
0.7416666666666661     19.452447078982416      42
0.7416666666666661     19.452447078982416      42
0.7416666666666661     19.452447078982416      42
0.7416666666666661     19.452447078982416      42
0.7416666666666661     19.452447078982416      42
0.7416666666666661     19.452447078982416      42
0.7416666666666661     19.452447078982416      42
0.7499999999999997     67.02829759498833      35
0.8291666666666659     28.52987122025878      46
0.8291666666666659     34.52477394677945      43
0.8291666666666659     28.52987122025878      46
0.7499999999999997     67.02829759498833      35
0.7499999999999997     67.02829759498833      35
0.7499999999999997     67.02829759498833      35
0.7499999999999997     67.02829759498833      35
0.7499999999999997     67.02829759498833      35
0.7499999999999997     67.02829759498833      35
0.7499999999999997     67.02829759498833      35
0.8291666666666659     28.52987122025878      46
0.7499999999999997     67.02829759498833      35
0.8291666666666659     28.52987122025878      46
0.7499999999999997     67.02829759498833      35
0.8291666666666659     28.52987122025878      46
0.7499999999999997     67.02829759498833      35
0.8291666666666659     28.52987122025878      46
0.8291666666666659     34.52477394677945      43
0.8291666666666659     28.52987122025878      46
0.7499999999999997     67.02829759498833      35
0.8291666666666659     28.52987122025878      46
0.8291666666666659     34.52477394677945      43
0.7499999999999997     67.02829759498833      35
0.8291666666666659     28.52987122025878      46
0.7499999999999997     67.02829759498833      35
0.8291666666666659     28.52987122025878      46
0.8291666666666659     26.215630645021417      49
0.8291666666666659     28.52987122025878      46
0.7499999999999997     67.02829759498833      35
0.8291666666666659     28.52987122025878      46
0.7499999999999997     67.02829759498833      35
0.8291666666666659     28.52987122025878      46
0.7499999999999997     67.02829759498833      35
0.8291666666666659     28.52987122025878      46
0.7458333333333328     16.81840263868218      43
0.7458333333333328     16.81840263868218      43
0.7458333333333328     16.81840263868218      43
0.8291666666666659     26.215630645021417      49
0.7458333333333328     16.81840263868218      43
0.7458333333333328     16.81840263868218      43
0.7458333333333328     16.81840263868218      43
0.7499999999999997     67.02829759498833      35
0.7458333333333328     16.81840263868218      43
0.7458333333333328     16.81840263868218      43
0.7458333333333328     16.81840263868218      43
0.7458333333333328     16.81840263868218      43
0.7458333333333328     16.81840263868218      43
0.7458333333333328     16.81840263868218      43
0.7458333333333328     16.81840263868218      43
0.7458333333333328     16.81840263868218      43
0.7458333333333328     16.81840263868218      43
0.7458333333333328     16.81840263868218      43
0.7458333333333328     16.81840263868218      43
0.7458333333333328     16.81840263868218      43
0.7458333333333328     16.81840263868218      43
0.7458333333333328     16.81840263868218      43
0.7458333333333328     16.81840263868218      43
0.7458333333333328     16.81840263868218      43
0.7458333333333328     16.81840263868218      43
0.7458333333333328     16.81840263868218      43
0.8291666666666659     28.52987122025878      45
0.7458333333333328     16.81840263868218      43
0.7458333333333328     16.81840263868218      43
0.7458333333333328     16.81840263868218      43
0.7458333333333328     16.81840263868218      43
0.7458333333333328     16.81840263868218      43
0.7458333333333328     16.81840263868218      43
0.7708333333333328     34.52477394677945      35
0.7458333333333328     16.81840263868218      43
0.7708333333333328     34.52477394677945      35
0.7458333333333328     16.81840263868218      43
0.7708333333333328     34.52477394677945      35
0.7708333333333328     34.52477394677945      35
0.7708333333333328     34.52477394677945      35
0.7458333333333328     16.81840263868218      43
0.7458333333333328     16.81840263868218      43
0.7458333333333328     16.81840263868218      43
0.7458333333333328     16.81840263868218      43
0.7708333333333328     34.52477394677945      35
0.7708333333333328     34.52477394677945      35
0.7458333333333328     16.81840263868218      43
0.7458333333333328     16.81840263868218      43
0.7458333333333328     16.81840263868218      43
0.7458333333333328     16.81840263868218      43
0.7708333333333328     34.52477394677945      35
0.7708333333333328     34.52477394677945      35
0.7708333333333328     34.52477394677945      35
0.7708333333333328     34.52477394677945      35
0.7708333333333328     34.52477394677945      35
0.7708333333333328     34.52477394677945      35
0.7458333333333328     16.81840263868218      43
0.7458333333333328     16.81840263868218      43
0.7708333333333328     34.52477394677945      35
0.7458333333333328     16.81840263868218      43
0.7458333333333328     16.81840263868218      43
0.7708333333333328     34.52477394677945      35
0.7458333333333328     16.81840263868218      43
0.7708333333333328     34.52477394677945      35
0.7458333333333328     16.81840263868218      43
0.7708333333333328     34.52477394677945      35
0.7708333333333328     34.52477394677945      35
0.7708333333333328     34.52477394677945      35
0.7708333333333328     34.52477394677945      35
0.7458333333333328     16.81840263868218      43
0.7708333333333328     34.52477394677945      35
0.7458333333333328     16.81840263868218      43
0.7708333333333328     34.52477394677945      35
0.7458333333333328     16.81840263868218      43
0.7458333333333328     16.81840263868218      43
0.7458333333333328     16.81840263868218      43
0.7708333333333328     34.52477394677945      35
0.7458333333333328     16.81840263868218      43
0.7458333333333328     16.81840263868218      43
0.7708333333333328     34.52477394677945      35
0.7458333333333328     16.81840263868218      43
0.6541666666666665     23.657062888359242      36
0.6541666666666665     23.657062888359242      36
0.6541666666666665     23.657062888359242      36
0.6541666666666665     23.657062888359242      36
0.6541666666666665     23.657062888359242      36
0.6541666666666665     23.657062888359242      36
0.6541666666666665     23.657062888359242      36
0.6541666666666665     23.657062888359242      36
0.6541666666666665     23.657062888359242      36
0.6541666666666665     23.657062888359242      36
0.6541666666666665     23.657062888359242      36
0.6541666666666665     23.657062888359242      36
0.6541666666666665     23.657062888359242      36
0.6541666666666665     23.657062888359242      36
0.6541666666666665     23.657062888359242      36
0.6541666666666665     23.657062888359242      36
0.6541666666666665     23.657062888359242      36
0.6541666666666665     23.657062888359242      36
0.6541666666666665     23.657062888359242      36
0.6541666666666665     23.657062888359242      36
0.6541666666666665     23.657062888359242      36
0.6541666666666665     23.657062888359242      36
0.6541666666666665     23.657062888359242      36
0.7458333333333328     16.81840263868218      43
0.6541666666666665     23.657062888359242      36
0.7708333333333328     34.52477394677945      35
0.7708333333333328     34.52477394677945      35
0.7708333333333328     34.52477394677945      35
0.7708333333333328     34.52477394677945      35
0.7708333333333328     34.52477394677945      35
0.7708333333333328     34.52477394677945      35
0.7458333333333328     16.81840263868218      43
0.7708333333333328     34.52477394677945      35
