0.8208333333333326     26.215630645021417      45
0.8208333333333326     26.215630645021417      45
0.7791666666666661     34.52477394677945      40
0.8249999999999992     67.02829759498833      47
0.804166666666666     26.215630645021417      43
0.779166666666666     23.657062888359242      41
0.779166666666666     23.657062888359242      41
0.779166666666666     23.657062888359242      41
0.8291666666666659     31.04791203387665      47
0.7749999999999994     20.37078512929095      41
0.695833333333333     23.657062888359242      40
0.7749999999999994     20.37078512929095      41
0.7749999999999994     20.37078512929095      41
0.7749999999999994     20.37078512929095      41
0.7749999999999994     20.37078512929095      41
0.7749999999999994     20.37078512929095      41
0.7749999999999994     20.37078512929095      41
0.7749999999999994     20.37078512929095      41
0.7749999999999994     20.37078512929095      41
0.7749999999999994     20.37078512929095      41
0.7749999999999994     20.37078512929095      41
0.7749999999999994     20.37078512929095      41
0.7749999999999994     20.37078512929095      41
0.7749999999999994     20.37078512929095      41
0.7749999999999994     20.37078512929095      41
0.7749999999999994     20.37078512929095      41
0.7749999999999994     20.37078512929095      41
0.7749999999999994     20.37078512929095      41
0.7749999999999994     20.37078512929095      41
0.7749999999999994     20.37078512929095      41
0.7749999999999994     20.37078512929095      41
0.7749999999999994     20.37078512929095      41
0.7749999999999994     20.37078512929095      41
0.7749999999999994     20.37078512929095      41
0.7749999999999994     20.37078512929095      41
0.7749999999999994     20.37078512929095      41
0.7749999999999994     20.37078512929095      41
0.7749999999999994     20.37078512929095      41
0.7749999999999994     20.37078512929095      41
0.7749999999999994     20.37078512929095      41
0.7749999999999994     20.37078512929095      41
0.7749999999999994     20.37078512929095      41
0.6666666666666664     31.04791203387665      35
0.7291666666666662     19.452447078982416      40
0.7291666666666662     19.452447078982416      40
0.7291666666666662     19.452447078982416      40
0.7291666666666662     19.452447078982416      40
0.7291666666666662     19.452447078982416      40
0.7291666666666662     19.452447078982416      40
0.7291666666666662     19.452447078982416      40
0.7291666666666662     19.452447078982416      40
0.7291666666666662     19.452447078982416      40
0.7291666666666662     19.452447078982416      40
0.7291666666666662     19.452447078982416      40
0.7291666666666662     19.452447078982416      40
0.7291666666666662     19.452447078982416      40
0.7291666666666662     19.452447078982416      40
0.7291666666666662     19.452447078982416      40
0.7291666666666662     19.452447078982416      40
0.7291666666666662     19.452447078982416      40
0.7291666666666662     19.452447078982416      40
0.7291666666666662     19.452447078982416      40
0.7291666666666662     19.452447078982416      40
0.7291666666666662     19.452447078982416      40
0.7291666666666662     19.452447078982416      40
0.7291666666666662     19.452447078982416      40
0.7291666666666662     19.452447078982416      40
0.7291666666666662     19.452447078982416      40
0.7291666666666662     19.452447078982416      40
0.6666666666666664     31.04791203387665      35
0.6666666666666664     31.04791203387665      35
0.7291666666666662     19.452447078982416      40
0.7291666666666662     19.452447078982416      40
0.7291666666666662     19.452447078982416      40
0.7291666666666662     19.452447078982416      40
0.7291666666666662     19.452447078982416      40
0.7291666666666662     19.452447078982416      40
0.7291666666666662     19.452447078982416      40
0.6666666666666664     31.04791203387665      35
0.7374999999999995     19.070072839672633      42
0.7374999999999995     19.070072839672633      42
0.7374999999999995     19.070072839672633      42
0.7374999999999995     19.070072839672633      42
0.7374999999999995     19.070072839672633      42
0.7374999999999995     19.070072839672633      42
0.7374999999999995     19.070072839672633      42
0.7374999999999995     19.070072839672633      42
0.7374999999999995     19.070072839672633      42
0.7374999999999995     19.070072839672633      42
0.7374999999999995     19.070072839672633      42
0.7374999999999995     19.070072839672633      42
0.7374999999999995     19.070072839672633      42
0.7374999999999995     19.070072839672633      42
0.7374999999999995     19.070072839672633      42
0.8291666666666659     24.465619829022245      40
0.7374999999999995     19.070072839672633      42
0.7374999999999995     19.070072839672633      42
0.7374999999999995     19.070072839672633      42
0.7374999999999995     19.070072839672633      42
0.7374999999999995     19.070072839672633      42
0.7374999999999995     19.070072839672633      42
0.7374999999999995     19.070072839672633      42
0.7374999999999995     19.070072839672633      42
0.7374999999999995     19.070072839672633      42
0.7374999999999995     19.070072839672633      42
0.8291666666666659     24.465619829022245      40
0.7374999999999995     19.070072839672633      42
0.7374999999999995     19.070072839672633      42
0.7374999999999995     19.070072839672633      42
0.7374999999999995     19.070072839672633      42
0.7374999999999995     19.070072839672633      42
0.7374999999999995     19.070072839672633      42
0.7374999999999995     19.070072839672633      42
0.7374999999999995     19.070072839672633      42
0.7374999999999995     19.070072839672633      42
0.7374999999999995     19.070072839672633      42
0.7374999999999995     19.070072839672633      42
0.7374999999999995     19.070072839672633      42
0.7374999999999995     19.070072839672633      42
0.7374999999999995     19.070072839672633      42
0.7374999999999995     19.070072839672633      42
0.7374999999999995     19.070072839672633      42
0.7374999999999995     19.070072839672633      42
0.7374999999999995     19.070072839672633      42
0.7374999999999995     19.070072839672633      42
0.7374999999999995     19.070072839672633      42
0.7374999999999995     19.070072839672633      42
0.7374999999999995     19.070072839672633      42
0.7374999999999995     19.070072839672633      42
0.7374999999999995     19.070072839672633      42
0.7374999999999995     19.070072839672633      42
0.7374999999999995     19.070072839672633      42
0.7374999999999995     19.070072839672633      42
0.7374999999999995     19.070072839672633      42
0.7374999999999995     19.070072839672633      42
0.7374999999999995     19.070072839672633      42
0.7374999999999995     19.070072839672633      42
0.7374999999999995     19.070072839672633      42
0.7374999999999995     19.070072839672633      42
0.7374999999999995     19.070072839672633      42
0.7374999999999995     19.070072839672633      42
0.7374999999999995     19.070072839672633      42
0.7374999999999995     19.070072839672633      42
0.7374999999999995     19.070072839672633      42
0.8291666666666659     24.465619829022245      40
0.8291666666666659     24.465619829022245      40
0.7374999999999995     19.070072839672633      42
0.8291666666666659     24.465619829022245      40
0.8291666666666659     24.465619829022245      40
0.8291666666666659     24.465619829022245      40
0.8291666666666659     24.465619829022245      40
0.8291666666666659     24.465619829022245      40
0.8291666666666659     24.465619829022245      40
0.8291666666666659     24.465619829022245      40
0.8291666666666659     24.465619829022245      40
0.7374999999999995     19.070072839672633      42
0.8291666666666659     24.465619829022245      40
0.7374999999999995     19.070072839672633      42
0.7374999999999995     19.070072839672633      42
0.7374999999999995     19.070072839672633      42
0.8291666666666659     24.465619829022245      40
0.6999999999999996     16.920345244993765      38
0.6999999999999996     16.920345244993765      38
0.6999999999999996     16.920345244993765      38
0.6999999999999996     16.920345244993765      38
0.6999999999999996     16.920345244993765      38
0.6999999999999996     16.920345244993765      38
0.6999999999999996     16.920345244993765      38
0.6999999999999996     16.920345244993765      38
0.6999999999999996     16.920345244993765      38
0.6999999999999996     16.920345244993765      38
0.6999999999999996     16.920345244993765      38
0.8291666666666659     24.465619829022245      40
0.6999999999999996     16.920345244993765      38
0.6999999999999996     16.920345244993765      38
0.6999999999999996     16.920345244993765      38
0.6999999999999996     16.920345244993765      38
0.6999999999999996     16.920345244993765      38
0.6999999999999996     16.920345244993765      38
0.6999999999999996     16.920345244993765      38
0.8291666666666659     24.465619829022245      40
0.6999999999999996     16.920345244993765      38
0.6999999999999996     16.920345244993765      38
0.6999999999999996     16.920345244993765      38
0.6999999999999996     16.920345244993765      38
0.6999999999999996     16.920345244993765      38
0.6999999999999996     16.920345244993765      38
0.6999999999999996     16.920345244993765      38
0.6999999999999996     16.920345244993765      38
0.6999999999999996     16.920345244993765      38
0.6999999999999996     16.920345244993765      38
0.6999999999999996     16.920345244993765      38
0.6999999999999996     16.920345244993765      38
0.6999999999999996     16.920345244993765      38
0.6999999999999996     16.920345244993765      38
0.6999999999999996     16.920345244993765      38
0.6999999999999996     16.920345244993765      38
0.6999999999999996     16.920345244993765      38
0.6999999999999996     16.920345244993765      38
0.6999999999999996     16.920345244993765      38
