0.7291666666666662     24.465619829022245      43
0.7999999999999993     31.04791203387665      42
0.741666666666666     31.04791203387665      38
0.7958333333333326     24.465619829022245      40
0.7958333333333326     24.465619829022245      40
0.7958333333333326     24.465619829022245      40
0.7958333333333326     24.465619829022245      40
0.7958333333333326     24.465619829022245      40
0.6999999999999996     28.52987122025878      32
0.7083333333333329     23.657062888359242      42
0.6999999999999996     28.52987122025878      32
0.7083333333333329     23.657062888359242      42
0.6999999999999996     28.52987122025878      32
0.6999999999999996     28.52987122025878      32
0.7541666666666662     67.02829759498833      37
0.6999999999999996     28.52987122025878      32
0.6999999999999996     28.52987122025878      32
0.6999999999999996     28.52987122025878      32
0.6999999999999996     28.52987122025878      32
0.6999999999999996     28.52987122025878      32
0.6999999999999996     28.52987122025878      32
0.6999999999999996     28.52987122025878      32
0.6999999999999996     28.52987122025878      32
0.7541666666666661     30.16620021353149      37
0.670833333333333     19.452447078982416      35
0.670833333333333     19.452447078982416      35
0.670833333333333     19.452447078982416      35
0.670833333333333     19.452447078982416      35
0.670833333333333     19.452447078982416      35
0.670833333333333     19.452447078982416      35
0.670833333333333     19.452447078982416      35
0.670833333333333     19.452447078982416      35
0.670833333333333     19.452447078982416      35
0.670833333333333     19.452447078982416      35
0.670833333333333     19.452447078982416      35
0.670833333333333     19.452447078982416      35
0.670833333333333     19.452447078982416      35
0.670833333333333     19.452447078982416      35
0.670833333333333     19.452447078982416      35
0.670833333333333     19.452447078982416      35
0.670833333333333     19.452447078982416      35
0.670833333333333     19.452447078982416      35
0.670833333333333     19.452447078982416      35
0.670833333333333     19.452447078982416      35
0.670833333333333     19.452447078982416      35
0.6999999999999996     28.52987122025878      32
0.670833333333333     19.452447078982416      35
0.6999999999999996     28.52987122025878      32
0.6999999999999996     28.52987122025878      32
0.670833333333333     19.452447078982416      35
0.670833333333333     19.452447078982416      35
0.6999999999999996     28.52987122025878      32
0.670833333333333     19.452447078982416      35
0.6999999999999996     28.52987122025878      32
0.670833333333333     19.452447078982416      35
0.670833333333333     19.452447078982416      35
0.6999999999999996     28.52987122025878      32
0.6999999999999996     28.52987122025878      32
0.670833333333333     19.452447078982416      35
0.6999999999999996     28.52987122025878      32
0.6999999999999996     28.52987122025878      32
0.670833333333333     19.452447078982416      35
0.670833333333333     19.452447078982416      35
0.6999999999999996     28.52987122025878      32
0.6999999999999996     28.52987122025878      32
0.6999999999999996     28.52987122025878      32
0.670833333333333     19.452447078982416      35
0.6999999999999996     28.52987122025878      32
0.6999999999999996     28.52987122025878      32
0.670833333333333     19.452447078982416      35
0.670833333333333     19.452447078982416      35
0.6999999999999996     28.52987122025878      32
0.670833333333333     19.452447078982416      35
0.6999999999999996     28.52987122025878      32
0.6999999999999996     28.52987122025878      32
0.6999999999999996     28.52987122025878      32
0.6999999999999996     28.52987122025878      32
0.6999999999999996     28.52987122025878      32
0.6999999999999996     28.52987122025878      32
0.6999999999999996     28.52987122025878      32
0.6999999999999996     28.52987122025878      32
0.670833333333333     19.452447078982416      35
0.6999999999999996     28.52987122025878      32
0.6999999999999996     28.52987122025878      32
0.6999999999999996     28.52987122025878      32
0.6999999999999996     28.52987122025878      32
0.6999999999999996     28.52987122025878      32
0.670833333333333     19.452447078982416      35
0.670833333333333     19.452447078982416      35
0.6999999999999996     28.52987122025878      32
0.670833333333333     19.452447078982416      35
0.670833333333333     19.452447078982416      35
0.670833333333333     19.452447078982416      35
0.670833333333333     19.452447078982416      35
0.6999999999999996     28.52987122025878      32
0.6999999999999996     28.52987122025878      32
0.670833333333333     19.452447078982416      35
0.670833333333333     19.452447078982416      35
0.670833333333333     19.452447078982416      35
0.670833333333333     19.452447078982416      35
0.670833333333333     19.452447078982416      35
0.670833333333333     19.452447078982416      35
0.670833333333333     19.452447078982416      35
0.670833333333333     19.452447078982416      35
0.670833333333333     19.452447078982416      35
0.670833333333333     19.452447078982416      35
0.670833333333333     19.452447078982416      35
0.670833333333333     19.452447078982416      35
0.670833333333333     19.452447078982416      35
0.670833333333333     19.452447078982416      35
0.670833333333333     19.452447078982416      35
0.670833333333333     19.452447078982416      35
0.670833333333333     19.452447078982416      35
0.670833333333333     19.452447078982416      35
0.670833333333333     19.452447078982416      35
0.670833333333333     19.452447078982416      35
0.670833333333333     19.452447078982416      35
0.670833333333333     19.452447078982416      35
0.670833333333333     19.452447078982416      35
0.670833333333333     19.452447078982416      35
0.6999999999999996     28.52987122025878      32
0.670833333333333     19.452447078982416      35
0.670833333333333     19.452447078982416      35
0.670833333333333     19.452447078982416      35
0.670833333333333     19.452447078982416      35
0.670833333333333     19.452447078982416      35
0.670833333333333     19.452447078982416      35
0.670833333333333     19.452447078982416      35
0.670833333333333     19.452447078982416      35
0.670833333333333     19.452447078982416      35
0.670833333333333     19.452447078982416      35
0.670833333333333     19.452447078982416      35
0.670833333333333     19.452447078982416      35
0.670833333333333     19.452447078982416      35
0.670833333333333     19.452447078982416      35
0.670833333333333     19.452447078982416      35
0.670833333333333     19.452447078982416      35
0.670833333333333     19.452447078982416      35
0.8041666666666659     16.920345244993765      42
0.670833333333333     19.452447078982416      35
0.670833333333333     19.452447078982416      35
0.670833333333333     19.452447078982416      35
0.670833333333333     19.452447078982416      35
0.670833333333333     19.452447078982416      35
0.670833333333333     19.452447078982416      35
0.670833333333333     19.452447078982416      35
0.670833333333333     19.452447078982416      35
0.670833333333333     19.452447078982416      35
0.670833333333333     19.452447078982416      35
0.6999999999999996     28.52987122025878      32
0.670833333333333     19.452447078982416      35
0.670833333333333     19.452447078982416      35
0.670833333333333     19.452447078982416      35
0.670833333333333     19.452447078982416      35
0.670833333333333     19.452447078982416      35
0.670833333333333     19.452447078982416      35
0.670833333333333     19.452447078982416      35
0.670833333333333     19.452447078982416      35
0.670833333333333     19.452447078982416      35
0.670833333333333     19.452447078982416      35
0.670833333333333     19.452447078982416      35
0.670833333333333     19.452447078982416      35
0.670833333333333     19.452447078982416      35
0.670833333333333     19.452447078982416      35
0.670833333333333     19.452447078982416      35
0.670833333333333     19.452447078982416      35
0.670833333333333     19.452447078982416      35
0.670833333333333     19.452447078982416      35
0.670833333333333     19.452447078982416      35
0.670833333333333     19.452447078982416      35
0.670833333333333     19.452447078982416      35
0.670833333333333     19.452447078982416      35
0.670833333333333     19.452447078982416      35
0.670833333333333     19.452447078982416      35
0.670833333333333     19.452447078982416      35
0.670833333333333     19.452447078982416      35
0.670833333333333     19.452447078982416      35
0.670833333333333     19.452447078982416      35
0.670833333333333     19.452447078982416      35
0.670833333333333     19.452447078982416      35
0.670833333333333     19.452447078982416      35
0.670833333333333     19.452447078982416      35
0.6999999999999996     28.52987122025878      32
0.670833333333333     19.452447078982416      35
0.670833333333333     19.452447078982416      35
0.670833333333333     19.452447078982416      35
0.670833333333333     19.452447078982416      35
0.670833333333333     19.452447078982416      35
0.670833333333333     19.452447078982416      35
0.670833333333333     19.452447078982416      35
0.670833333333333     19.452447078982416      35
0.670833333333333     19.452447078982416      35
0.670833333333333     19.452447078982416      35
0.6999999999999996     28.52987122025878      32
0.670833333333333     19.452447078982416      35
0.670833333333333     19.452447078982416      35
0.670833333333333     19.452447078982416      35
0.670833333333333     19.452447078982416      35
0.670833333333333     19.452447078982416      35
0.670833333333333     19.452447078982416      35
