0.8208333333333326     26.215630645021417      45
0.7708333333333327     31.04791203387665      42
0.7541666666666661     30.16620021353149      41
0.7333333333333328     67.02829759498833      36
0.7333333333333328     19.452447078982416      42
0.7333333333333328     19.452447078982416      42
0.7333333333333328     19.452447078982416      42
0.7333333333333328     19.452447078982416      42
0.7333333333333328     19.452447078982416      42
0.7333333333333328     19.452447078982416      42
0.7333333333333328     19.452447078982416      42
0.7333333333333328     19.452447078982416      42
0.7333333333333328     19.452447078982416      42
0.7333333333333328     19.452447078982416      42
0.7333333333333328     19.452447078982416      42
0.7333333333333328     19.452447078982416      42
0.670833333333333     31.04791203387665      36
0.7333333333333328     19.452447078982416      42
0.7333333333333328     19.452447078982416      42
0.670833333333333     31.04791203387665      36
0.670833333333333     31.04791203387665      36
0.670833333333333     31.04791203387665      36
0.670833333333333     31.04791203387665      36
0.670833333333333     31.04791203387665      36
0.7333333333333328     19.452447078982416      42
0.670833333333333     31.04791203387665      36
0.670833333333333     31.04791203387665      36
0.670833333333333     31.04791203387665      36
0.7333333333333328     19.452447078982416      42
0.670833333333333     31.04791203387665      36
0.7333333333333328     19.452447078982416      42
0.7333333333333328     19.452447078982416      42
0.7333333333333328     19.452447078982416      42
0.7333333333333328     19.452447078982416      42
0.7333333333333328     19.452447078982416      42
0.7333333333333328     19.452447078982416      42
0.7333333333333328     19.452447078982416      42
0.7333333333333328     19.452447078982416      42
0.7333333333333328     19.452447078982416      42
0.7333333333333328     19.452447078982416      42
0.7333333333333328     19.452447078982416      42
0.7333333333333328     19.452447078982416      42
0.7333333333333328     19.452447078982416      42
0.7333333333333328     19.452447078982416      42
0.7333333333333328     19.452447078982416      42
0.7333333333333328     19.452447078982416      42
0.7333333333333328     19.452447078982416      42
0.7333333333333328     19.452447078982416      42
0.7333333333333328     19.452447078982416      42
0.7333333333333328     19.452447078982416      42
0.7333333333333328     19.452447078982416      42
0.7333333333333328     19.452447078982416      42
0.7333333333333328     19.452447078982416      42
0.7333333333333328     19.452447078982416      42
0.7333333333333328     19.452447078982416      42
0.7333333333333328     19.452447078982416      42
0.7333333333333328     19.452447078982416      42
0.6749999999999997     34.52477394677945      35
0.7333333333333328     19.452447078982416      42
0.7333333333333328     19.452447078982416      42
0.7333333333333328     19.452447078982416      42
0.7333333333333328     19.452447078982416      42
0.7333333333333328     19.452447078982416      42
0.7333333333333328     19.452447078982416      42
0.7333333333333328     19.452447078982416      42
0.7333333333333328     19.452447078982416      42
0.7333333333333328     19.452447078982416      42
0.6749999999999997     34.52477394677945      35
0.6749999999999997     34.52477394677945      35
0.6749999999999997     34.52477394677945      35
0.6749999999999997     34.52477394677945      35
0.6749999999999997     34.52477394677945      35
0.6749999999999997     34.52477394677945      35
0.6749999999999997     34.52477394677945      35
0.6749999999999997     34.52477394677945      35
0.6749999999999997     34.52477394677945      35
0.6749999999999997     34.52477394677945      35
0.6749999999999997     34.52477394677945      35
0.6749999999999997     34.52477394677945      35
0.6749999999999997     34.52477394677945      35
0.6749999999999997     34.52477394677945      35
0.7208333333333329     16.920345244993765      37
0.7208333333333329     16.920345244993765      37
0.7208333333333329     16.920345244993765      37
0.7208333333333329     16.920345244993765      37
0.7208333333333329     16.920345244993765      37
0.7208333333333329     16.920345244993765      37
0.7208333333333329     16.920345244993765      37
0.7208333333333329     16.920345244993765      37
0.6749999999999997     34.52477394677945      35
0.6749999999999997     34.52477394677945      35
0.7208333333333329     16.920345244993765      37
0.7208333333333329     16.920345244993765      37
0.7208333333333329     16.920345244993765      37
0.7208333333333329     16.920345244993765      37
0.7208333333333329     16.920345244993765      37
0.7208333333333329     16.920345244993765      37
0.7208333333333329     16.920345244993765      37
0.7208333333333329     16.920345244993765      37
0.7208333333333329     16.920345244993765      37
0.7208333333333329     16.920345244993765      37
0.7208333333333329     16.920345244993765      37
0.7208333333333329     16.920345244993765      37
0.7208333333333329     16.920345244993765      37
0.7208333333333329     16.920345244993765      37
0.7208333333333329     16.920345244993765      37
0.7208333333333329     16.920345244993765      37
0.7208333333333329     16.920345244993765      37
0.7208333333333329     16.920345244993765      37
0.7208333333333329     16.920345244993765      37
0.7208333333333329     16.920345244993765      37
0.7208333333333329     16.920345244993765      37
0.7208333333333329     16.920345244993765      37
0.7208333333333329     16.920345244993765      37
0.7208333333333329     16.920345244993765      37
0.7208333333333329     16.920345244993765      37
0.7208333333333329     16.920345244993765      37
0.7208333333333329     16.920345244993765      37
0.7208333333333329     16.920345244993765      37
0.7208333333333329     16.920345244993765      37
0.7208333333333329     16.920345244993765      37
0.7208333333333329     16.920345244993765      37
0.7208333333333329     16.920345244993765      37
0.7208333333333329     16.920345244993765      37
0.7208333333333329     16.920345244993765      37
0.7208333333333329     16.920345244993765      37
0.7208333333333329     16.920345244993765      37
0.7208333333333329     16.920345244993765      37
0.7208333333333329     16.920345244993765      37
0.7208333333333329     16.920345244993765      37
0.7208333333333329     16.920345244993765      37
0.7208333333333329     16.920345244993765      37
0.7208333333333329     16.920345244993765      37
0.7208333333333329     16.920345244993765      37
0.7208333333333329     16.920345244993765      37
0.7208333333333329     16.920345244993765      37
0.7208333333333329     16.920345244993765      37
0.7208333333333329     16.920345244993765      37
0.7208333333333329     16.920345244993765      37
0.7208333333333329     16.920345244993765      37
0.7208333333333329     16.920345244993765      37
0.7208333333333329     16.920345244993765      37
0.7208333333333329     16.920345244993765      37
0.7208333333333329     16.920345244993765      37
0.7208333333333329     16.920345244993765      37
0.7208333333333329     16.920345244993765      37
0.7208333333333329     16.920345244993765      37
0.7208333333333329     16.920345244993765      37
0.6999999999999996     34.52477394677945      34
0.7208333333333329     16.920345244993765      37
0.8291666666666659     26.215630645021417      41
0.7208333333333329     16.920345244993765      37
0.6999999999999996     34.52477394677945      34
0.7208333333333329     16.920345244993765      37
0.7208333333333329     16.920345244993765      37
0.7208333333333329     16.920345244993765      37
0.7208333333333329     16.920345244993765      37
0.7208333333333329     16.920345244993765      37
0.7208333333333329     16.920345244993765      37
0.6999999999999996     34.52477394677945      34
0.6999999999999996     34.52477394677945      34
0.6999999999999996     34.52477394677945      34
0.7208333333333329     16.920345244993765      37
0.7208333333333329     16.920345244993765      37
0.7208333333333329     16.920345244993765      37
0.7208333333333329     16.920345244993765      37
0.7208333333333329     16.920345244993765      37
0.6999999999999996     34.52477394677945      34
0.7208333333333329     16.920345244993765      37
0.7208333333333329     16.920345244993765      37
0.7208333333333329     16.920345244993765      37
0.7208333333333329     16.920345244993765      37
0.7208333333333329     16.920345244993765      37
0.7208333333333329     16.920345244993765      37
0.6999999999999996     34.52477394677945      34
0.7208333333333329     16.920345244993765      37
0.7208333333333329     16.920345244993765      37
0.6999999999999996     34.52477394677945      34
0.6999999999999996     34.52477394677945      34
0.6999999999999996     34.52477394677945      34
0.6999999999999996     34.52477394677945      34
0.6999999999999996     34.52477394677945      34
0.6999999999999996     34.52477394677945      34
0.7208333333333329     16.920345244993765      37
0.6999999999999996     34.52477394677945      34
0.6999999999999996     34.52477394677945      34
0.6999999999999996     34.52477394677945      34
0.6999999999999996     34.52477394677945      34
0.6999999999999996     34.52477394677945      34
0.6999999999999996     34.52477394677945      34
0.6999999999999996     34.52477394677945      34
0.6999999999999996     34.52477394677945      34
0.6999999999999996     34.52477394677945      34
0.6999999999999996     34.52477394677945      34
0.6999999999999996     34.52477394677945      34
0.7208333333333329     16.920345244993765      37
0.7208333333333329     16.920345244993765      37
0.7208333333333329     16.920345244993765      37
0.6999999999999996     34.52477394677945      34
0.6999999999999996     34.52477394677945      34
