0.8208333333333326     26.215630645021417      45
0.8208333333333326     26.215630645021417      45
0.7749999999999994     34.52477394677945      41
0.8291666666666659     24.465619829022245      44
0.8291666666666659     24.465619829022245      44
0.6874999999999997     30.16620021353149      36
0.6874999999999997     30.16620021353149      36
0.6874999999999997     30.16620021353149      36
0.6874999999999997     30.16620021353149      36
0.6874999999999997     30.16620021353149      36
0.6874999999999997     30.16620021353149      36
0.6874999999999997     30.16620021353149      36
0.6874999999999997     30.16620021353149      36
0.6874999999999997     30.16620021353149      36
0.6874999999999997     30.16620021353149      36
0.6874999999999997     30.16620021353149      36
0.6874999999999997     30.16620021353149      36
0.6874999999999997     30.16620021353149      36
0.6874999999999997     30.16620021353149      36
0.6874999999999997     30.16620021353149      36
0.6874999999999997     30.16620021353149      36
0.6874999999999997     30.16620021353149      36
0.6874999999999997     30.16620021353149      36
0.6874999999999997     30.16620021353149      36
0.6874999999999997     30.16620021353149      36
0.6874999999999997     30.16620021353149      36
0.6874999999999997     30.16620021353149      36
0.6874999999999997     30.16620021353149      36
0.6874999999999997     30.16620021353149      36
0.6874999999999997     30.16620021353149      36
0.6874999999999997     30.16620021353149      36
0.6874999999999997     30.16620021353149      36
0.6874999999999997     30.16620021353149      36
0.6874999999999997     30.16620021353149      36
0.6874999999999997     30.16620021353149      36
0.6583333333333331     24.465619829022245      36
0.6583333333333331     24.465619829022245      36
0.6583333333333331     24.465619829022245      36
0.7458333333333328     20.37078512929095      42
0.7458333333333328     20.37078512929095      42
0.6583333333333331     24.465619829022245      36
0.6583333333333331     24.465619829022245      36
0.6583333333333331     24.465619829022245      36
0.6583333333333331     24.465619829022245      36
0.6583333333333331     24.465619829022245      36
0.6583333333333331     24.465619829022245      36
0.6583333333333331     24.465619829022245      36
0.6583333333333331     24.465619829022245      36
0.6583333333333331     24.465619829022245      36
0.6583333333333331     24.465619829022245      36
0.6583333333333331     24.465619829022245      36
0.6583333333333331     24.465619829022245      36
0.6583333333333331     24.465619829022245      36
0.6583333333333331     24.465619829022245      36
0.6583333333333331     24.465619829022245      36
0.6583333333333331     24.465619829022245      36
0.6583333333333331     24.465619829022245      36
0.6583333333333331     24.465619829022245      36
0.6583333333333331     24.465619829022245      36
0.6583333333333331     24.465619829022245      36
0.6583333333333331     24.465619829022245      36
0.6583333333333331     24.465619829022245      36
0.6583333333333331     24.465619829022245      36
0.6583333333333331     24.465619829022245      36
0.6583333333333331     24.465619829022245      36
0.6583333333333331     24.465619829022245      36
0.6583333333333331     24.465619829022245      36
0.6583333333333331     24.465619829022245      36
0.8291666666666659     67.02829759498833      43
0.6583333333333331     24.465619829022245      36
0.6583333333333331     24.465619829022245      36
0.6583333333333331     24.465619829022245      36
0.6583333333333331     24.465619829022245      36
0.6583333333333331     24.465619829022245      36
0.6583333333333331     24.465619829022245      36
0.6583333333333331     24.465619829022245      36
0.6583333333333331     24.465619829022245      36
0.6583333333333331     24.465619829022245      36
0.6583333333333331     24.465619829022245      36
0.6583333333333331     24.465619829022245      36
0.6583333333333331     24.465619829022245      36
0.6583333333333331     24.465619829022245      36
0.6583333333333331     24.465619829022245      36
0.6583333333333331     24.465619829022245      36
0.6583333333333331     24.465619829022245      36
0.6583333333333331     24.465619829022245      36
0.6583333333333331     24.465619829022245      36
0.6583333333333331     24.465619829022245      36
0.6583333333333331     24.465619829022245      36
0.7208333333333328     19.452447078982416      41
0.7208333333333328     19.452447078982416      41
0.7208333333333328     19.452447078982416      41
0.7208333333333328     19.452447078982416      41
0.7208333333333328     19.452447078982416      41
0.7208333333333328     19.452447078982416      41
0.7208333333333328     19.452447078982416      41
0.7208333333333328     19.452447078982416      41
0.7208333333333328     19.452447078982416      41
0.7208333333333328     19.452447078982416      41
0.7208333333333328     19.452447078982416      41
0.7208333333333328     19.452447078982416      41
0.7208333333333328     19.452447078982416      41
0.7208333333333328     19.452447078982416      41
0.7208333333333328     19.452447078982416      41
0.7208333333333328     19.452447078982416      41
0.6583333333333331     24.465619829022245      36
0.6583333333333331     24.465619829022245      36
0.7166666666666662     34.52477394677945      34
0.7166666666666662     34.52477394677945      34
0.683333333333333     18.29864807347971      40
0.683333333333333     18.29864807347971      40
0.683333333333333     18.29864807347971      40
0.683333333333333     18.29864807347971      40
0.683333333333333     18.29864807347971      40
0.7166666666666662     34.52477394677945      34
0.683333333333333     18.29864807347971      40
0.683333333333333     18.29864807347971      40
0.683333333333333     18.29864807347971      40
0.683333333333333     18.29864807347971      40
0.683333333333333     18.29864807347971      40
0.683333333333333     18.29864807347971      40
0.683333333333333     18.29864807347971      40
0.683333333333333     18.29864807347971      40
0.683333333333333     18.29864807347971      40
0.683333333333333     18.29864807347971      40
0.683333333333333     18.29864807347971      40
0.683333333333333     18.29864807347971      40
0.683333333333333     18.29864807347971      40
0.683333333333333     18.29864807347971      40
0.683333333333333     18.29864807347971      40
0.683333333333333     18.29864807347971      40
0.683333333333333     18.29864807347971      40
0.683333333333333     18.29864807347971      40
0.683333333333333     18.29864807347971      40
0.683333333333333     18.29864807347971      40
0.683333333333333     18.29864807347971      40
0.683333333333333     18.29864807347971      40
0.683333333333333     18.29864807347971      40
0.683333333333333     18.29864807347971      40
0.683333333333333     18.29864807347971      40
0.683333333333333     18.29864807347971      40
0.683333333333333     18.29864807347971      40
0.683333333333333     18.29864807347971      40
0.7416666666666663     19.070072839672633      34
0.683333333333333     18.29864807347971      40
0.683333333333333     18.29864807347971      40
0.683333333333333     18.29864807347971      40
0.683333333333333     18.29864807347971      40
0.683333333333333     18.29864807347971      40
0.683333333333333     18.29864807347971      40
0.7416666666666663     19.070072839672633      34
0.683333333333333     18.29864807347971      40
0.7416666666666663     19.070072839672633      34
0.683333333333333     18.29864807347971      40
0.7416666666666663     19.070072839672633      34
0.7416666666666663     19.070072839672633      34
0.683333333333333     18.29864807347971      40
0.7416666666666663     19.070072839672633      34
0.683333333333333     18.29864807347971      40
0.7416666666666663     19.070072839672633      34
0.683333333333333     18.29864807347971      40
0.683333333333333     18.29864807347971      40
0.683333333333333     18.29864807347971      40
0.683333333333333     18.29864807347971      40
0.683333333333333     18.29864807347971      40
0.683333333333333     18.29864807347971      40
0.683333333333333     18.29864807347971      40
0.683333333333333     18.29864807347971      40
0.683333333333333     18.29864807347971      40
0.683333333333333     18.29864807347971      40
0.683333333333333     18.29864807347971      40
0.683333333333333     18.29864807347971      40
0.683333333333333     18.29864807347971      40
0.683333333333333     18.29864807347971      40
0.683333333333333     18.29864807347971      40
0.683333333333333     18.29864807347971      40
0.683333333333333     18.29864807347971      40
0.683333333333333     18.29864807347971      40
0.683333333333333     18.29864807347971      40
0.683333333333333     18.29864807347971      40
0.683333333333333     18.29864807347971      40
0.683333333333333     18.29864807347971      40
0.683333333333333     18.29864807347971      40
0.683333333333333     18.29864807347971      40
0.683333333333333     18.29864807347971      40
0.683333333333333     18.29864807347971      40
0.683333333333333     18.29864807347971      40
0.683333333333333     18.29864807347971      40
0.683333333333333     18.29864807347971      40
0.683333333333333     18.29864807347971      40
0.683333333333333     18.29864807347971      40
0.683333333333333     18.29864807347971      40
0.683333333333333     18.29864807347971      40
0.683333333333333     18.29864807347971      40
0.683333333333333     18.29864807347971      40
0.683333333333333     18.29864807347971      40
0.683333333333333     18.29864807347971      40
0.683333333333333     18.29864807347971      40
0.683333333333333     18.29864807347971      40
0.683333333333333     18.29864807347971      40
