0.8208333333333326     26.215630645021417      45
0.7333333333333328     26.215630645021417      41
0.7708333333333327     26.215630645021417      42
0.7374999999999996     30.16620021353149      38
0.7374999999999996     30.16620021353149      38
0.816666666666666     26.215630645021417      41
0.791666666666666     67.02829759498833      40
0.8208333333333326     20.37078512929095      42
0.8208333333333326     20.37078512929095      42
0.8208333333333326     20.37078512929095      42
0.8208333333333326     20.37078512929095      42
0.8208333333333326     20.37078512929095      42
0.7958333333333326     67.02829759498833      40
0.7624999999999993     23.657062888359242      35
0.7624999999999993     23.657062888359242      35
0.7624999999999993     23.657062888359242      35
0.7624999999999993     23.657062888359242      35
0.7624999999999993     23.657062888359242      35
0.7624999999999993     23.657062888359242      35
0.6624999999999996     19.070072839672633      40
0.6624999999999996     19.070072839672633      40
0.6624999999999996     19.070072839672633      40
0.6624999999999996     19.070072839672633      40
0.6624999999999996     19.070072839672633      40
0.6624999999999996     19.070072839672633      40
0.6624999999999996     19.070072839672633      40
0.6624999999999996     19.070072839672633      40
0.6624999999999996     19.070072839672633      40
0.6624999999999996     19.070072839672633      40
0.6624999999999996     19.070072839672633      40
0.6624999999999996     19.070072839672633      40
0.6624999999999996     19.070072839672633      40
0.6624999999999996     19.070072839672633      40
0.7833333333333327     34.52477394677945      35
0.7833333333333327     34.52477394677945      35
0.7583333333333329     16.920345244993765      40
0.7583333333333329     16.920345244993765      40
0.7583333333333329     16.920345244993765      40
0.7583333333333329     16.920345244993765      40
0.7583333333333329     16.920345244993765      40
0.7583333333333329     16.920345244993765      40
0.7583333333333329     16.920345244993765      40
0.7583333333333329     16.920345244993765      40
0.7583333333333329     16.920345244993765      40
0.7583333333333329     16.920345244993765      40
0.7583333333333329     16.920345244993765      40
0.7583333333333329     16.920345244993765      40
0.7583333333333329     16.920345244993765      40
0.7583333333333329     16.920345244993765      40
0.7583333333333329     16.920345244993765      40
0.7583333333333329     16.920345244993765      40
0.7583333333333329     16.920345244993765      40
0.7583333333333329     16.920345244993765      40
0.7583333333333329     16.920345244993765      40
0.7583333333333329     16.920345244993765      40
0.7583333333333329     16.920345244993765      40
0.7583333333333329     16.920345244993765      40
0.7583333333333329     16.920345244993765      40
0.7583333333333329     16.920345244993765      40
0.7583333333333329     16.920345244993765      40
0.7583333333333329     16.920345244993765      40
0.7583333333333329     16.920345244993765      40
0.7583333333333329     16.920345244993765      40
0.7583333333333329     16.920345244993765      40
0.7583333333333329     16.920345244993765      40
0.7583333333333329     16.920345244993765      40
0.7583333333333329     16.920345244993765      40
0.7583333333333329     16.920345244993765      40
0.7583333333333329     16.920345244993765      40
0.7583333333333329     16.920345244993765      40
0.7583333333333329     16.920345244993765      40
0.7583333333333329     16.920345244993765      40
0.7583333333333329     16.920345244993765      40
0.7583333333333329     16.920345244993765      40
0.7583333333333329     16.920345244993765      40
0.7583333333333329     16.920345244993765      40
0.7583333333333329     16.920345244993765      40
0.7583333333333329     16.920345244993765      40
0.7583333333333329     16.920345244993765      40
0.7583333333333329     16.920345244993765      40
0.7583333333333329     16.920345244993765      40
0.7583333333333329     16.920345244993765      40
0.7583333333333329     16.920345244993765      40
0.7583333333333329     16.920345244993765      40
0.8208333333333326     26.215630645021417      41
0.7583333333333329     16.920345244993765      40
0.8291666666666659     30.16620021353149      42
0.7583333333333329     16.920345244993765      40
0.7583333333333329     16.920345244993765      40
0.8291666666666659     30.16620021353149      42
0.7583333333333329     16.920345244993765      40
0.8291666666666659     30.16620021353149      42
0.7583333333333329     16.920345244993765      40
0.8291666666666659     30.16620021353149      42
0.7583333333333329     16.920345244993765      40
0.8291666666666659     30.16620021353149      42
0.7583333333333329     16.920345244993765      40
0.8291666666666659     30.16620021353149      42
0.7583333333333329     16.920345244993765      40
0.8291666666666659     30.16620021353149      42
0.7583333333333329     16.920345244993765      40
0.8291666666666659     30.16620021353149      42
0.7583333333333329     16.920345244993765      40
0.8291666666666659     30.16620021353149      42
0.7583333333333329     16.920345244993765      40
0.7583333333333329     16.920345244993765      40
0.7583333333333329     16.920345244993765      40
0.8291666666666659     30.16620021353149      42
0.7583333333333329     16.920345244993765      40
0.8291666666666659     30.16620021353149      42
0.7583333333333329     16.920345244993765      40
0.8291666666666659     30.16620021353149      42
0.7583333333333329     16.920345244993765      40
0.7583333333333329     16.920345244993765      40
0.7583333333333329     16.920345244993765      40
0.7583333333333329     16.920345244993765      40
0.7583333333333329     16.920345244993765      40
0.7583333333333329     16.920345244993765      40
0.7583333333333329     16.920345244993765      40
0.7583333333333329     16.920345244993765      40
0.7583333333333329     16.920345244993765      40
0.7583333333333329     16.920345244993765      40
0.7583333333333329     16.920345244993765      40
0.7583333333333329     16.920345244993765      40
0.7583333333333329     16.920345244993765      40
0.7583333333333329     16.920345244993765      40
0.7583333333333329     16.920345244993765      40
0.7583333333333329     16.920345244993765      40
0.7583333333333329     16.920345244993765      40
0.7583333333333329     16.920345244993765      40
0.7583333333333329     16.920345244993765      40
0.7583333333333329     16.920345244993765      40
0.7583333333333329     16.920345244993765      40
0.7583333333333329     16.920345244993765      40
0.7583333333333329     16.920345244993765      40
0.7583333333333329     16.920345244993765      40
0.7583333333333329     16.920345244993765      40
0.7583333333333329     16.920345244993765      40
0.7583333333333329     16.920345244993765      40
0.7583333333333329     16.920345244993765      40
0.7583333333333329     16.920345244993765      40
0.7583333333333329     16.920345244993765      40
0.7583333333333329     16.920345244993765      40
0.7583333333333329     16.920345244993765      40
0.7583333333333329     16.920345244993765      40
0.7583333333333329     16.920345244993765      40
0.7583333333333329     16.920345244993765      40
0.7583333333333329     16.920345244993765      40
0.7583333333333329     16.920345244993765      40
0.7583333333333329     16.920345244993765      40
0.7583333333333329     16.920345244993765      40
0.7583333333333329     16.920345244993765      40
0.7583333333333329     16.920345244993765      40
0.7583333333333329     16.920345244993765      40
0.7583333333333329     16.920345244993765      40
0.8291666666666659     30.16620021353149      42
0.7583333333333329     16.920345244993765      40
0.7583333333333329     16.920345244993765      40
0.7583333333333329     16.920345244993765      40
0.8291666666666659     30.16620021353149      42
0.7583333333333329     16.920345244993765      40
0.8291666666666659     30.16620021353149      42
0.7583333333333329     16.920345244993765      40
0.7583333333333329     16.920345244993765      40
0.7583333333333329     16.920345244993765      40
0.8291666666666659     30.16620021353149      42
0.683333333333333     19.452447078982416      35
0.683333333333333     19.452447078982416      35
0.7583333333333329     16.920345244993765      40
0.7583333333333329     16.920345244993765      40
0.683333333333333     19.452447078982416      35
0.683333333333333     19.452447078982416      35
0.683333333333333     19.452447078982416      35
0.683333333333333     19.452447078982416      35
0.683333333333333     19.452447078982416      35
0.683333333333333     19.452447078982416      35
0.683333333333333     19.452447078982416      35
0.683333333333333     19.452447078982416      35
0.683333333333333     19.452447078982416      35
0.8291666666666659     30.16620021353149      42
0.683333333333333     19.452447078982416      35
0.7583333333333329     16.920345244993765      40
0.7583333333333329     16.920345244993765      40
0.683333333333333     19.452447078982416      35
0.683333333333333     19.452447078982416      35
0.683333333333333     19.452447078982416      35
0.683333333333333     19.452447078982416      35
0.683333333333333     19.452447078982416      35
0.683333333333333     19.452447078982416      35
0.683333333333333     19.452447078982416      35
0.683333333333333     19.452447078982416      35
0.8291666666666659     30.16620021353149      42
0.7583333333333329     16.920345244993765      40
0.7583333333333329     16.920345244993765      40
0.7583333333333329     16.920345244993765      40
0.7583333333333329     16.920345244993765      40
0.7583333333333329     16.920345244993765      40
0.8291666666666659     30.16620021353149      42
0.7583333333333329     16.920345244993765      40
0.7583333333333329     16.920345244993765      40
