0.8208333333333326     26.215630645021417      45
0.8083333333333326     34.52477394677945      43
0.7791666666666661     34.52477394677945      40
0.7999999999999993     30.16620021353149      44
0.7041666666666663     30.16620021353149      38
0.8291666666666659     67.02829759498833      47
0.7333333333333328     31.04791203387665      38
0.8208333333333326     26.215630645021417      45
0.7708333333333328     19.452447078982416      40
0.7708333333333328     19.452447078982416      40
0.6874999999999997     31.04791203387665      35
0.7708333333333328     19.452447078982416      40
0.7708333333333328     19.452447078982416      40
0.7708333333333328     19.452447078982416      40
0.7708333333333328     19.452447078982416      40
0.7708333333333328     19.452447078982416      40
0.6874999999999997     31.04791203387665      35
0.7708333333333328     19.452447078982416      40
0.7708333333333328     19.452447078982416      40
0.7708333333333328     19.452447078982416      40
0.7708333333333328     19.452447078982416      40
0.7708333333333328     19.452447078982416      40
0.6874999999999997     31.04791203387665      35
0.7708333333333328     19.452447078982416      40
0.7708333333333328     19.452447078982416      40
0.7708333333333328     19.452447078982416      40
0.7708333333333328     19.452447078982416      40
0.7708333333333328     19.452447078982416      40
0.7708333333333328     19.452447078982416      40
0.7708333333333328     19.452447078982416      40
0.7708333333333328     19.452447078982416      40
0.7708333333333328     19.452447078982416      40
0.7708333333333328     19.452447078982416      40
0.7708333333333328     19.452447078982416      40
0.7708333333333328     19.452447078982416      40
0.7708333333333328     19.452447078982416      40
0.7708333333333328     19.452447078982416      40
0.7708333333333328     19.452447078982416      40
0.7708333333333328     19.452447078982416      40
0.7708333333333328     19.452447078982416      40
0.8291666666666659     67.02829759498833      47
0.7708333333333328     19.452447078982416      40
0.7708333333333328     19.452447078982416      40
0.7708333333333328     19.452447078982416      40
0.7708333333333328     19.452447078982416      40
0.7458333333333328     67.02829759498833      35
0.7708333333333328     19.452447078982416      40
0.7708333333333328     19.452447078982416      40
0.7708333333333328     19.452447078982416      40
0.7708333333333328     19.452447078982416      40
0.7708333333333328     19.452447078982416      40
0.7708333333333328     19.452447078982416      40
0.7708333333333328     19.452447078982416      40
0.7708333333333328     19.452447078982416      40
0.7708333333333328     19.452447078982416      40
0.7708333333333328     19.452447078982416      40
0.7708333333333328     19.452447078982416      40
0.7708333333333328     19.452447078982416      40
0.7708333333333328     19.452447078982416      40
0.7708333333333328     19.452447078982416      40
0.7708333333333328     19.452447078982416      40
0.7708333333333328     19.452447078982416      40
0.7708333333333328     19.452447078982416      40
0.7708333333333328     19.452447078982416      40
0.7708333333333328     19.452447078982416      40
0.7708333333333328     19.452447078982416      40
0.7708333333333328     19.452447078982416      40
0.7708333333333328     19.452447078982416      40
0.7708333333333328     19.452447078982416      40
0.7708333333333328     19.452447078982416      40
0.7708333333333328     19.452447078982416      40
0.7708333333333328     19.452447078982416      40
0.7708333333333328     19.452447078982416      40
0.7708333333333328     19.452447078982416      40
0.7708333333333328     19.452447078982416      40
0.7708333333333328     19.452447078982416      40
0.7708333333333328     19.452447078982416      40
0.7708333333333328     19.452447078982416      40
0.7708333333333328     19.452447078982416      40
0.7708333333333328     19.452447078982416      40
0.7708333333333328     19.452447078982416      40
0.7708333333333328     19.452447078982416      40
0.7708333333333328     19.452447078982416      40
0.7874999999999994     18.648871144145197      46
0.7374999999999995     26.215630645021417      35
0.7374999999999995     26.215630645021417      35
0.8124999999999993     20.39175167657723      45
0.7374999999999995     26.215630645021417      35
0.7374999999999995     26.215630645021417      35
0.695833333333333     20.39175167657723      37
0.7374999999999995     26.215630645021417      35
0.7374999999999995     26.215630645021417      35
0.7374999999999995     26.215630645021417      35
0.7374999999999995     26.215630645021417      35
0.7374999999999995     26.215630645021417      35
0.7374999999999995     26.215630645021417      35
0.7374999999999995     26.215630645021417      35
0.7374999999999995     26.215630645021417      35
0.7374999999999995     26.215630645021417      35
0.7374999999999995     26.215630645021417      35
0.7374999999999995     26.215630645021417      35
0.7999999999999994     34.52477394677945      38
0.7374999999999995     26.215630645021417      35
0.7374999999999995     26.215630645021417      35
0.7374999999999995     26.215630645021417      35
0.7374999999999995     26.215630645021417      35
0.695833333333333     20.39175167657723      37
0.695833333333333     20.39175167657723      37
0.7374999999999995     26.215630645021417      35
0.7374999999999995     26.215630645021417      35
0.695833333333333     20.39175167657723      37
0.695833333333333     20.39175167657723      37
0.7374999999999995     26.215630645021417      35
0.7374999999999995     26.215630645021417      35
0.695833333333333     20.39175167657723      37
0.695833333333333     20.39175167657723      37
0.7374999999999995     26.215630645021417      35
0.7374999999999995     26.215630645021417      35
0.7374999999999995     26.215630645021417      35
0.7374999999999995     26.215630645021417      35
0.7374999999999995     26.215630645021417      35
0.7374999999999995     26.215630645021417      35
0.7374999999999995     26.215630645021417      35
0.7374999999999995     26.215630645021417      35
0.7374999999999995     26.215630645021417      35
0.7374999999999995     26.215630645021417      35
0.7374999999999995     26.215630645021417      35
0.7374999999999995     26.215630645021417      35
0.695833333333333     20.39175167657723      37
0.695833333333333     20.39175167657723      37
0.7374999999999995     26.215630645021417      35
0.7374999999999995     26.215630645021417      35
0.695833333333333     20.39175167657723      37
0.695833333333333     20.39175167657723      37
0.7374999999999995     26.215630645021417      35
0.7374999999999995     26.215630645021417      35
0.7374999999999995     26.215630645021417      35
0.695833333333333     20.39175167657723      37
0.7374999999999995     26.215630645021417      35
0.7374999999999995     26.215630645021417      35
0.7374999999999995     26.215630645021417      35
0.7374999999999995     26.215630645021417      35
0.7374999999999995     26.215630645021417      35
0.7374999999999995     26.215630645021417      35
0.7374999999999995     26.215630645021417      35
0.7374999999999995     26.215630645021417      35
0.7374999999999995     26.215630645021417      35
0.7374999999999995     26.215630645021417      35
0.7374999999999995     26.215630645021417      35
0.7374999999999995     26.215630645021417      35
0.7374999999999995     26.215630645021417      35
0.7374999999999995     26.215630645021417      35
0.7374999999999995     26.215630645021417      35
0.7374999999999995     26.215630645021417      35
0.7374999999999995     26.215630645021417      35
0.7374999999999995     26.215630645021417      35
0.7374999999999995     26.215630645021417      35
0.7374999999999995     26.215630645021417      35
0.7374999999999995     26.215630645021417      35
0.7374999999999995     26.215630645021417      35
0.7374999999999995     26.215630645021417      35
0.7374999999999995     26.215630645021417      35
0.7374999999999995     26.215630645021417      35
0.7374999999999995     26.215630645021417      35
0.7374999999999995     26.215630645021417      35
0.7374999999999995     26.215630645021417      35
0.7374999999999995     26.215630645021417      35
0.7374999999999995     26.215630645021417      35
0.7374999999999995     26.215630645021417      35
0.7374999999999995     26.215630645021417      35
0.7374999999999995     26.215630645021417      35
0.7374999999999995     26.215630645021417      35
0.7374999999999995     26.215630645021417      35
0.7374999999999995     26.215630645021417      35
0.7374999999999995     26.215630645021417      35
0.7374999999999995     26.215630645021417      35
0.8291666666666659     26.215630645021417      41
0.8291666666666659     26.215630645021417      41
0.8291666666666659     26.215630645021417      41
0.8291666666666659     26.215630645021417      41
0.8291666666666659     26.215630645021417      41
0.8291666666666659     26.215630645021417      41
0.7374999999999995     26.215630645021417      35
0.7374999999999995     26.215630645021417      35
0.7374999999999995     26.215630645021417      35
0.779166666666666     20.37078512929095      41
0.7374999999999995     26.215630645021417      35
0.7374999999999995     26.215630645021417      35
0.8291666666666659     26.215630645021417      41
0.8291666666666659     26.215630645021417      41
0.8291666666666659     26.215630645021417      41
0.8291666666666659     26.215630645021417      41
0.8291666666666659     26.215630645021417      41
0.8291666666666659     26.215630645021417      41
0.8291666666666659     26.215630645021417      41
0.8291666666666659     26.215630645021417      41
0.8291666666666659     26.215630645021417      41
0.8291666666666659     26.215630645021417      41
0.8291666666666659     26.215630645021417      41
0.8291666666666659     26.215630645021417      41
