0.8208333333333326     26.215630645021417      45
0.7958333333333327     67.02829759498833      42
0.7833333333333328     34.52477394677945      40
0.8249999999999992     34.52477394677945      47
0.8249999999999992     34.52477394677945      47
0.8249999999999992     34.52477394677945      47
0.7499999999999996     20.37078512929095      41
0.7499999999999996     20.37078512929095      41
0.7499999999999996     20.37078512929095      41
0.7499999999999996     20.37078512929095      41
0.7499999999999996     20.37078512929095      41
0.7499999999999996     20.37078512929095      41
0.7499999999999996     20.37078512929095      41
0.7499999999999996     20.37078512929095      41
0.7499999999999996     20.37078512929095      41
0.7499999999999996     20.37078512929095      41
0.7499999999999996     20.37078512929095      41
0.7499999999999996     20.37078512929095      41
0.7499999999999996     20.37078512929095      41
0.7499999999999996     20.37078512929095      41
0.7499999999999996     20.37078512929095      41
0.7499999999999996     20.37078512929095      41
0.7499999999999996     20.37078512929095      41
0.7499999999999996     20.37078512929095      41
0.7499999999999996     20.37078512929095      41
0.7499999999999996     20.37078512929095      41
0.7499999999999996     20.37078512929095      41
0.8291666666666659     26.215630645021417      47
0.7874999999999993     16.920345244993765      38
0.7874999999999993     16.920345244993765      38
0.7874999999999993     16.920345244993765      38
0.7166666666666662     24.465619829022245      37
0.7874999999999993     16.920345244993765      38
0.7874999999999993     16.920345244993765      38
0.7874999999999993     16.920345244993765      38
0.7874999999999993     16.920345244993765      38
0.7874999999999993     16.920345244993765      38
0.7874999999999993     16.920345244993765      38
0.7874999999999993     16.920345244993765      38
0.7874999999999993     16.920345244993765      38
0.7166666666666662     24.465619829022245      37
0.7874999999999993     16.920345244993765      38
0.7874999999999993     16.920345244993765      38
0.7874999999999993     16.920345244993765      38
0.7874999999999993     16.920345244993765      38
0.7874999999999993     16.920345244993765      38
0.7874999999999993     16.920345244993765      38
0.7874999999999993     16.920345244993765      38
0.7874999999999993     16.920345244993765      38
0.8291666666666659     24.465619829022245      43
0.8291666666666659     24.465619829022245      43
0.6874999999999997     34.52477394677945      33
0.8291666666666659     24.465619829022245      43
0.7874999999999993     16.920345244993765      38
0.7874999999999993     16.920345244993765      38
0.7874999999999993     16.920345244993765      38
0.7874999999999993     16.920345244993765      38
0.7874999999999993     16.920345244993765      38
0.7874999999999993     16.920345244993765      38
0.7874999999999993     16.920345244993765      38
0.7874999999999993     16.920345244993765      38
0.7874999999999993     16.920345244993765      38
0.7874999999999993     16.920345244993765      38
0.7874999999999993     16.920345244993765      38
0.6874999999999997     34.52477394677945      33
0.6874999999999997     34.52477394677945      33
0.6874999999999997     34.52477394677945      33
0.6874999999999997     34.52477394677945      33
0.6874999999999997     34.52477394677945      33
0.6874999999999997     34.52477394677945      33
0.6874999999999997     34.52477394677945      33
0.6874999999999997     34.52477394677945      33
0.6874999999999997     34.52477394677945      33
0.6874999999999997     34.52477394677945      33
0.6874999999999997     34.52477394677945      33
0.6874999999999997     34.52477394677945      33
0.7874999999999993     16.920345244993765      38
0.7874999999999993     16.920345244993765      38
0.7874999999999993     16.920345244993765      38
0.7874999999999993     16.920345244993765      38
0.6874999999999997     34.52477394677945      33
0.6874999999999997     34.52477394677945      33
0.6874999999999997     34.52477394677945      33
0.6874999999999997     34.52477394677945      33
0.6874999999999997     34.52477394677945      33
0.6874999999999997     34.52477394677945      33
0.6874999999999997     34.52477394677945      33
0.6874999999999997     34.52477394677945      33
0.7874999999999993     16.920345244993765      38
0.6874999999999997     34.52477394677945      33
0.8291666666666659     24.465619829022245      43
0.7874999999999993     16.920345244993765      38
0.6874999999999997     34.52477394677945      33
0.7874999999999993     16.920345244993765      38
0.6874999999999997     34.52477394677945      33
0.8291666666666659     24.465619829022245      43
0.7874999999999993     16.920345244993765      38
0.6874999999999997     34.52477394677945      33
0.7874999999999993     16.920345244993765      38
0.6874999999999997     34.52477394677945      33
0.6874999999999997     34.52477394677945      33
0.7874999999999993     16.920345244993765      38
0.6874999999999997     34.52477394677945      33
0.6874999999999997     34.52477394677945      33
0.7874999999999993     16.920345244993765      38
0.8291666666666659     24.465619829022245      43
0.8291666666666659     24.465619829022245      43
0.7874999999999993     16.920345244993765      38
0.7874999999999993     16.920345244993765      38
0.7874999999999993     16.920345244993765      38
0.7874999999999993     16.920345244993765      38
0.7874999999999993     16.920345244993765      38
0.6874999999999997     34.52477394677945      33
0.6874999999999997     34.52477394677945      33
0.6874999999999997     34.52477394677945      33
0.6874999999999997     34.52477394677945      33
0.6874999999999997     34.52477394677945      33
0.6874999999999997     34.52477394677945      33
0.6874999999999997     34.52477394677945      33
0.6874999999999997     34.52477394677945      33
0.6874999999999997     34.52477394677945      33
0.6874999999999997     34.52477394677945      33
0.6874999999999997     34.52477394677945      33
0.6874999999999997     34.52477394677945      33
0.6874999999999997     34.52477394677945      33
0.6874999999999997     34.52477394677945      33
0.7874999999999993     16.920345244993765      38
0.6874999999999997     34.52477394677945      33
0.7874999999999993     16.920345244993765      38
0.6874999999999997     34.52477394677945      33
0.6874999999999997     34.52477394677945      33
0.6874999999999997     34.52477394677945      33
0.6874999999999997     34.52477394677945      33
0.6874999999999997     34.52477394677945      33
0.6874999999999997     34.52477394677945      33
0.6874999999999997     34.52477394677945      33
0.8291666666666659     24.465619829022245      43
0.6624999999999998     19.452447078982416      37
0.6874999999999997     34.52477394677945      33
0.6874999999999997     34.52477394677945      33
0.6874999999999997     34.52477394677945      33
0.6874999999999997     34.52477394677945      33
0.6874999999999997     34.52477394677945      33
0.6874999999999997     34.52477394677945      33
0.6874999999999997     34.52477394677945      33
0.6874999999999997     34.52477394677945      33
0.6874999999999997     34.52477394677945      33
0.6874999999999997     34.52477394677945      33
0.6874999999999997     34.52477394677945      33
0.6874999999999997     34.52477394677945      33
0.6874999999999997     34.52477394677945      33
0.6874999999999997     34.52477394677945      33
0.6874999999999997     34.52477394677945      33
0.6874999999999997     34.52477394677945      33
0.6874999999999997     34.52477394677945      33
0.6874999999999997     34.52477394677945      33
0.6874999999999997     34.52477394677945      33
0.6874999999999997     34.52477394677945      33
0.6874999999999997     34.52477394677945      33
0.6874999999999997     34.52477394677945      33
0.6874999999999997     34.52477394677945      33
0.6874999999999997     34.52477394677945      33
0.6874999999999997     34.52477394677945      33
0.6874999999999997     34.52477394677945      33
0.6874999999999997     34.52477394677945      33
0.6874999999999997     34.52477394677945      33
0.6874999999999997     34.52477394677945      33
0.6874999999999997     34.52477394677945      33
0.6874999999999997     34.52477394677945      33
0.6874999999999997     34.52477394677945      33
0.6874999999999997     34.52477394677945      33
0.6874999999999997     34.52477394677945      33
0.7249999999999995     16.81840263868218      39
0.6874999999999997     34.52477394677945      33
0.7249999999999995     16.81840263868218      39
0.6874999999999997     34.52477394677945      33
0.7249999999999995     16.81840263868218      39
0.7249999999999995     16.81840263868218      39
0.7249999999999995     16.81840263868218      39
0.7249999999999995     16.81840263868218      39
0.6874999999999997     34.52477394677945      33
0.6874999999999997     34.52477394677945      33
0.6874999999999997     34.52477394677945      33
0.6874999999999997     34.52477394677945      33
0.6874999999999997     34.52477394677945      33
0.6874999999999997     34.52477394677945      33
0.6874999999999997     34.52477394677945      33
0.6874999999999997     34.52477394677945      33
0.7249999999999995     16.81840263868218      39
0.6874999999999997     34.52477394677945      33
0.7249999999999995     16.81840263868218      39
0.7249999999999995     16.81840263868218      39
0.6874999999999997     34.52477394677945      33
0.6874999999999997     34.52477394677945      33
0.7249999999999995     16.81840263868218      39
0.6624999999999998     19.452447078982416      37
0.6624999999999998     19.452447078982416      37
0.6874999999999997     34.52477394677945      33
0.6874999999999997     34.52477394677945      33
0.6874999999999997     34.52477394677945      33
