0.8208333333333326     26.215630645021417      45
0.8208333333333326     67.02829759498833      42
0.6999999999999996     23.657062888359242      43
0.8083333333333327     26.215630645021417      44
0.8208333333333326     26.215630645021417      45
0.766666666666666     20.37078512929095      42
0.766666666666666     20.37078512929095      42
0.8291666666666659     67.02829759498833      45
0.7083333333333328     31.04791203387665      35
0.6249999999999998     23.657062888359242      38
0.6249999999999998     23.657062888359242      38
0.6249999999999998     23.657062888359242      38
0.6249999999999998     23.657062888359242      38
0.6249999999999998     23.657062888359242      38
0.6249999999999998     23.657062888359242      38
0.6249999999999998     23.657062888359242      38
0.6249999999999998     23.657062888359242      38
0.6249999999999998     23.657062888359242      38
0.6249999999999998     23.657062888359242      38
0.6249999999999998     23.657062888359242      38
0.6249999999999998     23.657062888359242      38
0.6249999999999998     23.657062888359242      38
0.6249999999999998     23.657062888359242      38
0.6249999999999998     23.657062888359242      38
0.6249999999999998     23.657062888359242      38
0.6249999999999998     23.657062888359242      38
0.6249999999999998     23.657062888359242      38
0.6249999999999998     23.657062888359242      38
0.6249999999999998     23.657062888359242      38
0.6249999999999998     23.657062888359242      38
0.6249999999999998     23.657062888359242      38
0.6249999999999998     23.657062888359242      38
0.6249999999999998     23.657062888359242      38
0.6249999999999998     23.657062888359242      38
0.6249999999999998     23.657062888359242      38
0.6249999999999998     23.657062888359242      38
0.6249999999999998     23.657062888359242      38
0.6249999999999998     23.657062888359242      38
0.6249999999999998     23.657062888359242      38
0.6249999999999998     23.657062888359242      38
0.6249999999999998     23.657062888359242      38
0.6249999999999998     23.657062888359242      38
0.6249999999999998     23.657062888359242      38
0.6249999999999998     23.657062888359242      38
0.6249999999999998     23.657062888359242      38
0.6249999999999998     23.657062888359242      38
0.6249999999999998     23.657062888359242      38
0.6249999999999998     23.657062888359242      38
0.6249999999999998     23.657062888359242      38
0.6249999999999998     23.657062888359242      38
0.6249999999999998     23.657062888359242      38
0.6249999999999998     23.657062888359242      38
0.6249999999999998     23.657062888359242      38
0.6249999999999998     23.657062888359242      38
0.6249999999999998     23.657062888359242      38
0.6249999999999998     23.657062888359242      38
0.6249999999999998     23.657062888359242      38
0.6249999999999998     23.657062888359242      38
0.6249999999999998     23.657062888359242      38
0.6249999999999998     23.657062888359242      38
0.8291666666666659     34.52477394677945      43
0.6249999999999998     23.657062888359242      38
0.6249999999999998     23.657062888359242      38
0.6249999999999998     23.657062888359242      38
0.6249999999999998     23.657062888359242      38
0.6249999999999998     23.657062888359242      38
0.6249999999999998     23.657062888359242      38
0.6249999999999998     23.657062888359242      38
0.6249999999999998     23.657062888359242      38
0.6249999999999998     23.657062888359242      38
0.6249999999999998     23.657062888359242      38
0.6249999999999998     23.657062888359242      38
0.6249999999999998     23.657062888359242      38
0.8291666666666659     34.52477394677945      43
0.6249999999999998     23.657062888359242      38
0.6249999999999998     23.657062888359242      38
0.6249999999999998     23.657062888359242      38
0.6249999999999998     23.657062888359242      38
0.7541666666666662     19.452447078982416      42
0.7541666666666662     19.452447078982416      42
0.7541666666666662     19.452447078982416      42
0.7541666666666662     19.452447078982416      42
0.7541666666666662     19.452447078982416      42
0.7541666666666662     19.452447078982416      42
0.7541666666666662     19.452447078982416      42
0.8291666666666659     34.52477394677945      43
0.6583333333333331     19.452447078982416      39
0.6583333333333331     19.452447078982416      39
0.6583333333333331     19.452447078982416      39
0.6583333333333331     19.452447078982416      39
0.6583333333333331     19.452447078982416      39
0.6583333333333331     19.452447078982416      39
0.6583333333333331     19.452447078982416      39
0.8083333333333327     20.37078512929095      40
0.8291666666666659     34.52477394677945      43
0.6583333333333331     19.452447078982416      39
0.6583333333333331     19.452447078982416      39
0.6583333333333331     19.452447078982416      39
0.8291666666666659     34.52477394677945      43
0.6583333333333331     19.452447078982416      39
0.6583333333333331     19.452447078982416      39
0.6583333333333331     19.452447078982416      39
0.6583333333333331     19.452447078982416      39
0.6583333333333331     19.452447078982416      39
0.6583333333333331     19.452447078982416      39
0.6583333333333331     19.452447078982416      39
0.6583333333333331     19.452447078982416      39
0.6583333333333331     19.452447078982416      39
0.6583333333333331     19.452447078982416      39
0.6583333333333331     19.452447078982416      39
0.8291666666666659     34.52477394677945      43
0.6583333333333331     19.452447078982416      39
0.6583333333333331     19.452447078982416      39
0.6583333333333331     19.452447078982416      39
0.6583333333333331     19.452447078982416      39
0.6583333333333331     19.452447078982416      39
0.6583333333333331     19.452447078982416      39
0.6583333333333331     19.452447078982416      39
0.6583333333333331     19.452447078982416      39
0.6583333333333331     19.452447078982416      39
0.6583333333333331     19.452447078982416      39
0.6583333333333331     19.452447078982416      39
0.7374999999999996     18.29864807347971      40
0.6583333333333331     19.452447078982416      39
0.6583333333333331     19.452447078982416      39
0.6583333333333331     19.452447078982416      39
0.6583333333333331     19.452447078982416      39
0.6583333333333331     19.452447078982416      39
0.6583333333333331     19.452447078982416      39
0.6583333333333331     19.452447078982416      39
0.6583333333333331     19.452447078982416      39
0.6583333333333331     19.452447078982416      39
0.6583333333333331     19.452447078982416      39
0.6583333333333331     19.452447078982416      39
0.6583333333333331     19.452447078982416      39
0.6583333333333331     19.452447078982416      39
0.6583333333333331     19.452447078982416      39
0.6583333333333331     19.452447078982416      39
0.6583333333333331     19.452447078982416      39
0.6583333333333331     19.452447078982416      39
0.7374999999999996     18.29864807347971      40
0.7374999999999996     18.29864807347971      40
0.7374999999999996     18.29864807347971      40
0.7374999999999996     18.29864807347971      40
0.7374999999999996     18.29864807347971      40
0.7374999999999996     18.29864807347971      40
0.7374999999999996     18.29864807347971      40
0.6583333333333331     19.452447078982416      39
0.6583333333333331     19.452447078982416      39
0.7374999999999996     18.29864807347971      40
0.7374999999999996     18.29864807347971      40
0.7374999999999996     18.29864807347971      40
0.6583333333333331     19.452447078982416      39
0.6583333333333331     19.452447078982416      39
0.7166666666666662     67.02829759498833      34
0.7374999999999996     18.29864807347971      40
0.6583333333333331     19.452447078982416      39
0.7374999999999996     18.29864807347971      40
0.7374999999999996     18.29864807347971      40
0.7374999999999996     18.29864807347971      40
0.7374999999999996     18.29864807347971      40
0.7374999999999996     18.29864807347971      40
0.7374999999999996     18.29864807347971      40
0.7374999999999996     18.29864807347971      40
0.7374999999999996     18.29864807347971      40
0.7374999999999996     18.29864807347971      40
0.7374999999999996     18.29864807347971      40
0.7374999999999996     18.29864807347971      40
0.7374999999999996     18.29864807347971      40
0.7374999999999996     18.29864807347971      40
0.7374999999999996     18.29864807347971      40
0.7374999999999996     18.29864807347971      40
0.7374999999999996     18.29864807347971      40
0.6583333333333331     19.452447078982416      39
0.6583333333333331     19.452447078982416      39
0.6583333333333331     19.452447078982416      39
0.6583333333333331     19.452447078982416      39
0.7166666666666662     67.02829759498833      34
0.7374999999999996     18.29864807347971      40
0.7374999999999996     18.29864807347971      40
0.6583333333333331     19.452447078982416      39
0.6583333333333331     19.452447078982416      39
0.6583333333333331     19.452447078982416      39
0.7374999999999996     18.29864807347971      40
0.6583333333333331     19.452447078982416      39
0.7166666666666662     67.02829759498833      34
0.6583333333333331     19.452447078982416      39
0.7374999999999996     18.29864807347971      40
0.6583333333333331     19.452447078982416      39
0.6583333333333331     19.452447078982416      39
0.6583333333333331     19.452447078982416      39
0.6583333333333331     19.452447078982416      39
0.6583333333333331     19.452447078982416      39
0.6583333333333331     19.452447078982416      39
0.6583333333333331     19.452447078982416      39
0.6583333333333331     19.452447078982416      39
0.6583333333333331     19.452447078982416      39
0.6583333333333331     19.452447078982416      39
0.6583333333333331     19.452447078982416      39
0.6583333333333331     19.452447078982416      39
