0.8208333333333326     26.215630645021417      45
0.8208333333333326     26.215630645021417      45
0.7958333333333326     28.52987122025878      39
0.7041666666666663     24.465619829022245      44
0.8083333333333327     34.52477394677945      43
0.7708333333333328     31.04791203387665      38
0.8291666666666659     34.52477394677945      49
0.7624999999999994     67.02829759498833      37
0.7624999999999994     67.02829759498833      37
0.7624999999999994     67.02829759498833      37
0.7624999999999994     67.02829759498833      37
0.7624999999999994     67.02829759498833      37
0.7499999999999994     19.452447078982416      41
0.7499999999999994     19.452447078982416      41
0.6791666666666664     34.52477394677945      37
0.7499999999999994     19.452447078982416      41
0.7916666666666661     23.657062888359242      38
0.7499999999999994     19.452447078982416      41
0.7499999999999994     19.452447078982416      41
0.7499999999999994     19.452447078982416      41
0.7499999999999994     19.452447078982416      41
0.7499999999999994     19.452447078982416      41
0.670833333333333     34.52477394677945      36
0.670833333333333     34.52477394677945      36
0.670833333333333     34.52477394677945      36
0.670833333333333     34.52477394677945      36
0.670833333333333     34.52477394677945      36
0.670833333333333     34.52477394677945      36
0.670833333333333     34.52477394677945      36
0.7499999999999994     19.452447078982416      41
0.7499999999999994     19.452447078982416      41
0.7499999999999994     19.452447078982416      41
0.7499999999999994     19.452447078982416      41
0.7499999999999994     19.452447078982416      41
0.7499999999999994     19.452447078982416      41
0.7499999999999994     19.452447078982416      41
0.7499999999999994     19.452447078982416      41
0.7666666666666662     34.52477394677945      36
0.7499999999999994     19.452447078982416      41
0.7499999999999994     19.452447078982416      41
0.7499999999999994     19.452447078982416      41
0.7499999999999994     19.452447078982416      41
0.7499999999999994     19.452447078982416      41
0.7499999999999994     19.452447078982416      41
0.7499999999999994     19.452447078982416      41
0.7499999999999994     19.452447078982416      41
0.7499999999999994     19.452447078982416      41
0.7499999999999994     19.452447078982416      41
0.7499999999999994     19.452447078982416      41
0.7499999999999994     19.452447078982416      41
0.6583333333333332     31.04791203387665      35
0.6583333333333332     31.04791203387665      35
0.6583333333333332     31.04791203387665      35
0.6583333333333332     31.04791203387665      35
0.6583333333333332     31.04791203387665      35
0.6583333333333332     31.04791203387665      35
0.6583333333333332     31.04791203387665      35
0.6583333333333332     31.04791203387665      35
0.6583333333333332     31.04791203387665      35
0.6583333333333332     31.04791203387665      35
0.6583333333333332     31.04791203387665      35
0.6583333333333332     31.04791203387665      35
0.6583333333333332     31.04791203387665      35
0.6583333333333332     31.04791203387665      35
0.6583333333333332     31.04791203387665      35
0.6583333333333332     31.04791203387665      35
0.6583333333333332     31.04791203387665      35
0.6583333333333332     31.04791203387665      35
0.6583333333333332     31.04791203387665      35
0.6583333333333332     31.04791203387665      35
0.6583333333333332     31.04791203387665      35
0.6583333333333332     31.04791203387665      35
0.6583333333333332     31.04791203387665      35
0.6583333333333332     31.04791203387665      35
0.6583333333333332     31.04791203387665      35
0.6583333333333332     31.04791203387665      35
0.6583333333333332     31.04791203387665      35
0.6583333333333332     31.04791203387665      35
0.7499999999999994     19.452447078982416      41
0.7499999999999994     19.452447078982416      41
0.7499999999999994     19.452447078982416      41
0.7208333333333329     20.37078512929095      35
0.7208333333333329     20.37078512929095      35
0.7499999999999994     19.452447078982416      41
0.7499999999999994     19.452447078982416      41
0.7499999999999994     19.452447078982416      41
0.7499999999999994     19.452447078982416      41
0.7499999999999994     19.452447078982416      41
0.7499999999999994     19.452447078982416      41
0.7499999999999994     19.452447078982416      41
0.7499999999999994     19.452447078982416      41
0.7208333333333329     20.37078512929095      35
0.7958333333333327     19.070072839672633      41
0.6291666666666665     19.452447078982416      39
0.6291666666666665     19.452447078982416      39
0.6291666666666665     19.452447078982416      39
0.6291666666666665     19.452447078982416      39
0.6291666666666665     19.452447078982416      39
0.6291666666666665     19.452447078982416      39
0.6291666666666665     19.452447078982416      39
0.6291666666666665     19.452447078982416      39
0.6291666666666665     19.452447078982416      39
0.6291666666666665     19.452447078982416      39
0.6291666666666665     19.452447078982416      39
0.6291666666666665     19.452447078982416      39
0.6291666666666665     19.452447078982416      39
0.6291666666666665     19.452447078982416      39
0.6291666666666665     19.452447078982416      39
0.6291666666666665     19.452447078982416      39
0.6291666666666665     19.452447078982416      39
0.6291666666666665     19.452447078982416      39
0.6291666666666665     19.452447078982416      39
0.6291666666666665     19.452447078982416      39
0.6291666666666665     19.452447078982416      39
0.6291666666666665     19.452447078982416      39
0.6291666666666665     19.452447078982416      39
0.6291666666666665     19.452447078982416      39
0.7208333333333329     20.37078512929095      35
0.6291666666666665     19.452447078982416      39
0.6291666666666665     19.452447078982416      39
0.6291666666666665     19.452447078982416      39
0.6291666666666665     19.452447078982416      39
0.6291666666666665     19.452447078982416      39
0.6291666666666665     19.452447078982416      39
0.6291666666666665     19.452447078982416      39
0.6291666666666665     19.452447078982416      39
0.6291666666666665     19.452447078982416      39
0.7208333333333329     20.37078512929095      35
0.7208333333333329     20.37078512929095      35
0.6291666666666665     19.452447078982416      39
0.6291666666666665     19.452447078982416      39
0.6291666666666665     19.452447078982416      39
0.6291666666666665     19.452447078982416      39
0.6291666666666665     19.452447078982416      39
0.6291666666666665     19.452447078982416      39
0.6291666666666665     19.452447078982416      39
0.6291666666666665     19.452447078982416      39
0.7208333333333329     20.37078512929095      35
0.6291666666666665     19.452447078982416      39
0.6291666666666665     19.452447078982416      39
0.6291666666666665     19.452447078982416      39
0.6291666666666665     19.452447078982416      39
0.6291666666666665     19.452447078982416      39
0.6291666666666665     19.452447078982416      39
0.6291666666666665     19.452447078982416      39
0.6291666666666665     19.452447078982416      39
0.6291666666666665     19.452447078982416      39
0.6291666666666665     19.452447078982416      39
0.6291666666666665     19.452447078982416      39
0.6291666666666665     19.452447078982416      39
0.6291666666666665     19.452447078982416      39
0.6291666666666665     19.452447078982416      39
0.6291666666666665     19.452447078982416      39
0.6291666666666665     19.452447078982416      39
0.6291666666666665     19.452447078982416      39
0.6291666666666665     19.452447078982416      39
0.6291666666666665     19.452447078982416      39
0.6291666666666665     19.452447078982416      39
0.6291666666666665     19.452447078982416      39
0.6291666666666665     19.452447078982416      39
0.6291666666666665     19.452447078982416      39
0.6291666666666665     19.452447078982416      39
0.6291666666666665     19.452447078982416      39
0.6291666666666665     19.452447078982416      39
0.6291666666666665     19.452447078982416      39
0.6291666666666665     19.452447078982416      39
0.6291666666666665     19.452447078982416      39
0.6291666666666665     19.452447078982416      39
0.6291666666666665     19.452447078982416      39
0.6291666666666665     19.452447078982416      39
0.6291666666666665     19.452447078982416      39
0.6291666666666665     19.452447078982416      39
0.6291666666666665     19.452447078982416      39
0.6291666666666665     19.452447078982416      39
0.6291666666666665     19.452447078982416      39
0.6291666666666665     19.452447078982416      39
0.7208333333333329     20.37078512929095      35
0.6291666666666665     19.452447078982416      39
0.6291666666666665     19.452447078982416      39
0.6291666666666665     19.452447078982416      39
0.6291666666666665     19.452447078982416      39
0.6291666666666665     19.452447078982416      39
0.6291666666666665     19.452447078982416      39
0.6291666666666665     19.452447078982416      39
0.6291666666666665     19.452447078982416      39
0.6291666666666665     19.452447078982416      39
0.6291666666666665     19.452447078982416      39
0.6291666666666665     19.452447078982416      39
0.6291666666666665     19.452447078982416      39
0.6291666666666665     19.452447078982416      39
0.6291666666666665     19.452447078982416      39
0.6291666666666665     19.452447078982416      39
0.6291666666666665     19.452447078982416      39
0.6291666666666665     19.452447078982416      39
0.6291666666666665     19.452447078982416      39
0.6291666666666665     19.452447078982416      39
0.695833333333333     18.648871144145197      40
0.695833333333333     18.648871144145197      40
0.695833333333333     18.648871144145197      40
0.695833333333333     18.648871144145197      40
