0.8208333333333326     26.215630645021417      45
0.7833333333333327     30.16620021353149      43
0.7624999999999994     34.52477394677945      38
0.8291666666666659     67.02829759498833      47
0.7708333333333327     31.04791203387665      40
0.8291666666666659     67.02829759498833      47
0.8249999999999993     34.52477394677945      47
0.7583333333333327     20.37078512929095      36
0.7583333333333327     20.37078512929095      36
0.7583333333333327     20.37078512929095      36
0.7583333333333327     20.37078512929095      36
0.7583333333333327     20.37078512929095      36
0.7583333333333327     20.37078512929095      36
0.7583333333333327     20.37078512929095      36
0.7041666666666663     23.657062888359242      34
0.7041666666666663     23.657062888359242      34
0.7041666666666663     23.657062888359242      34
0.7041666666666663     23.657062888359242      34
0.7041666666666663     23.657062888359242      34
0.7083333333333329     19.452447078982416      40
0.7041666666666663     23.657062888359242      34
0.7041666666666663     23.657062888359242      34
0.7041666666666663     23.657062888359242      34
0.7041666666666663     23.657062888359242      34
0.7041666666666663     23.657062888359242      34
0.7083333333333329     19.452447078982416      40
0.7041666666666663     23.657062888359242      34
0.7041666666666663     23.657062888359242      34
0.7083333333333329     19.452447078982416      40
0.7041666666666663     23.657062888359242      34
0.7041666666666663     23.657062888359242      34
0.7083333333333329     19.452447078982416      40
0.7083333333333329     19.452447078982416      40
0.7041666666666663     23.657062888359242      34
0.7083333333333329     19.452447078982416      40
0.7041666666666663     23.657062888359242      34
0.7041666666666663     23.657062888359242      34
0.7041666666666663     23.657062888359242      34
0.7333333333333328     18.648871144145197      38
0.7041666666666663     23.657062888359242      34
0.7041666666666663     23.657062888359242      34
0.7041666666666663     23.657062888359242      34
0.7041666666666663     23.657062888359242      34
0.7333333333333328     18.648871144145197      38
0.7041666666666663     23.657062888359242      34
0.7333333333333328     18.648871144145197      38
0.7333333333333328     18.648871144145197      38
0.7333333333333328     18.648871144145197      38
0.7041666666666663     23.657062888359242      34
0.7333333333333328     18.648871144145197      38
0.7333333333333328     18.648871144145197      38
0.7333333333333328     18.648871144145197      38
0.7041666666666663     23.657062888359242      34
0.7041666666666663     23.657062888359242      34
0.7041666666666663     23.657062888359242      34
0.7041666666666663     23.657062888359242      34
0.7333333333333328     18.648871144145197      38
0.7041666666666663     23.657062888359242      34
0.7041666666666663     23.657062888359242      34
0.7041666666666663     23.657062888359242      34
0.7041666666666663     23.657062888359242      34
0.7333333333333328     18.648871144145197      38
0.7041666666666663     23.657062888359242      34
0.7041666666666663     23.657062888359242      34
0.7041666666666663     23.657062888359242      34
0.7333333333333328     18.648871144145197      38
0.7333333333333328     18.648871144145197      38
0.7041666666666663     23.657062888359242      34
0.7041666666666663     23.657062888359242      34
0.7041666666666663     23.657062888359242      34
0.7041666666666663     23.657062888359242      34
0.7041666666666663     23.657062888359242      34
0.7041666666666663     23.657062888359242      34
0.7041666666666663     23.657062888359242      34
0.7041666666666663     23.657062888359242      34
0.7041666666666663     23.657062888359242      34
0.7041666666666663     23.657062888359242      34
0.7041666666666663     23.657062888359242      34
0.7041666666666663     23.657062888359242      34
0.7041666666666663     23.657062888359242      34
0.7333333333333328     18.648871144145197      38
0.7041666666666663     23.657062888359242      34
0.7333333333333328     18.648871144145197      38
0.7333333333333328     18.648871144145197      38
0.7333333333333328     18.648871144145197      38
0.7041666666666663     23.657062888359242      34
0.7041666666666663     23.657062888359242      34
0.7041666666666663     23.657062888359242      34
0.8291666666666659     67.02829759498833      43
0.7041666666666663     23.657062888359242      34
0.7041666666666663     23.657062888359242      34
0.7041666666666663     23.657062888359242      34
0.8291666666666659     67.02829759498833      43
0.7291666666666662     16.920345244993765      40
0.7291666666666662     16.920345244993765      40
0.7041666666666663     23.657062888359242      34
0.7041666666666663     23.657062888359242      34
0.7041666666666663     23.657062888359242      34
0.7041666666666663     23.657062888359242      34
0.7041666666666663     23.657062888359242      34
0.7041666666666663     23.657062888359242      34
0.7041666666666663     23.657062888359242      34
0.7041666666666663     23.657062888359242      34
0.7291666666666662     16.920345244993765      40
0.7041666666666663     23.657062888359242      34
0.7291666666666662     16.920345244993765      40
0.7041666666666663     23.657062888359242      34
0.7291666666666662     16.920345244993765      40
0.7291666666666662     16.920345244993765      40
0.7291666666666662     16.920345244993765      40
0.7041666666666663     23.657062888359242      34
0.7041666666666663     23.657062888359242      34
0.7291666666666662     16.920345244993765      40
0.7291666666666662     16.920345244993765      40
0.7041666666666663     23.657062888359242      34
0.7291666666666662     16.920345244993765      40
0.7291666666666662     16.920345244993765      40
0.7291666666666662     16.920345244993765      40
0.7291666666666662     16.920345244993765      40
0.7041666666666663     23.657062888359242      34
0.7041666666666663     23.657062888359242      34
0.7291666666666662     16.920345244993765      40
0.7041666666666663     23.657062888359242      34
0.7041666666666663     23.657062888359242      34
0.7041666666666663     23.657062888359242      34
0.7041666666666663     23.657062888359242      34
0.7041666666666663     23.657062888359242      34
0.7041666666666663     23.657062888359242      34
0.7291666666666662     16.920345244993765      40
0.7041666666666663     23.657062888359242      34
0.7041666666666663     23.657062888359242      34
0.7041666666666663     23.657062888359242      34
0.7041666666666663     23.657062888359242      34
0.7041666666666663     23.657062888359242      34
0.7041666666666663     23.657062888359242      34
0.7041666666666663     23.657062888359242      34
0.7041666666666663     23.657062888359242      34
0.7291666666666662     16.920345244993765      40
0.7291666666666662     16.920345244993765      40
0.7041666666666663     23.657062888359242      34
0.6541666666666665     18.29864807347971      37
0.7041666666666663     23.657062888359242      34
0.7041666666666663     23.657062888359242      34
0.7041666666666663     23.657062888359242      34
0.7041666666666663     23.657062888359242      34
0.7041666666666663     23.657062888359242      34
0.6541666666666665     18.29864807347971      37
0.7041666666666663     23.657062888359242      34
0.7041666666666663     23.657062888359242      34
0.7041666666666663     23.657062888359242      34
0.7041666666666663     23.657062888359242      34
0.7041666666666663     23.657062888359242      34
0.7291666666666662     16.920345244993765      40
0.7041666666666663     23.657062888359242      34
0.7291666666666662     16.920345244993765      40
0.7041666666666663     23.657062888359242      34
0.7041666666666663     23.657062888359242      34
0.7041666666666663     23.657062888359242      34
0.7041666666666663     23.657062888359242      34
0.7041666666666663     23.657062888359242      34
0.7041666666666663     23.657062888359242      34
0.7041666666666663     23.657062888359242      34
0.7041666666666663     23.657062888359242      34
0.7291666666666662     16.920345244993765      40
0.6541666666666665     18.29864807347971      37
0.7041666666666663     23.657062888359242      34
0.7041666666666663     23.657062888359242      34
0.7041666666666663     23.657062888359242      34
0.6541666666666665     18.29864807347971      37
0.7041666666666663     23.657062888359242      34
0.7291666666666662     16.920345244993765      40
0.7291666666666662     16.920345244993765      40
0.7291666666666662     16.920345244993765      40
0.7291666666666662     16.920345244993765      40
0.7041666666666663     23.657062888359242      34
0.7041666666666663     23.657062888359242      34
0.6541666666666665     18.29864807347971      37
0.7041666666666663     23.657062888359242      34
0.7041666666666663     23.657062888359242      34
0.7041666666666663     23.657062888359242      34
0.7041666666666663     23.657062888359242      34
0.7291666666666662     16.920345244993765      40
0.7291666666666662     16.920345244993765      40
0.7041666666666663     23.657062888359242      34
0.7291666666666662     16.920345244993765      40
0.7041666666666663     23.657062888359242      34
0.7291666666666662     16.920345244993765      40
0.7041666666666663     23.657062888359242      34
0.7041666666666663     23.657062888359242      34
0.7041666666666663     23.657062888359242      34
0.7041666666666663     23.657062888359242      34
0.7041666666666663     23.657062888359242      34
0.7041666666666663     23.657062888359242      34
0.7041666666666663     23.657062888359242      34
0.7041666666666663     23.657062888359242      34
0.7291666666666662     16.920345244993765      40
0.7041666666666663     23.657062888359242      34
0.7291666666666662     16.920345244993765      40
0.7041666666666663     23.657062888359242      34
0.7041666666666663     23.657062888359242      34
