0.8208333333333326     26.215630645021417      45
0.7791666666666661     20.37078512929095      41
0.7791666666666661     20.37078512929095      41
0.7791666666666661     20.37078512929095      41
0.7791666666666661     20.37078512929095      41
0.7791666666666661     20.37078512929095      41
0.7791666666666661     20.37078512929095      41
0.7791666666666661     20.37078512929095      41
0.7791666666666661     20.37078512929095      41
0.8291666666666659     30.16620021353149      50
0.7791666666666661     20.37078512929095      41
0.7791666666666661     20.37078512929095      41
0.7791666666666661     20.37078512929095      41
0.7791666666666661     20.37078512929095      41
0.7791666666666661     20.37078512929095      41
0.7791666666666661     20.37078512929095      41
0.6666666666666664     34.52477394677945      36
0.7791666666666661     20.37078512929095      41
0.7791666666666661     20.37078512929095      41
0.7791666666666661     20.37078512929095      41
0.6666666666666664     34.52477394677945      36
0.7083333333333329     19.452447078982416      40
0.7083333333333329     19.452447078982416      40
0.7083333333333329     19.452447078982416      40
0.7083333333333329     19.452447078982416      40
0.7083333333333329     19.452447078982416      40
0.7083333333333329     19.452447078982416      40
0.7083333333333329     19.452447078982416      40
0.7083333333333329     19.452447078982416      40
0.7083333333333329     19.452447078982416      40
0.7083333333333329     19.452447078982416      40
0.7083333333333329     19.452447078982416      40
0.7083333333333329     19.452447078982416      40
0.7083333333333329     19.452447078982416      40
0.7083333333333329     19.452447078982416      40
0.7458333333333328     34.52477394677945      36
0.7083333333333329     19.452447078982416      40
0.7458333333333328     34.52477394677945      36
0.7083333333333329     19.452447078982416      40
0.7083333333333329     19.452447078982416      40
0.7083333333333329     19.452447078982416      40
0.7083333333333329     19.452447078982416      40
0.7083333333333329     19.452447078982416      40
0.7083333333333329     19.452447078982416      40
0.7083333333333329     19.452447078982416      40
0.7083333333333329     19.452447078982416      40
0.7083333333333329     19.452447078982416      40
0.7083333333333329     19.452447078982416      40
0.7083333333333329     19.452447078982416      40
0.7083333333333329     19.452447078982416      40
0.7083333333333329     19.452447078982416      40
0.7083333333333329     19.452447078982416      40
0.7083333333333329     19.452447078982416      40
0.7083333333333329     19.452447078982416      40
0.7416666666666661     34.52477394677945      35
0.7083333333333329     19.452447078982416      40
0.7083333333333329     19.452447078982416      40
0.7083333333333329     19.452447078982416      40
0.7416666666666661     34.52477394677945      35
0.7083333333333329     19.452447078982416      40
0.7416666666666661     34.52477394677945      35
0.7083333333333329     19.452447078982416      40
0.7083333333333329     19.452447078982416      40
0.7416666666666661     34.52477394677945      35
0.7083333333333329     19.452447078982416      40
0.7083333333333329     19.452447078982416      40
0.7083333333333329     19.452447078982416      40
0.7083333333333329     19.452447078982416      40
0.7083333333333329     19.452447078982416      40
0.7083333333333329     19.452447078982416      40
0.7083333333333329     19.452447078982416      40
0.7083333333333329     19.452447078982416      40
0.7083333333333329     19.452447078982416      40
0.7083333333333329     19.452447078982416      40
0.7083333333333329     19.452447078982416      40
0.7083333333333329     19.452447078982416      40
0.7083333333333329     19.452447078982416      40
0.7083333333333329     19.452447078982416      40
0.7083333333333329     19.452447078982416      40
0.7083333333333329     19.452447078982416      40
0.7416666666666661     34.52477394677945      35
0.7083333333333329     19.452447078982416      40
0.7083333333333329     19.452447078982416      40
0.7083333333333329     19.452447078982416      40
0.7416666666666661     34.52477394677945      35
0.7083333333333329     19.452447078982416      40
0.7083333333333329     19.452447078982416      40
0.7083333333333329     19.452447078982416      40
0.7083333333333329     19.452447078982416      40
0.7083333333333329     19.452447078982416      40
0.7083333333333329     19.452447078982416      40
0.7083333333333329     19.452447078982416      40
0.7083333333333329     19.452447078982416      40
0.7083333333333329     19.452447078982416      40
0.7083333333333329     19.452447078982416      40
0.7083333333333329     19.452447078982416      40
0.7083333333333329     19.452447078982416      40
0.7083333333333329     19.452447078982416      40
0.7083333333333329     19.452447078982416      40
0.7083333333333329     19.452447078982416      40
0.7583333333333329     30.16620021353149      36
0.7416666666666661     34.52477394677945      35
0.7416666666666661     34.52477394677945      35
0.7416666666666661     16.920345244993765      41
0.7416666666666661     16.920345244993765      41
0.7416666666666661     16.920345244993765      41
0.7416666666666661     16.920345244993765      41
0.7416666666666661     16.920345244993765      41
0.7416666666666661     16.920345244993765      41
0.8291666666666659     30.16620021353149      43
0.7416666666666661     16.920345244993765      41
0.7416666666666661     16.920345244993765      41
0.7416666666666661     16.920345244993765      41
0.7416666666666661     16.920345244993765      41
0.7083333333333329     19.452447078982416      40
0.7416666666666661     16.920345244993765      41
0.7416666666666661     16.920345244993765      41
0.7083333333333329     19.452447078982416      40
0.7416666666666661     16.920345244993765      41
0.7416666666666661     16.920345244993765      41
0.7416666666666661     16.920345244993765      41
0.7416666666666661     16.920345244993765      41
0.7416666666666661     16.920345244993765      41
0.7416666666666661     16.920345244993765      41
0.7416666666666661     16.920345244993765      41
0.7416666666666661     16.920345244993765      41
0.7416666666666661     16.920345244993765      41
0.7416666666666661     16.920345244993765      41
0.7416666666666661     16.920345244993765      41
0.7416666666666661     16.920345244993765      41
0.7416666666666661     16.920345244993765      41
0.7416666666666661     16.920345244993765      41
0.7416666666666661     16.920345244993765      41
0.7416666666666661     16.920345244993765      41
0.7083333333333329     19.452447078982416      40
0.7083333333333329     19.452447078982416      40
0.7083333333333329     19.452447078982416      40
0.7416666666666661     16.920345244993765      41
0.7416666666666661     16.920345244993765      41
0.7416666666666661     16.920345244993765      41
0.7416666666666661     16.920345244993765      41
0.7416666666666661     16.920345244993765      41
0.7416666666666661     16.920345244993765      41
0.7416666666666661     16.920345244993765      41
0.7416666666666661     16.920345244993765      41
0.7416666666666661     16.920345244993765      41
0.7416666666666661     16.920345244993765      41
0.695833333333333     20.39175167657723      38
0.7416666666666661     16.920345244993765      41
0.7416666666666661     16.920345244993765      41
0.7416666666666661     16.920345244993765      41
0.7416666666666661     16.920345244993765      41
0.7416666666666661     16.920345244993765      41
0.7416666666666661     16.920345244993765      41
0.7416666666666661     16.920345244993765      41
0.7416666666666661     16.920345244993765      41
0.7416666666666661     16.920345244993765      41
0.7416666666666661     16.920345244993765      41
0.7416666666666661     16.920345244993765      41
0.7416666666666661     16.920345244993765      41
0.7416666666666661     16.920345244993765      41
0.7416666666666661     16.920345244993765      41
0.7416666666666661     16.920345244993765      41
0.7416666666666661     16.920345244993765      41
0.7416666666666661     16.920345244993765      41
0.7416666666666661     16.920345244993765      41
0.7416666666666661     16.920345244993765      41
0.7416666666666661     16.920345244993765      41
0.7416666666666661     16.920345244993765      41
0.7416666666666661     16.920345244993765      41
0.7416666666666661     16.920345244993765      41
0.7416666666666661     16.920345244993765      41
0.7416666666666661     16.920345244993765      41
0.7416666666666661     16.920345244993765      41
0.7416666666666661     16.920345244993765      41
0.695833333333333     20.39175167657723      38
0.7416666666666661     16.920345244993765      41
0.7416666666666661     16.920345244993765      41
0.7416666666666661     16.920345244993765      41
0.7416666666666661     16.920345244993765      41
0.7416666666666661     16.920345244993765      41
0.7416666666666661     16.920345244993765      41
0.7416666666666661     16.920345244993765      41
0.7416666666666661     16.920345244993765      41
0.7416666666666661     16.920345244993765      41
0.7416666666666661     16.920345244993765      41
0.7416666666666661     16.920345244993765      41
0.7416666666666661     16.920345244993765      41
0.7416666666666661     16.920345244993765      41
0.7416666666666661     16.920345244993765      41
0.7416666666666661     16.920345244993765      41
0.7416666666666661     16.920345244993765      41
0.7416666666666661     16.920345244993765      41
0.7416666666666661     16.920345244993765      41
0.7416666666666661     16.920345244993765      41
0.7416666666666661     16.920345244993765      41
0.7416666666666661     16.920345244993765      41
0.7416666666666661     16.920345244993765      41
0.7416666666666661     16.920345244993765      41
0.7416666666666661     16.920345244993765      41
