0.8208333333333326     26.215630645021417      45
0.7124999999999996     34.52477394677945      37
0.7124999999999996     34.52477394677945      37
0.804166666666666     26.215630645021417      41
0.8291666666666659     67.02829759498833      45
0.8124999999999993     31.04791203387665      42
0.7124999999999996     34.52477394677945      37
0.7041666666666663     67.02829759498833      33
0.7041666666666663     67.02829759498833      33
0.8124999999999992     23.657062888359242      42
0.8124999999999992     23.657062888359242      42
0.8124999999999992     23.657062888359242      42
0.8124999999999992     23.657062888359242      42
0.7041666666666663     67.02829759498833      33
0.7541666666666661     20.39175167657723      42
0.8291666666666659     67.02829759498833      45
0.8291666666666659     67.02829759498833      45
0.7749999999999994     19.452447078982416      39
0.7749999999999994     19.452447078982416      39
0.7041666666666663     67.02829759498833      33
0.7041666666666663     67.02829759498833      33
0.7749999999999994     19.452447078982416      39
0.7041666666666663     67.02829759498833      33
0.7749999999999994     19.452447078982416      39
0.7041666666666663     67.02829759498833      33
0.7749999999999994     19.452447078982416      39
0.7749999999999994     19.452447078982416      39
0.7749999999999994     19.452447078982416      39
0.7749999999999994     19.452447078982416      39
0.7041666666666663     67.02829759498833      33
0.7749999999999994     19.452447078982416      39
0.7749999999999994     19.452447078982416      39
0.7749999999999994     19.452447078982416      39
0.7041666666666663     67.02829759498833      33
0.7749999999999994     19.452447078982416      39
0.7041666666666663     67.02829759498833      33
0.7041666666666663     67.02829759498833      33
0.7749999999999994     19.452447078982416      39
0.7749999999999994     19.452447078982416      39
0.7749999999999994     19.452447078982416      39
0.7041666666666663     67.02829759498833      33
0.7041666666666663     67.02829759498833      33
0.7041666666666663     67.02829759498833      33
0.7041666666666663     67.02829759498833      33
0.7041666666666663     67.02829759498833      33
0.7749999999999994     19.452447078982416      39
0.7749999999999994     19.452447078982416      39
0.7749999999999994     19.452447078982416      39
0.7749999999999994     19.452447078982416      39
0.7749999999999994     19.452447078982416      39
0.7041666666666663     67.02829759498833      33
0.7041666666666663     67.02829759498833      33
0.7749999999999994     19.452447078982416      39
0.7041666666666663     67.02829759498833      33
0.7041666666666663     67.02829759498833      33
0.7041666666666663     67.02829759498833      33
0.7041666666666663     67.02829759498833      33
0.7749999999999994     19.452447078982416      39
0.7041666666666663     67.02829759498833      33
0.7041666666666663     67.02829759498833      33
0.7749999999999994     19.452447078982416      39
0.7749999999999994     19.452447078982416      39
0.7749999999999994     19.452447078982416      39
0.7041666666666663     67.02829759498833      33
0.7041666666666663     67.02829759498833      33
0.7749999999999994     19.452447078982416      39
0.7041666666666663     67.02829759498833      33
0.7749999999999994     19.452447078982416      39
0.7041666666666663     67.02829759498833      33
0.7041666666666663     67.02829759498833      33
0.7041666666666663     67.02829759498833      33
0.7041666666666663     67.02829759498833      33
0.7041666666666663     67.02829759498833      33
0.7041666666666663     67.02829759498833      33
0.7749999999999994     19.452447078982416      39
0.7749999999999994     19.452447078982416      39
0.7041666666666663     67.02829759498833      33
0.7749999999999994     19.452447078982416      39
0.7041666666666663     67.02829759498833      33
0.7041666666666663     67.02829759498833      33
0.7041666666666663     67.02829759498833      33
0.7041666666666663     67.02829759498833      33
0.7749999999999994     19.452447078982416      39
0.7041666666666663     67.02829759498833      33
0.7041666666666663     67.02829759498833      33
0.7041666666666663     67.02829759498833      33
0.7041666666666663     67.02829759498833      33
0.7041666666666663     67.02829759498833      33
0.7749999999999994     19.452447078982416      39
0.7749999999999994     19.452447078982416      39
0.7041666666666663     67.02829759498833      33
0.7749999999999994     19.452447078982416      39
0.7749999999999994     19.452447078982416      39
0.7749999999999994     19.452447078982416      39
0.7749999999999994     19.452447078982416      39
0.7749999999999994     19.452447078982416      39
0.7041666666666663     67.02829759498833      33
0.7749999999999994     19.452447078982416      39
0.7041666666666663     67.02829759498833      33
0.7749999999999994     19.452447078982416      39
0.7041666666666663     67.02829759498833      33
0.7041666666666663     67.02829759498833      33
0.7041666666666663     67.02829759498833      33
0.7749999999999994     19.452447078982416      39
0.7749999999999994     19.452447078982416      39
0.7041666666666663     67.02829759498833      33
0.7041666666666663     67.02829759498833      33
0.7749999999999994     19.452447078982416      39
0.7041666666666663     67.02829759498833      33
0.7041666666666663     67.02829759498833      33
0.7041666666666663     67.02829759498833      33
0.7041666666666663     67.02829759498833      33
0.7041666666666663     67.02829759498833      33
0.7041666666666663     67.02829759498833      33
0.7041666666666663     67.02829759498833      33
0.7749999999999994     19.452447078982416      39
0.7041666666666663     67.02829759498833      33
0.7041666666666663     67.02829759498833      33
0.7749999999999994     19.452447078982416      39
0.7749999999999994     19.452447078982416      39
0.7749999999999994     19.452447078982416      39
0.7749999999999994     19.452447078982416      39
0.7749999999999994     19.452447078982416      39
0.7749999999999994     19.452447078982416      39
0.7041666666666663     67.02829759498833      33
0.7749999999999994     19.452447078982416      39
0.7041666666666663     67.02829759498833      33
0.7041666666666663     67.02829759498833      33
0.7041666666666663     67.02829759498833      33
0.7749999999999994     19.452447078982416      39
0.7041666666666663     67.02829759498833      33
0.7749999999999994     19.452447078982416      39
0.7749999999999994     19.452447078982416      39
0.7749999999999994     19.452447078982416      39
0.7749999999999994     19.452447078982416      39
0.7749999999999994     19.452447078982416      39
0.7749999999999994     19.452447078982416      39
0.7749999999999994     19.452447078982416      39
0.7749999999999994     19.452447078982416      39
0.7749999999999994     19.452447078982416      39
0.7749999999999994     19.452447078982416      39
0.7749999999999994     19.452447078982416      39
0.7749999999999994     19.452447078982416      39
0.7749999999999994     19.452447078982416      39
0.7749999999999994     19.452447078982416      39
0.7749999999999994     19.452447078982416      39
0.7749999999999994     19.452447078982416      39
0.7749999999999994     19.452447078982416      39
0.7749999999999994     19.452447078982416      39
0.7041666666666663     67.02829759498833      33
0.7041666666666663     67.02829759498833      33
0.7749999999999994     19.452447078982416      39
0.7749999999999994     19.452447078982416      39
0.7041666666666663     67.02829759498833      33
0.7041666666666663     67.02829759498833      33
0.7041666666666663     67.02829759498833      33
0.7749999999999994     19.452447078982416      39
0.7749999999999994     19.452447078982416      39
0.7749999999999994     19.452447078982416      39
0.7749999999999994     19.452447078982416      39
0.7749999999999994     19.452447078982416      39
0.7749999999999994     19.452447078982416      39
0.7749999999999994     19.452447078982416      39
0.7749999999999994     19.452447078982416      39
0.7749999999999994     19.452447078982416      39
0.7749999999999994     19.452447078982416      39
0.7749999999999994     19.452447078982416      39
0.7749999999999994     19.452447078982416      39
0.7749999999999994     19.452447078982416      39
0.7749999999999994     19.452447078982416      39
0.7749999999999994     19.452447078982416      39
0.7749999999999994     19.452447078982416      39
0.7749999999999994     19.452447078982416      39
0.7749999999999994     19.452447078982416      39
0.7749999999999994     19.452447078982416      39
0.7749999999999994     19.452447078982416      39
0.7749999999999994     19.452447078982416      39
0.7749999999999994     19.452447078982416      39
0.7749999999999994     19.452447078982416      39
0.7749999999999994     19.452447078982416      39
0.7749999999999994     19.452447078982416      39
0.7749999999999994     19.452447078982416      39
0.7749999999999994     19.452447078982416      39
0.7749999999999994     19.452447078982416      39
0.7041666666666663     67.02829759498833      33
0.7749999999999994     19.452447078982416      39
0.7041666666666663     67.02829759498833      33
0.7749999999999994     19.452447078982416      39
0.7041666666666663     67.02829759498833      33
0.7041666666666663     67.02829759498833      33
0.7749999999999994     19.452447078982416      39
0.7749999999999994     19.452447078982416      39
0.7749999999999994     19.452447078982416      39
0.7749999999999994     19.452447078982416      39
0.7749999999999994     19.452447078982416      39
0.7041666666666663     67.02829759498833      33
0.7041666666666663     67.02829759498833      33
0.7041666666666663     67.02829759498833      33
0.7749999999999994     19.452447078982416      39
0.7749999999999994     19.452447078982416      39
