0.8208333333333326     26.215630645021417      45
0.7958333333333327     28.52987122025878      40
0.7541666666666661     23.657062888359242      40
0.8208333333333326     31.04791203387665      39
0.7166666666666662     34.52477394677945      37
0.7416666666666661     20.37078512929095      41
0.7416666666666661     20.37078512929095      41
0.7166666666666662     34.52477394677945      37
0.7416666666666661     20.37078512929095      41
0.7333333333333328     67.02829759498833      37
0.6416666666666665     19.452447078982416      39
0.6416666666666665     19.452447078982416      39
0.6416666666666665     19.452447078982416      39
0.6416666666666665     19.452447078982416      39
0.6416666666666665     19.452447078982416      39
0.6416666666666665     19.452447078982416      39
0.6416666666666665     19.452447078982416      39
0.6416666666666665     19.452447078982416      39
0.6416666666666665     19.452447078982416      39
0.6416666666666665     19.452447078982416      39
0.6416666666666665     19.452447078982416      39
0.6416666666666665     19.452447078982416      39
0.6416666666666665     19.452447078982416      39
0.6416666666666665     19.452447078982416      39
0.6416666666666665     19.452447078982416      39
0.6416666666666665     19.452447078982416      39
0.6416666666666665     19.452447078982416      39
0.6416666666666665     19.452447078982416      39
0.6416666666666665     19.452447078982416      39
0.6416666666666665     19.452447078982416      39
0.6416666666666665     19.452447078982416      39
0.6416666666666665     19.452447078982416      39
0.6416666666666665     19.452447078982416      39
0.6416666666666665     19.452447078982416      39
0.6416666666666665     19.452447078982416      39
0.6416666666666665     19.452447078982416      39
0.6416666666666665     19.452447078982416      39
0.6416666666666665     19.452447078982416      39
0.6958333333333331     67.02829759498833      35
0.6416666666666665     19.452447078982416      39
0.6958333333333331     67.02829759498833      35
0.6958333333333331     67.02829759498833      35
0.6416666666666665     19.452447078982416      39
0.6958333333333331     67.02829759498833      35
0.6958333333333331     67.02829759498833      35
0.6958333333333331     67.02829759498833      35
0.6958333333333331     67.02829759498833      35
0.6958333333333331     67.02829759498833      35
0.6958333333333331     67.02829759498833      35
0.6958333333333331     67.02829759498833      35
0.6958333333333331     67.02829759498833      35
0.6958333333333331     67.02829759498833      35
0.6416666666666665     19.452447078982416      39
0.6958333333333331     67.02829759498833      35
0.6416666666666665     19.452447078982416      39
0.6416666666666665     19.452447078982416      39
0.6958333333333331     67.02829759498833      35
0.6958333333333331     67.02829759498833      35
0.6958333333333331     67.02829759498833      35
0.6958333333333331     67.02829759498833      35
0.6416666666666665     19.452447078982416      39
0.6416666666666665     19.452447078982416      39
0.6416666666666665     19.452447078982416      39
0.6416666666666665     19.452447078982416      39
0.6416666666666665     19.452447078982416      39
0.6416666666666665     19.452447078982416      39
0.6416666666666665     19.452447078982416      39
0.6958333333333331     67.02829759498833      35
0.7583333333333327     19.070072839672633      39
0.7583333333333327     19.070072839672633      39
0.7583333333333327     19.070072839672633      39
0.7583333333333327     19.070072839672633      39
0.6958333333333331     67.02829759498833      35
0.7583333333333327     19.070072839672633      39
0.7583333333333327     19.070072839672633      39
0.6958333333333331     67.02829759498833      35
0.7583333333333327     19.070072839672633      39
0.7583333333333327     19.070072839672633      39
0.7583333333333327     19.070072839672633      39
0.7583333333333327     19.070072839672633      39
0.7583333333333327     19.070072839672633      39
0.7583333333333327     19.070072839672633      39
0.7583333333333327     19.070072839672633      39
0.7583333333333327     19.070072839672633      39
0.7583333333333327     19.070072839672633      39
0.7583333333333327     19.070072839672633      39
0.7583333333333327     19.070072839672633      39
0.7583333333333327     19.070072839672633      39
0.7583333333333327     19.070072839672633      39
0.7583333333333327     19.070072839672633      39
0.7583333333333327     19.070072839672633      39
0.7583333333333327     19.070072839672633      39
0.7583333333333327     19.070072839672633      39
0.7583333333333327     19.070072839672633      39
0.7583333333333327     19.070072839672633      39
0.7583333333333327     19.070072839672633      39
0.7374999999999995     34.52477394677945      35
0.7583333333333327     19.070072839672633      39
0.7583333333333327     19.070072839672633      39
0.7374999999999995     34.52477394677945      35
0.7374999999999995     34.52477394677945      35
0.7583333333333327     19.070072839672633      39
0.7583333333333327     19.070072839672633      39
0.7583333333333327     19.070072839672633      39
0.7583333333333327     19.070072839672633      39
0.7583333333333327     19.070072839672633      39
0.7374999999999995     34.52477394677945      35
0.7583333333333327     19.070072839672633      39
0.7583333333333327     19.070072839672633      39
0.7583333333333327     19.070072839672633      39
0.7583333333333327     19.070072839672633      39
0.7583333333333327     19.070072839672633      39
0.7583333333333327     19.070072839672633      39
0.7583333333333327     19.070072839672633      39
0.7374999999999995     34.52477394677945      35
0.7583333333333327     19.070072839672633      39
0.7583333333333327     19.070072839672633      39
0.7374999999999995     34.52477394677945      35
0.7583333333333327     19.070072839672633      39
0.7374999999999995     34.52477394677945      35
0.7374999999999995     34.52477394677945      35
0.7583333333333327     19.070072839672633      39
0.7583333333333327     19.070072839672633      39
0.7583333333333327     19.070072839672633      39
0.7583333333333327     19.070072839672633      39
0.7583333333333327     19.070072839672633      39
0.7583333333333327     19.070072839672633      39
0.7583333333333327     19.070072839672633      39
0.7583333333333327     19.070072839672633      39
0.7583333333333327     19.070072839672633      39
0.7583333333333327     19.070072839672633      39
0.8291666666666659     24.465619829022245      45
0.7583333333333327     19.070072839672633      39
0.7583333333333327     19.070072839672633      39
0.7583333333333327     19.070072839672633      39
0.7583333333333327     19.070072839672633      39
0.7583333333333327     19.070072839672633      39
0.7583333333333327     19.070072839672633      39
0.7583333333333327     19.070072839672633      39
0.7583333333333327     19.070072839672633      39
0.7583333333333327     19.070072839672633      39
0.7583333333333327     19.070072839672633      39
0.7833333333333327     23.657062888359242      37
0.766666666666666     16.920345244993765      39
0.766666666666666     16.920345244993765      39
0.766666666666666     16.920345244993765      39
0.766666666666666     16.920345244993765      39
0.766666666666666     16.920345244993765      39
0.766666666666666     16.920345244993765      39
0.766666666666666     16.920345244993765      39
0.766666666666666     16.920345244993765      39
0.766666666666666     16.920345244993765      39
0.766666666666666     16.920345244993765      39
0.766666666666666     16.920345244993765      39
0.766666666666666     16.920345244993765      39
0.766666666666666     16.920345244993765      39
0.766666666666666     16.920345244993765      39
0.766666666666666     16.920345244993765      39
0.766666666666666     16.920345244993765      39
0.766666666666666     16.920345244993765      39
0.766666666666666     16.920345244993765      39
0.766666666666666     16.920345244993765      39
0.766666666666666     16.920345244993765      39
0.766666666666666     16.920345244993765      39
0.766666666666666     16.920345244993765      39
0.766666666666666     16.920345244993765      39
0.766666666666666     16.920345244993765      39
0.766666666666666     16.920345244993765      39
0.766666666666666     16.920345244993765      39
0.766666666666666     16.920345244993765      39
0.766666666666666     16.920345244993765      39
0.766666666666666     16.920345244993765      39
0.766666666666666     16.920345244993765      39
0.766666666666666     16.920345244993765      39
0.766666666666666     16.920345244993765      39
0.766666666666666     16.920345244993765      39
0.766666666666666     16.920345244993765      39
0.766666666666666     16.920345244993765      39
0.766666666666666     16.920345244993765      39
0.766666666666666     16.920345244993765      39
0.766666666666666     16.920345244993765      39
0.766666666666666     16.920345244993765      39
0.766666666666666     16.920345244993765      39
0.766666666666666     16.920345244993765      39
0.766666666666666     16.920345244993765      39
0.766666666666666     16.920345244993765      39
0.766666666666666     16.920345244993765      39
0.766666666666666     16.920345244993765      39
0.766666666666666     16.920345244993765      39
0.766666666666666     16.920345244993765      39
0.766666666666666     16.920345244993765      39
0.766666666666666     16.920345244993765      39
0.766666666666666     16.920345244993765      39
0.766666666666666     16.920345244993765      39
0.766666666666666     16.920345244993765      39
0.766666666666666     16.920345244993765      39
0.766666666666666     16.920345244993765      39
0.766666666666666     16.920345244993765      39
0.766666666666666     16.920345244993765      39
0.766666666666666     16.920345244993765      39
