0.7916666666666661     30.16620021353149      42
0.7833333333333327     67.02829759498833      41
0.8208333333333326     26.215630645021417      45
0.7999999999999993     31.04791203387665      42
0.7833333333333328     31.04791203387665      41
0.766666666666666     20.37078512929095      38
0.766666666666666     20.37078512929095      38
0.766666666666666     20.37078512929095      38
0.816666666666666     31.04791203387665      44
0.8041666666666659     67.02829759498833      38
0.7749999999999994     20.37078512929095      36
0.7749999999999994     20.37078512929095      36
0.7749999999999994     20.37078512929095      36
0.7749999999999994     20.37078512929095      36
0.7749999999999994     20.37078512929095      36
0.7749999999999994     20.37078512929095      36
0.8291666666666659     30.16620021353149      48
0.8208333333333326     26.215630645021417      43
0.8291666666666659     30.16620021353149      48
0.7833333333333328     19.452447078982416      43
0.7624999999999994     26.215630645021417      33
0.7624999999999994     26.215630645021417      33
0.7624999999999994     26.215630645021417      33
0.7624999999999994     26.215630645021417      33
0.7833333333333328     19.452447078982416      43
0.7624999999999994     26.215630645021417      33
0.7624999999999994     26.215630645021417      33
0.7624999999999994     26.215630645021417      33
0.7624999999999994     26.215630645021417      33
0.7624999999999994     26.215630645021417      33
0.7833333333333328     19.452447078982416      43
0.7624999999999994     26.215630645021417      33
0.7624999999999994     26.215630645021417      33
0.7624999999999994     26.215630645021417      33
0.7624999999999994     26.215630645021417      33
0.7624999999999994     26.215630645021417      33
0.7624999999999994     26.215630645021417      33
0.7624999999999994     26.215630645021417      33
0.7624999999999994     26.215630645021417      33
0.7624999999999994     26.215630645021417      33
0.6791666666666664     18.648871144145197      39
0.6791666666666664     18.648871144145197      39
0.6791666666666664     18.648871144145197      39
0.6791666666666664     18.648871144145197      39
0.6791666666666664     18.648871144145197      39
0.6791666666666664     18.648871144145197      39
0.6791666666666664     18.648871144145197      39
0.7624999999999994     26.215630645021417      33
0.7583333333333327     18.648871144145197      37
0.7583333333333327     18.648871144145197      37
0.7583333333333327     18.648871144145197      37
0.7583333333333327     18.648871144145197      37
0.7583333333333327     18.648871144145197      37
0.7583333333333327     18.648871144145197      37
0.7583333333333327     18.648871144145197      37
0.7749999999999994     20.37078512929095      36
0.791666666666666     15.824755008504791      37
0.791666666666666     15.824755008504791      37
0.791666666666666     15.824755008504791      37
0.791666666666666     15.824755008504791      37
0.791666666666666     15.824755008504791      37
0.791666666666666     15.824755008504791      37
0.791666666666666     15.824755008504791      37
0.791666666666666     15.824755008504791      37
0.791666666666666     15.824755008504791      37
0.791666666666666     15.824755008504791      37
0.791666666666666     15.824755008504791      37
0.791666666666666     15.824755008504791      37
0.791666666666666     15.824755008504791      37
0.791666666666666     15.824755008504791      37
0.791666666666666     15.824755008504791      37
0.791666666666666     15.824755008504791      37
0.791666666666666     15.824755008504791      37
0.791666666666666     15.824755008504791      37
0.7916666666666661     19.452447078982416      41
0.791666666666666     15.824755008504791      37
0.791666666666666     15.824755008504791      37
0.791666666666666     15.824755008504791      37
0.8124999999999993     24.465619829022245      43
0.791666666666666     15.824755008504791      37
0.791666666666666     15.824755008504791      37
0.791666666666666     15.824755008504791      37
0.791666666666666     15.824755008504791      37
0.791666666666666     15.824755008504791      37
0.791666666666666     15.824755008504791      37
0.791666666666666     15.824755008504791      37
0.8124999999999993     23.657062888359242      42
0.791666666666666     15.824755008504791      37
0.791666666666666     15.824755008504791      37
0.8291666666666659     26.215630645021417      40
0.791666666666666     15.824755008504791      37
0.7624999999999994     16.920345244993765      36
0.791666666666666     15.824755008504791      37
0.791666666666666     15.824755008504791      37
0.791666666666666     15.824755008504791      37
0.791666666666666     15.824755008504791      37
0.791666666666666     15.824755008504791      37
0.791666666666666     15.824755008504791      37
0.791666666666666     15.824755008504791      37
0.791666666666666     15.824755008504791      37
0.791666666666666     15.824755008504791      37
0.791666666666666     15.824755008504791      37
0.791666666666666     15.824755008504791      37
0.791666666666666     15.824755008504791      37
0.8291666666666659     26.215630645021417      40
0.8291666666666659     26.215630645021417      40
0.8291666666666659     26.215630645021417      40
0.791666666666666     15.824755008504791      37
0.791666666666666     15.824755008504791      37
0.8291666666666659     26.215630645021417      40
0.8291666666666659     26.215630645021417      40
0.8291666666666659     26.215630645021417      40
0.8291666666666659     26.215630645021417      40
0.8291666666666659     26.215630645021417      40
0.8291666666666659     26.215630645021417      40
0.8291666666666659     26.215630645021417      40
0.791666666666666     15.824755008504791      37
0.791666666666666     15.824755008504791      37
0.791666666666666     15.824755008504791      37
0.791666666666666     15.824755008504791      37
0.8291666666666659     26.215630645021417      40
0.8291666666666659     26.215630645021417      40
0.8291666666666659     26.215630645021417      40
0.8291666666666659     26.215630645021417      40
0.8291666666666659     26.215630645021417      40
0.8291666666666659     26.215630645021417      40
0.791666666666666     15.824755008504791      37
0.791666666666666     15.824755008504791      37
0.8291666666666659     26.215630645021417      40
0.8291666666666659     26.215630645021417      40
0.8291666666666659     26.215630645021417      40
0.8291666666666659     26.215630645021417      40
0.8291666666666659     26.215630645021417      40
0.791666666666666     15.824755008504791      37
0.791666666666666     15.824755008504791      37
0.8291666666666659     26.215630645021417      40
0.8291666666666659     26.215630645021417      40
0.8291666666666659     26.215630645021417      40
0.8291666666666659     26.215630645021417      40
0.8291666666666659     26.215630645021417      40
0.8291666666666659     26.215630645021417      40
0.8291666666666659     26.215630645021417      40
0.8291666666666659     26.215630645021417      40
0.8291666666666659     26.215630645021417      40
0.8291666666666659     26.215630645021417      40
0.8291666666666659     26.215630645021417      40
0.791666666666666     15.824755008504791      37
0.791666666666666     15.824755008504791      37
0.791666666666666     15.824755008504791      37
0.791666666666666     15.824755008504791      37
0.791666666666666     15.824755008504791      37
0.791666666666666     15.824755008504791      37
0.791666666666666     15.824755008504791      37
0.791666666666666     15.824755008504791      37
0.791666666666666     15.824755008504791      37
0.791666666666666     15.824755008504791      37
0.791666666666666     15.824755008504791      37
0.791666666666666     15.824755008504791      37
0.791666666666666     15.824755008504791      37
0.791666666666666     15.824755008504791      37
0.791666666666666     15.824755008504791      37
0.791666666666666     15.824755008504791      37
0.791666666666666     15.824755008504791      37
0.791666666666666     15.824755008504791      37
0.791666666666666     15.824755008504791      37
0.791666666666666     15.824755008504791      37
0.791666666666666     15.824755008504791      37
0.8291666666666659     26.215630645021417      40
0.791666666666666     15.824755008504791      37
0.791666666666666     15.824755008504791      37
0.791666666666666     15.824755008504791      37
0.791666666666666     15.824755008504791      37
0.8291666666666659     26.215630645021417      40
0.791666666666666     15.824755008504791      37
0.791666666666666     15.824755008504791      37
0.791666666666666     15.824755008504791      37
0.791666666666666     15.824755008504791      37
0.791666666666666     15.824755008504791      37
0.791666666666666     15.824755008504791      37
0.791666666666666     15.824755008504791      37
0.791666666666666     15.824755008504791      37
0.791666666666666     15.824755008504791      37
0.791666666666666     15.824755008504791      37
0.791666666666666     15.824755008504791      37
0.791666666666666     15.824755008504791      37
0.791666666666666     15.824755008504791      37
0.791666666666666     15.824755008504791      37
0.791666666666666     15.824755008504791      37
0.791666666666666     15.824755008504791      37
0.791666666666666     15.824755008504791      37
0.791666666666666     15.824755008504791      37
0.791666666666666     15.824755008504791      37
0.791666666666666     15.824755008504791      37
0.791666666666666     15.824755008504791      37
0.791666666666666     15.824755008504791      37
0.791666666666666     15.824755008504791      37
0.791666666666666     15.824755008504791      37
0.791666666666666     15.824755008504791      37
0.791666666666666     15.824755008504791      37
0.8291666666666659     26.215630645021417      40
