0.7999999999999994     30.16620021353149      39
0.8041666666666659     31.04791203387665      44
0.7874999999999993     30.16620021353149      44
0.7874999999999993     31.04791203387665      47
0.779166666666666     30.16620021353149      45
0.7999999999999993     34.52477394677945      45
0.7624999999999994     20.39175167657723      41
0.7541666666666661     30.16620021353149      45
0.8208333333333326     67.02829759498833      49
0.8041666666666659     67.02829759498833      44
0.7333333333333327     31.04791203387665      47
0.7916666666666661     34.52477394677945      41
0.791666666666666     67.02829759498833      44
0.7333333333333328     34.52477394677945      43
0.8124999999999992     34.52477394677945      46
0.7874999999999993     67.02829759498833      46
0.779166666666666     67.02829759498833      39
0.7708333333333328     67.02829759498833      42
0.8124999999999993     34.52477394677945      48
0.7541666666666662     34.52477394677945      46
